#
# A fatal error has been detected by the Java Runtime Environment:
#
#  EXCEPTION_ACCESS_VIOLATION (0xc0000005) at pc=0x000001bfc814e87e, pid=7840, tid=4976
#
# JRE version: OpenJDK Runtime Environment Corretto-11.0.25.9.1 (11.0.25+9) (build 11.0.25+9-LTS)
# Java VM: OpenJDK 64-Bit Server VM Corretto-11.0.25.9.1 (11.0.25+9-LTS, mixed mode, tiered, compressed oops, g1 gc, windows-amd64)
# Problematic frame:
# J 790 c1 java.util.WeakHashMap$Entry.<init>(Ljava/lang/Object;Ljava/lang/Object;Ljava/lang/ref/ReferenceQueue;ILjava/util/WeakHashMap$Entry;)V java.base@11.0.25 (24 bytes) @ 0x000001bfc814e87e [0x000001bfc814e7e0+0x000000000000009e]
#
# No core dump will be written. Minidumps are not enabled by default on client versions of Windows
#
# If you would like to submit a bug report, please visit:
#   https://github.com/corretto/corretto-11/issues/
#

---------------  S U M M A R Y ------------

Command Line: -ea -Didea.test.cyclic.buffer.size=1048576 -javaagent:C:\Program Files\JetBrains\IntelliJ IDEA 2024.1.2\lib\idea_rt.jar=51181:C:\Program Files\JetBrains\IntelliJ IDEA 2024.1.2\bin -Dfile.encoding=UTF-8 com.intellij.rt.junit.JUnitStarter -ideVersion5 -junit5 GuerrillaMailApi,createRandomAccount

Host: Intel(R) Core(TM) i7-7700K CPU @ 4.20GHz, 8 cores, 31G,  Windows 11 , 64 bit Build 26100 (10.0.26100.2161)
Time: Wed Nov 13 18:05:32 2024  Windows 11 , 64 bit Build 26100 (10.0.26100.2161) elapsed time: 0.427685 seconds (0d 0h 0m 0s)

---------------  T H R E A D  ---------------

Current thread (0x000001bfbf2c4800):  JavaThread "main" [_thread_in_Java, id=4976, stack(0x0000001269d00000,0x0000001269e00000)]

Stack: [0x0000001269d00000,0x0000001269e00000],  sp=0x0000001269dfd190,  free space=1012k
Native frames: (J=compiled Java code, j=interpreted, Vv=VM code, C=native code)
C  0x000001bfc814e87e


siginfo: EXCEPTION_ACCESS_VIOLATION (0xc0000005), writing address 0x000001beed05f090


Register to memory mapping:

RIP=0x000001bfc814e87e is at entry_point+158 in (nmethod*)0x000001bfc814e610
RAX=0x000001beed05ef50 is an unknown value
RBX=0x000000061ff4f500 is an oop: java.util.WeakHashMap$Entry 
{0x000000061ff4f500} - klass: 'java/util/WeakHashMap$Entry'
 - ---- fields (total size 5 words):
 - private strict 'referent' 'Ljava/lang/Object;' @12  NULL (0)
 - volatile strict 'queue' 'Ljava/lang/ref/ReferenceQueue;' @16  NULL (0)
 - volatile 'next' 'Ljava/lang/ref/Reference;' @20  NULL (0)
 - private transient strict 'discovered' 'Ljava/lang/ref/Reference;' @24  NULL (0)
 - final 'hash' 'I' @28  0
 - strict 'value' 'Ljava/lang/Object;' @32  NULL (0)
 - strict 'next' 'Ljava/util/WeakHashMap$Entry;' @36  NULL (0)
RCX=0x0 is NULL
RDX=0x000000061ff4f500 is an oop: java.util.WeakHashMap$Entry 
{0x000000061ff4f500} - klass: 'java/util/WeakHashMap$Entry'
 - ---- fields (total size 5 words):
 - private strict 'referent' 'Ljava/lang/Object;' @12  NULL (0)
 - volatile strict 'queue' 'Ljava/lang/ref/ReferenceQueue;' @16  NULL (0)
 - volatile 'next' 'Ljava/lang/ref/Reference;' @20  NULL (0)
 - private transient strict 'discovered' 'Ljava/lang/ref/Reference;' @24  NULL (0)
 - final 'hash' 'I' @28  0
 - strict 'value' 'Ljava/lang/Object;' @32  NULL (0)
 - strict 'next' 'Ljava/util/WeakHashMap$Entry;' @36  NULL (0)
RSP=0x0000001269dfd190 is pointing into the stack for thread: 0x000001bfbf2c4800
RBP=0x0000001269dfd2a8 is pointing into the stack for thread: 0x000001bfbf2c4800
RSI=0x000000002fb8d185 is an unknown value
RDI=0x00000006208a52a0 is an oop: java.lang.ref.ReferenceQueue 
{0x00000006208a52a0} - klass: 'java/lang/ref/ReferenceQueue'
 - ---- fields (total size 4 words):
 - private final 'lock' 'Ljava/lang/ref/ReferenceQueue$Lock;' @12  a 'java/lang/ref/ReferenceQueue$Lock'{0x00000006208a52c0} (c4114a58)
 - private 'queueLength' 'J' @16  0 (0 0)
 - private volatile strict 'head' 'Ljava/lang/ref/Reference;' @24  NULL (0)
R8 =0x000000061ff4dd08 is an oop: java.util.zip.ZipFile$ZipFileInflaterInputStream 
{0x000000061ff4dd08} - klass: 'java/util/zip/ZipFile$ZipFileInflaterInputStream'
 - ---- fields (total size 7 words):
 - protected volatile 'in' 'Ljava/io/InputStream;' @12  a 'java/util/zip/ZipFile$ZipFileInputStream'{0x000000061ff4dcd8} (c3fe9b9b)
 - protected 'len' 'I' @16  0
 - private 'closed' 'Z' @20  false
 - private 'reachEOF' 'Z' @21  false
 - 'usesDefaultInflater' 'Z' @22  false
 - protected 'inf' 'Ljava/util/zip/Inflater;' @24  a 'java/util/zip/Inflater'{0x0000000620698f00} (c40d31e0)
 - protected 'buf' '[B' @28  [B{0x000000061ff4df68} (c3fe9bed)
 - private 'singleByteBuf' '[B' @32  [B{0x000000061ff4dd40} (c3fe9ba8)
 - private 'b' '[B' @36  [B{0x000000061ff4dd58} (c3fe9bab)
 - private volatile 'closeRequested' 'Z' @40  false
 - private 'eof' 'Z' @41  false
 - private final 'cleanable' 'Ljava/lang/ref/Cleaner$Cleanable;' @44  a 'jdk/internal/ref/CleanerImpl$PhantomCleanableRef'{0x000000061ff4f4d0} (c3fe9e9a)
 - final synthetic 'this$0' 'Ljava/util/zip/ZipFile;' @48  a 'java/util/jar/JarFile'{0x00000006208a4ff0} (c41149fe)
R9 =0x0000000620c2ec18 is an oop: java.lang.Boolean 
{0x0000000620c2ec18} - klass: 'java/lang/Boolean'
 - ---- fields (total size 2 words):
 - private final 'value' 'Z' @12  true
R10=0x00007ffed58dd390 jvm.dll
R11=0x000001bfc814e800 is at entry_point+32 in (nmethod*)0x000001bfc814e610
R12=0x0 is NULL
R13=0x0000001269dfd218 is pointing into the stack for thread: 0x000001bfbf2c4800
R14=0x0000001269dfd2f8 is pointing into the stack for thread: 0x000001bfbf2c4800
R15=0x000001bfbf2c4800 is a thread


Registers:
RAX=0x000001beed05ef50, RBX=0x000000061ff4f500, RCX=0x0000000000000000, RDX=0x000000061ff4f500
RSP=0x0000001269dfd190, RBP=0x0000001269dfd2a8, RSI=0x000000002fb8d185, RDI=0x00000006208a52a0
R8 =0x000000061ff4dd08, R9 =0x0000000620c2ec18, R10=0x00007ffed58dd390, R11=0x000001bfc814e800
R12=0x0000000000000000, R13=0x0000001269dfd218, R14=0x0000001269dfd2f8, R15=0x000001bfbf2c4800
RIP=0x000001bfc814e87e, EFLAGS=0x0000000000010202

Top of Stack: (sp=0x0000001269dfd190)
0x0000001269dfd190:   000001bfec8c0788 0000001269dfd1f0
0x0000001269dfd1a0:   000001bfede020f8 000000061ff4dd08
0x0000001269dfd1b0:   000000061ff4dd08 000001bfc7a69f40
0x0000001269dfd1c0:   0000001269dfd230 000001bfc7a69f40
0x0000001269dfd1d0:   00000006208a5270 000001bfc80d8f3c
0x0000001269dfd1e0:   0000000000000820 000000061ff4dd58
0x0000001269dfd1f0:   0000001269dfd2a8 000001bfc80951cc
0x0000001269dfd200:   0000001269dfd2a8 000001bfc7a6a527
0x0000001269dfd210:   000001bfc7a6a527 0000000000000000
0x0000001269dfd220:   000000002fb8d185 00000006208a52a0
0x0000001269dfd230:   0000000620c2ec18 000000061ff4dd08
0x0000001269dfd240:   000000061ff4f500 000000061ff4f500
0x0000001269dfd250:   0000000000000005 00000006208a52d0
0x0000001269dfd260:   0000001269dfd260 000001bfecb51831
0x0000001269dfd270:   0000001269dfd2f8 000001bfecb52a98
0x0000001269dfd280:   0000000000000000 0000000620c6b2b0 

Instructions: (pc=0x000001bfc814e87e)
0x000001bfc814e77e:   ff ff ff ff ff ff 00 00 00 00 17 60 15 c0 2b c0
0x000001bfc814e78e:   12 c0 2b c0 12 c0 2b c0 12 c0 59 c0 36 c0 10 10
0x000001bfc814e79e:   a6 b0 04 c0 17 64 0a c0 17 64 0a c0 17 64 0a c0
0x000001bfc814e7ae:   17 64 1f 64 18 64 1f 64 18 64 1f 64 18 64 1f 64
0x000001bfc814e7be:   18 64 3a 64 24 00 00 64 03 f8 68 d5 18 a3 fe 7f
0x000001bfc814e7ce:   05 70 0e 60 01 f8 7e ff 0e 90 0c 64 00 00 00 00
0x000001bfc814e7de:   00 00 44 8b 52 08 49 bc 00 00 00 00 08 00 00 00
0x000001bfc814e7ee:   4d 03 d4 4d 33 e4 4c 3b d0 0f 85 83 cb 95 ff 66
0x000001bfc814e7fe:   66 90 89 84 24 00 90 ff ff 55 48 83 ec 70 48 bb
0x000001bfc814e80e:   50 30 fa ed bf 01 00 00 8b 83 00 01 00 00 83 c0
0x000001bfc814e81e:   08 89 83 00 01 00 00 81 e0 f8 1f 00 00 83 f8 00
0x000001bfc814e82e:   0f 84 d8 01 00 00 48 8b da 48 b8 50 30 fa ed bf
0x000001bfc814e83e:   01 00 00 48 83 80 40 01 00 00 01 48 bb 50 ef 05
0x000001bfc814e84e:   ed bf 01 00 00 8b 83 00 01 00 00 83 c0 08 89 83
0x000001bfc814e85e:   00 01 00 00 81 e0 f8 ff 7f 00 83 f8 00 0f 84 bc
0x000001bfc814e86e:   01 00 00 48 8b da 48 b8 50 ef 05 ed be 01 00 00
0x000001bfc814e87e:   48 83 80 40 01 00 00 01 48 bb 10 f2 ca ec bf 01
0x000001bfc814e88e:   00 00 8b 83 00 01 00 00 83 c0 08 89 83 00 01 00
0x000001bfc814e89e:   00 81 e0 f8 ff 7f 00 83 f8 00 0f 84 a0 01 00 00
0x000001bfc814e8ae:   48 8b da 48 b8 10 f2 ca ec bf 01 00 00 48 83 80
0x000001bfc814e8be:   40 01 00 00 01 48 bb 68 6a ac ec bf 01 00 00 8b
0x000001bfc814e8ce:   83 00 01 00 00 83 c0 08 89 83 00 01 00 00 81 e0
0x000001bfc814e8de:   f8 ff 7f 00 83 f8 00 0f 84 84 01 00 00 41 0f be
0x000001bfc814e8ee:   5f 30 83 fb 00 0f 85 97 01 00 00 4d 8b d0 49 c1
0x000001bfc814e8fe:   ea 03 44 89 52 0c 48 8b da 49 33 d8 48 c1 eb 15
0x000001bfc814e90e:   48 83 fb 00 0f 85 97 01 00 00 48 83 ff 00 48 bb
0x000001bfc814e91e:   10 f2 ca ec bf 01 00 00 48 b8 50 01 00 00 00 00
0x000001bfc814e92e:   00 00 0f 85 0a 00 00 00 48 b8 60 01 00 00 00 00
0x000001bfc814e93e:   00 00 4c 8b 04 03 4d 8d 40 01 4c 89 04 03 0f 85
0x000001bfc814e94e:   1a 00 00 00 48 bf 10 f2 ca ec bf 01 00 00 ff 87
0x000001bfc814e95e:   70 01 00 00 48 bf 68 89 c0 20 06 00 00 00 41 0f
0x000001bfc814e96e:   be 5f 30 83 fb 00 0f 85 4d 01 00 00 4c 8b d7 49 


Stack slot to memory mapping:
stack at sp + 0 slots: {method} {0x000001bfec8c0790} 'hashCode' '()I' in 'java/lang/Object'
stack at sp + 1 slots: 0x0000001269dfd1f0 is pointing into the stack for thread: 0x000001bfbf2c4800
stack at sp + 2 slots: 0x000001bfede020f8 is pointing into metadata
stack at sp + 3 slots: 0x000000061ff4dd08 is an oop: java.util.zip.ZipFile$ZipFileInflaterInputStream 
{0x000000061ff4dd08} - klass: 'java/util/zip/ZipFile$ZipFileInflaterInputStream'
 - ---- fields (total size 7 words):
 - protected volatile 'in' 'Ljava/io/InputStream;' @12  a 'java/util/zip/ZipFile$ZipFileInputStream'{0x000000061ff4dcd8} (c3fe9b9b)
 - protected 'len' 'I' @16  0
 - private 'closed' 'Z' @20  false
 - private 'reachEOF' 'Z' @21  false
 - 'usesDefaultInflater' 'Z' @22  false
 - protected 'inf' 'Ljava/util/zip/Inflater;' @24  a 'java/util/zip/Inflater'{0x0000000620698f00} (c40d31e0)
 - protected 'buf' '[B' @28  [B{0x000000061ff4df68} (c3fe9bed)
 - private 'singleByteBuf' '[B' @32  [B{0x000000061ff4dd40} (c3fe9ba8)
 - private 'b' '[B' @36  [B{0x000000061ff4dd58} (c3fe9bab)
 - private volatile 'closeRequested' 'Z' @40  false
 - private 'eof' 'Z' @41  false
 - private final 'cleanable' 'Ljava/lang/ref/Cleaner$Cleanable;' @44  a 'jdk/internal/ref/CleanerImpl$PhantomCleanableRef'{0x000000061ff4f4d0} (c3fe9e9a)
 - final synthetic 'this$0' 'Ljava/util/zip/ZipFile;' @48  a 'java/util/jar/JarFile'{0x00000006208a4ff0} (c41149fe)
stack at sp + 4 slots: 0x000000061ff4dd08 is an oop: java.util.zip.ZipFile$ZipFileInflaterInputStream 
{0x000000061ff4dd08} - klass: 'java/util/zip/ZipFile$ZipFileInflaterInputStream'
 - ---- fields (total size 7 words):
 - protected volatile 'in' 'Ljava/io/InputStream;' @12  a 'java/util/zip/ZipFile$ZipFileInputStream'{0x000000061ff4dcd8} (c3fe9b9b)
 - protected 'len' 'I' @16  0
 - private 'closed' 'Z' @20  false
 - private 'reachEOF' 'Z' @21  false
 - 'usesDefaultInflater' 'Z' @22  false
 - protected 'inf' 'Ljava/util/zip/Inflater;' @24  a 'java/util/zip/Inflater'{0x0000000620698f00} (c40d31e0)
 - protected 'buf' '[B' @28  [B{0x000000061ff4df68} (c3fe9bed)
 - private 'singleByteBuf' '[B' @32  [B{0x000000061ff4dd40} (c3fe9ba8)
 - private 'b' '[B' @36  [B{0x000000061ff4dd58} (c3fe9bab)
 - private volatile 'closeRequested' 'Z' @40  false
 - private 'eof' 'Z' @41  false
 - private final 'cleanable' 'Ljava/lang/ref/Cleaner$Cleanable;' @44  a 'jdk/internal/ref/CleanerImpl$PhantomCleanableRef'{0x000000061ff4f4d0} (c3fe9e9a)
 - final synthetic 'this$0' 'Ljava/util/zip/ZipFile;' @48  a 'java/util/jar/JarFile'{0x00000006208a4ff0} (c41149fe)
stack at sp + 5 slots: 0x000001bfc7a69f40 is at code_begin+832 in an Interpreter codelet
invoke return entry points  [0x000001bfc7a69c00, 0x000001bfc7a6a600]  2560 bytes
stack at sp + 6 slots: 0x0000001269dfd230 is pointing into the stack for thread: 0x000001bfbf2c4800
stack at sp + 7 slots: 0x000001bfc7a69f40 is at code_begin+832 in an Interpreter codelet
invoke return entry points  [0x000001bfc7a69c00, 0x000001bfc7a6a600]  2560 bytes



---------------  P R O C E S S  ---------------

Threads class SMR info:
_java_thread_list=0x000001bfed6e5ce0, length=12, elements={
0x000001bfbf2c4800, 0x000001bfed213000, 0x000001bfed21e800, 0x000001bfed274800,
0x000001bfed278000, 0x000001bfed279000, 0x000001bfed284000, 0x000001bfed2bb000,
0x000001bfed2d6800, 0x000001bfed433800, 0x000001bfed450800, 0x000001bfed6fd800
}

Java Threads: ( => current thread )
=>0x000001bfbf2c4800 JavaThread "main" [_thread_in_Java, id=4976, stack(0x0000001269d00000,0x0000001269e00000)]
  0x000001bfed213000 JavaThread "Reference Handler" daemon [_thread_blocked, id=8536, stack(0x000000126a400000,0x000000126a500000)]
  0x000001bfed21e800 JavaThread "Finalizer" daemon [_thread_blocked, id=8508, stack(0x000000126a500000,0x000000126a600000)]
  0x000001bfed274800 JavaThread "Signal Dispatcher" daemon [_thread_blocked, id=7544, stack(0x000000126a600000,0x000000126a700000)]
  0x000001bfed278000 JavaThread "Attach Listener" daemon [_thread_blocked, id=8268, stack(0x000000126a700000,0x000000126a800000)]
  0x000001bfed279000 JavaThread "Service Thread" daemon [_thread_blocked, id=18748, stack(0x000000126a800000,0x000000126a900000)]
  0x000001bfed284000 JavaThread "C2 CompilerThread0" daemon [_thread_blocked, id=5000, stack(0x000000126a900000,0x000000126aa00000)]
  0x000001bfed2bb000 JavaThread "C1 CompilerThread0" daemon [_thread_blocked, id=5068, stack(0x000000126aa00000,0x000000126ab00000)]
  0x000001bfed2d6800 JavaThread "Sweeper thread" daemon [_thread_blocked, id=14892, stack(0x000000126ab00000,0x000000126ac00000)]
  0x000001bfed433800 JavaThread "Common-Cleaner" daemon [_thread_blocked, id=336, stack(0x000000126ac00000,0x000000126ad00000)]
  0x000001bfed450800 JavaThread "C2 CompilerThread1" daemon [_thread_blocked, id=6536, stack(0x000000126ad00000,0x000000126ae00000)]
  0x000001bfed6fd800 JavaThread "Monitor Ctrl-Break" daemon [_thread_in_native, id=10168, stack(0x000000126ae00000,0x000000126af00000)]

Other Threads:
  0x000001bfed1ee800 VMThread "VM Thread" [stack: 0x000000126a300000,0x000000126a400000] [id=18464]
  0x000001bfed6fe800 WatcherThread [stack: 0x000000126af00000,0x000000126b000000] [id=9400]
  0x000001bfbf2df800 GCTaskThread "GC Thread#0" [stack: 0x0000001269e00000,0x0000001269f00000] [id=6272]
  0x000001bfbf360800 ConcurrentGCThread "G1 Main Marker" [stack: 0x0000001269f00000,0x000000126a000000] [id=20936]
  0x000001bfbf362800 ConcurrentGCThread "G1 Conc#0" [stack: 0x000000126a000000,0x000000126a100000] [id=6956]
  0x000001bfbf364800 ConcurrentGCThread "G1 Refine#0" [stack: 0x000000126a100000,0x000000126a200000] [id=10116]
  0x000001bfec859000 ConcurrentGCThread "G1 Young RemSet Sampling" [stack: 0x000000126a200000,0x000000126a300000] [id=8880]

Threads with active compile tasks:

VM state:not at safepoint (normal execution)

VM Mutex/Monitor currently owned by a thread: None

Heap address: 0x0000000600e00000, size: 8178 MB, Compressed Oops mode: Zero based, Oop shift amount: 3
Narrow klass base: 0x0000000800000000, Narrow klass shift: 0
Compressed class space size: 1073741824 Address: 0x0000000800000000

Heap:
 garbage-first heap   total 524288K, used 14336K [0x0000000600e00000, 0x0000000800000000)
  region size 2048K, 8 young (16384K), 0 survivors (0K)
 Metaspace       used 11885K, capacity 12379K, committed 12416K, reserved 1060864K
  class space    used 1226K, capacity 1392K, committed 1408K, reserved 1048576K
Heap Regions: E=young(eden), S=young(survivor), O=old, HS=humongous(starts), HC=humongous(continues), CS=collection set, F=free, A=archive, TAMS=top-at-mark-start (previous, next)
|   0|0x0000000600e00000, 0x0000000600e00000, 0x0000000601000000|  0%| F|  |TAMS 0x0000000600e00000, 0x0000000600e00000| Untracked 
|   1|0x0000000601000000, 0x0000000601000000, 0x0000000601200000|  0%| F|  |TAMS 0x0000000601000000, 0x0000000601000000| Untracked 
|   2|0x0000000601200000, 0x0000000601200000, 0x0000000601400000|  0%| F|  |TAMS 0x0000000601200000, 0x0000000601200000| Untracked 
|   3|0x0000000601400000, 0x0000000601400000, 0x0000000601600000|  0%| F|  |TAMS 0x0000000601400000, 0x0000000601400000| Untracked 
|   4|0x0000000601600000, 0x0000000601600000, 0x0000000601800000|  0%| F|  |TAMS 0x0000000601600000, 0x0000000601600000| Untracked 
|   5|0x0000000601800000, 0x0000000601800000, 0x0000000601a00000|  0%| F|  |TAMS 0x0000000601800000, 0x0000000601800000| Untracked 
|   6|0x0000000601a00000, 0x0000000601a00000, 0x0000000601c00000|  0%| F|  |TAMS 0x0000000601a00000, 0x0000000601a00000| Untracked 
|   7|0x0000000601c00000, 0x0000000601c00000, 0x0000000601e00000|  0%| F|  |TAMS 0x0000000601c00000, 0x0000000601c00000| Untracked 
|   8|0x0000000601e00000, 0x0000000601e00000, 0x0000000602000000|  0%| F|  |TAMS 0x0000000601e00000, 0x0000000601e00000| Untracked 
|   9|0x0000000602000000, 0x0000000602000000, 0x0000000602200000|  0%| F|  |TAMS 0x0000000602000000, 0x0000000602000000| Untracked 
|  10|0x0000000602200000, 0x0000000602200000, 0x0000000602400000|  0%| F|  |TAMS 0x0000000602200000, 0x0000000602200000| Untracked 
|  11|0x0000000602400000, 0x0000000602400000, 0x0000000602600000|  0%| F|  |TAMS 0x0000000602400000, 0x0000000602400000| Untracked 
|  12|0x0000000602600000, 0x0000000602600000, 0x0000000602800000|  0%| F|  |TAMS 0x0000000602600000, 0x0000000602600000| Untracked 
|  13|0x0000000602800000, 0x0000000602800000, 0x0000000602a00000|  0%| F|  |TAMS 0x0000000602800000, 0x0000000602800000| Untracked 
|  14|0x0000000602a00000, 0x0000000602a00000, 0x0000000602c00000|  0%| F|  |TAMS 0x0000000602a00000, 0x0000000602a00000| Untracked 
|  15|0x0000000602c00000, 0x0000000602c00000, 0x0000000602e00000|  0%| F|  |TAMS 0x0000000602c00000, 0x0000000602c00000| Untracked 
|  16|0x0000000602e00000, 0x0000000602e00000, 0x0000000603000000|  0%| F|  |TAMS 0x0000000602e00000, 0x0000000602e00000| Untracked 
|  17|0x0000000603000000, 0x0000000603000000, 0x0000000603200000|  0%| F|  |TAMS 0x0000000603000000, 0x0000000603000000| Untracked 
|  18|0x0000000603200000, 0x0000000603200000, 0x0000000603400000|  0%| F|  |TAMS 0x0000000603200000, 0x0000000603200000| Untracked 
|  19|0x0000000603400000, 0x0000000603400000, 0x0000000603600000|  0%| F|  |TAMS 0x0000000603400000, 0x0000000603400000| Untracked 
|  20|0x0000000603600000, 0x0000000603600000, 0x0000000603800000|  0%| F|  |TAMS 0x0000000603600000, 0x0000000603600000| Untracked 
|  21|0x0000000603800000, 0x0000000603800000, 0x0000000603a00000|  0%| F|  |TAMS 0x0000000603800000, 0x0000000603800000| Untracked 
|  22|0x0000000603a00000, 0x0000000603a00000, 0x0000000603c00000|  0%| F|  |TAMS 0x0000000603a00000, 0x0000000603a00000| Untracked 
|  23|0x0000000603c00000, 0x0000000603c00000, 0x0000000603e00000|  0%| F|  |TAMS 0x0000000603c00000, 0x0000000603c00000| Untracked 
|  24|0x0000000603e00000, 0x0000000603e00000, 0x0000000604000000|  0%| F|  |TAMS 0x0000000603e00000, 0x0000000603e00000| Untracked 
|  25|0x0000000604000000, 0x0000000604000000, 0x0000000604200000|  0%| F|  |TAMS 0x0000000604000000, 0x0000000604000000| Untracked 
|  26|0x0000000604200000, 0x0000000604200000, 0x0000000604400000|  0%| F|  |TAMS 0x0000000604200000, 0x0000000604200000| Untracked 
|  27|0x0000000604400000, 0x0000000604400000, 0x0000000604600000|  0%| F|  |TAMS 0x0000000604400000, 0x0000000604400000| Untracked 
|  28|0x0000000604600000, 0x0000000604600000, 0x0000000604800000|  0%| F|  |TAMS 0x0000000604600000, 0x0000000604600000| Untracked 
|  29|0x0000000604800000, 0x0000000604800000, 0x0000000604a00000|  0%| F|  |TAMS 0x0000000604800000, 0x0000000604800000| Untracked 
|  30|0x0000000604a00000, 0x0000000604a00000, 0x0000000604c00000|  0%| F|  |TAMS 0x0000000604a00000, 0x0000000604a00000| Untracked 
|  31|0x0000000604c00000, 0x0000000604c00000, 0x0000000604e00000|  0%| F|  |TAMS 0x0000000604c00000, 0x0000000604c00000| Untracked 
|  32|0x0000000604e00000, 0x0000000604e00000, 0x0000000605000000|  0%| F|  |TAMS 0x0000000604e00000, 0x0000000604e00000| Untracked 
|  33|0x0000000605000000, 0x0000000605000000, 0x0000000605200000|  0%| F|  |TAMS 0x0000000605000000, 0x0000000605000000| Untracked 
|  34|0x0000000605200000, 0x0000000605200000, 0x0000000605400000|  0%| F|  |TAMS 0x0000000605200000, 0x0000000605200000| Untracked 
|  35|0x0000000605400000, 0x0000000605400000, 0x0000000605600000|  0%| F|  |TAMS 0x0000000605400000, 0x0000000605400000| Untracked 
|  36|0x0000000605600000, 0x0000000605600000, 0x0000000605800000|  0%| F|  |TAMS 0x0000000605600000, 0x0000000605600000| Untracked 
|  37|0x0000000605800000, 0x0000000605800000, 0x0000000605a00000|  0%| F|  |TAMS 0x0000000605800000, 0x0000000605800000| Untracked 
|  38|0x0000000605a00000, 0x0000000605a00000, 0x0000000605c00000|  0%| F|  |TAMS 0x0000000605a00000, 0x0000000605a00000| Untracked 
|  39|0x0000000605c00000, 0x0000000605c00000, 0x0000000605e00000|  0%| F|  |TAMS 0x0000000605c00000, 0x0000000605c00000| Untracked 
|  40|0x0000000605e00000, 0x0000000605e00000, 0x0000000606000000|  0%| F|  |TAMS 0x0000000605e00000, 0x0000000605e00000| Untracked 
|  41|0x0000000606000000, 0x0000000606000000, 0x0000000606200000|  0%| F|  |TAMS 0x0000000606000000, 0x0000000606000000| Untracked 
|  42|0x0000000606200000, 0x0000000606200000, 0x0000000606400000|  0%| F|  |TAMS 0x0000000606200000, 0x0000000606200000| Untracked 
|  43|0x0000000606400000, 0x0000000606400000, 0x0000000606600000|  0%| F|  |TAMS 0x0000000606400000, 0x0000000606400000| Untracked 
|  44|0x0000000606600000, 0x0000000606600000, 0x0000000606800000|  0%| F|  |TAMS 0x0000000606600000, 0x0000000606600000| Untracked 
|  45|0x0000000606800000, 0x0000000606800000, 0x0000000606a00000|  0%| F|  |TAMS 0x0000000606800000, 0x0000000606800000| Untracked 
|  46|0x0000000606a00000, 0x0000000606a00000, 0x0000000606c00000|  0%| F|  |TAMS 0x0000000606a00000, 0x0000000606a00000| Untracked 
|  47|0x0000000606c00000, 0x0000000606c00000, 0x0000000606e00000|  0%| F|  |TAMS 0x0000000606c00000, 0x0000000606c00000| Untracked 
|  48|0x0000000606e00000, 0x0000000606e00000, 0x0000000607000000|  0%| F|  |TAMS 0x0000000606e00000, 0x0000000606e00000| Untracked 
|  49|0x0000000607000000, 0x0000000607000000, 0x0000000607200000|  0%| F|  |TAMS 0x0000000607000000, 0x0000000607000000| Untracked 
|  50|0x0000000607200000, 0x0000000607200000, 0x0000000607400000|  0%| F|  |TAMS 0x0000000607200000, 0x0000000607200000| Untracked 
|  51|0x0000000607400000, 0x0000000607400000, 0x0000000607600000|  0%| F|  |TAMS 0x0000000607400000, 0x0000000607400000| Untracked 
|  52|0x0000000607600000, 0x0000000607600000, 0x0000000607800000|  0%| F|  |TAMS 0x0000000607600000, 0x0000000607600000| Untracked 
|  53|0x0000000607800000, 0x0000000607800000, 0x0000000607a00000|  0%| F|  |TAMS 0x0000000607800000, 0x0000000607800000| Untracked 
|  54|0x0000000607a00000, 0x0000000607a00000, 0x0000000607c00000|  0%| F|  |TAMS 0x0000000607a00000, 0x0000000607a00000| Untracked 
|  55|0x0000000607c00000, 0x0000000607c00000, 0x0000000607e00000|  0%| F|  |TAMS 0x0000000607c00000, 0x0000000607c00000| Untracked 
|  56|0x0000000607e00000, 0x0000000607e00000, 0x0000000608000000|  0%| F|  |TAMS 0x0000000607e00000, 0x0000000607e00000| Untracked 
|  57|0x0000000608000000, 0x0000000608000000, 0x0000000608200000|  0%| F|  |TAMS 0x0000000608000000, 0x0000000608000000| Untracked 
|  58|0x0000000608200000, 0x0000000608200000, 0x0000000608400000|  0%| F|  |TAMS 0x0000000608200000, 0x0000000608200000| Untracked 
|  59|0x0000000608400000, 0x0000000608400000, 0x0000000608600000|  0%| F|  |TAMS 0x0000000608400000, 0x0000000608400000| Untracked 
|  60|0x0000000608600000, 0x0000000608600000, 0x0000000608800000|  0%| F|  |TAMS 0x0000000608600000, 0x0000000608600000| Untracked 
|  61|0x0000000608800000, 0x0000000608800000, 0x0000000608a00000|  0%| F|  |TAMS 0x0000000608800000, 0x0000000608800000| Untracked 
|  62|0x0000000608a00000, 0x0000000608a00000, 0x0000000608c00000|  0%| F|  |TAMS 0x0000000608a00000, 0x0000000608a00000| Untracked 
|  63|0x0000000608c00000, 0x0000000608c00000, 0x0000000608e00000|  0%| F|  |TAMS 0x0000000608c00000, 0x0000000608c00000| Untracked 
|  64|0x0000000608e00000, 0x0000000608e00000, 0x0000000609000000|  0%| F|  |TAMS 0x0000000608e00000, 0x0000000608e00000| Untracked 
|  65|0x0000000609000000, 0x0000000609000000, 0x0000000609200000|  0%| F|  |TAMS 0x0000000609000000, 0x0000000609000000| Untracked 
|  66|0x0000000609200000, 0x0000000609200000, 0x0000000609400000|  0%| F|  |TAMS 0x0000000609200000, 0x0000000609200000| Untracked 
|  67|0x0000000609400000, 0x0000000609400000, 0x0000000609600000|  0%| F|  |TAMS 0x0000000609400000, 0x0000000609400000| Untracked 
|  68|0x0000000609600000, 0x0000000609600000, 0x0000000609800000|  0%| F|  |TAMS 0x0000000609600000, 0x0000000609600000| Untracked 
|  69|0x0000000609800000, 0x0000000609800000, 0x0000000609a00000|  0%| F|  |TAMS 0x0000000609800000, 0x0000000609800000| Untracked 
|  70|0x0000000609a00000, 0x0000000609a00000, 0x0000000609c00000|  0%| F|  |TAMS 0x0000000609a00000, 0x0000000609a00000| Untracked 
|  71|0x0000000609c00000, 0x0000000609c00000, 0x0000000609e00000|  0%| F|  |TAMS 0x0000000609c00000, 0x0000000609c00000| Untracked 
|  72|0x0000000609e00000, 0x0000000609e00000, 0x000000060a000000|  0%| F|  |TAMS 0x0000000609e00000, 0x0000000609e00000| Untracked 
|  73|0x000000060a000000, 0x000000060a000000, 0x000000060a200000|  0%| F|  |TAMS 0x000000060a000000, 0x000000060a000000| Untracked 
|  74|0x000000060a200000, 0x000000060a200000, 0x000000060a400000|  0%| F|  |TAMS 0x000000060a200000, 0x000000060a200000| Untracked 
|  75|0x000000060a400000, 0x000000060a400000, 0x000000060a600000|  0%| F|  |TAMS 0x000000060a400000, 0x000000060a400000| Untracked 
|  76|0x000000060a600000, 0x000000060a600000, 0x000000060a800000|  0%| F|  |TAMS 0x000000060a600000, 0x000000060a600000| Untracked 
|  77|0x000000060a800000, 0x000000060a800000, 0x000000060aa00000|  0%| F|  |TAMS 0x000000060a800000, 0x000000060a800000| Untracked 
|  78|0x000000060aa00000, 0x000000060aa00000, 0x000000060ac00000|  0%| F|  |TAMS 0x000000060aa00000, 0x000000060aa00000| Untracked 
|  79|0x000000060ac00000, 0x000000060ac00000, 0x000000060ae00000|  0%| F|  |TAMS 0x000000060ac00000, 0x000000060ac00000| Untracked 
|  80|0x000000060ae00000, 0x000000060ae00000, 0x000000060b000000|  0%| F|  |TAMS 0x000000060ae00000, 0x000000060ae00000| Untracked 
|  81|0x000000060b000000, 0x000000060b000000, 0x000000060b200000|  0%| F|  |TAMS 0x000000060b000000, 0x000000060b000000| Untracked 
|  82|0x000000060b200000, 0x000000060b200000, 0x000000060b400000|  0%| F|  |TAMS 0x000000060b200000, 0x000000060b200000| Untracked 
|  83|0x000000060b400000, 0x000000060b400000, 0x000000060b600000|  0%| F|  |TAMS 0x000000060b400000, 0x000000060b400000| Untracked 
|  84|0x000000060b600000, 0x000000060b600000, 0x000000060b800000|  0%| F|  |TAMS 0x000000060b600000, 0x000000060b600000| Untracked 
|  85|0x000000060b800000, 0x000000060b800000, 0x000000060ba00000|  0%| F|  |TAMS 0x000000060b800000, 0x000000060b800000| Untracked 
|  86|0x000000060ba00000, 0x000000060ba00000, 0x000000060bc00000|  0%| F|  |TAMS 0x000000060ba00000, 0x000000060ba00000| Untracked 
|  87|0x000000060bc00000, 0x000000060bc00000, 0x000000060be00000|  0%| F|  |TAMS 0x000000060bc00000, 0x000000060bc00000| Untracked 
|  88|0x000000060be00000, 0x000000060be00000, 0x000000060c000000|  0%| F|  |TAMS 0x000000060be00000, 0x000000060be00000| Untracked 
|  89|0x000000060c000000, 0x000000060c000000, 0x000000060c200000|  0%| F|  |TAMS 0x000000060c000000, 0x000000060c000000| Untracked 
|  90|0x000000060c200000, 0x000000060c200000, 0x000000060c400000|  0%| F|  |TAMS 0x000000060c200000, 0x000000060c200000| Untracked 
|  91|0x000000060c400000, 0x000000060c400000, 0x000000060c600000|  0%| F|  |TAMS 0x000000060c400000, 0x000000060c400000| Untracked 
|  92|0x000000060c600000, 0x000000060c600000, 0x000000060c800000|  0%| F|  |TAMS 0x000000060c600000, 0x000000060c600000| Untracked 
|  93|0x000000060c800000, 0x000000060c800000, 0x000000060ca00000|  0%| F|  |TAMS 0x000000060c800000, 0x000000060c800000| Untracked 
|  94|0x000000060ca00000, 0x000000060ca00000, 0x000000060cc00000|  0%| F|  |TAMS 0x000000060ca00000, 0x000000060ca00000| Untracked 
|  95|0x000000060cc00000, 0x000000060cc00000, 0x000000060ce00000|  0%| F|  |TAMS 0x000000060cc00000, 0x000000060cc00000| Untracked 
|  96|0x000000060ce00000, 0x000000060ce00000, 0x000000060d000000|  0%| F|  |TAMS 0x000000060ce00000, 0x000000060ce00000| Untracked 
|  97|0x000000060d000000, 0x000000060d000000, 0x000000060d200000|  0%| F|  |TAMS 0x000000060d000000, 0x000000060d000000| Untracked 
|  98|0x000000060d200000, 0x000000060d200000, 0x000000060d400000|  0%| F|  |TAMS 0x000000060d200000, 0x000000060d200000| Untracked 
|  99|0x000000060d400000, 0x000000060d400000, 0x000000060d600000|  0%| F|  |TAMS 0x000000060d400000, 0x000000060d400000| Untracked 
| 100|0x000000060d600000, 0x000000060d600000, 0x000000060d800000|  0%| F|  |TAMS 0x000000060d600000, 0x000000060d600000| Untracked 
| 101|0x000000060d800000, 0x000000060d800000, 0x000000060da00000|  0%| F|  |TAMS 0x000000060d800000, 0x000000060d800000| Untracked 
| 102|0x000000060da00000, 0x000000060da00000, 0x000000060dc00000|  0%| F|  |TAMS 0x000000060da00000, 0x000000060da00000| Untracked 
| 103|0x000000060dc00000, 0x000000060dc00000, 0x000000060de00000|  0%| F|  |TAMS 0x000000060dc00000, 0x000000060dc00000| Untracked 
| 104|0x000000060de00000, 0x000000060de00000, 0x000000060e000000|  0%| F|  |TAMS 0x000000060de00000, 0x000000060de00000| Untracked 
| 105|0x000000060e000000, 0x000000060e000000, 0x000000060e200000|  0%| F|  |TAMS 0x000000060e000000, 0x000000060e000000| Untracked 
| 106|0x000000060e200000, 0x000000060e200000, 0x000000060e400000|  0%| F|  |TAMS 0x000000060e200000, 0x000000060e200000| Untracked 
| 107|0x000000060e400000, 0x000000060e400000, 0x000000060e600000|  0%| F|  |TAMS 0x000000060e400000, 0x000000060e400000| Untracked 
| 108|0x000000060e600000, 0x000000060e600000, 0x000000060e800000|  0%| F|  |TAMS 0x000000060e600000, 0x000000060e600000| Untracked 
| 109|0x000000060e800000, 0x000000060e800000, 0x000000060ea00000|  0%| F|  |TAMS 0x000000060e800000, 0x000000060e800000| Untracked 
| 110|0x000000060ea00000, 0x000000060ea00000, 0x000000060ec00000|  0%| F|  |TAMS 0x000000060ea00000, 0x000000060ea00000| Untracked 
| 111|0x000000060ec00000, 0x000000060ec00000, 0x000000060ee00000|  0%| F|  |TAMS 0x000000060ec00000, 0x000000060ec00000| Untracked 
| 112|0x000000060ee00000, 0x000000060ee00000, 0x000000060f000000|  0%| F|  |TAMS 0x000000060ee00000, 0x000000060ee00000| Untracked 
| 113|0x000000060f000000, 0x000000060f000000, 0x000000060f200000|  0%| F|  |TAMS 0x000000060f000000, 0x000000060f000000| Untracked 
| 114|0x000000060f200000, 0x000000060f200000, 0x000000060f400000|  0%| F|  |TAMS 0x000000060f200000, 0x000000060f200000| Untracked 
| 115|0x000000060f400000, 0x000000060f400000, 0x000000060f600000|  0%| F|  |TAMS 0x000000060f400000, 0x000000060f400000| Untracked 
| 116|0x000000060f600000, 0x000000060f600000, 0x000000060f800000|  0%| F|  |TAMS 0x000000060f600000, 0x000000060f600000| Untracked 
| 117|0x000000060f800000, 0x000000060f800000, 0x000000060fa00000|  0%| F|  |TAMS 0x000000060f800000, 0x000000060f800000| Untracked 
| 118|0x000000060fa00000, 0x000000060fa00000, 0x000000060fc00000|  0%| F|  |TAMS 0x000000060fa00000, 0x000000060fa00000| Untracked 
| 119|0x000000060fc00000, 0x000000060fc00000, 0x000000060fe00000|  0%| F|  |TAMS 0x000000060fc00000, 0x000000060fc00000| Untracked 
| 120|0x000000060fe00000, 0x000000060fe00000, 0x0000000610000000|  0%| F|  |TAMS 0x000000060fe00000, 0x000000060fe00000| Untracked 
| 121|0x0000000610000000, 0x0000000610000000, 0x0000000610200000|  0%| F|  |TAMS 0x0000000610000000, 0x0000000610000000| Untracked 
| 122|0x0000000610200000, 0x0000000610200000, 0x0000000610400000|  0%| F|  |TAMS 0x0000000610200000, 0x0000000610200000| Untracked 
| 123|0x0000000610400000, 0x0000000610400000, 0x0000000610600000|  0%| F|  |TAMS 0x0000000610400000, 0x0000000610400000| Untracked 
| 124|0x0000000610600000, 0x0000000610600000, 0x0000000610800000|  0%| F|  |TAMS 0x0000000610600000, 0x0000000610600000| Untracked 
| 125|0x0000000610800000, 0x0000000610800000, 0x0000000610a00000|  0%| F|  |TAMS 0x0000000610800000, 0x0000000610800000| Untracked 
| 126|0x0000000610a00000, 0x0000000610a00000, 0x0000000610c00000|  0%| F|  |TAMS 0x0000000610a00000, 0x0000000610a00000| Untracked 
| 127|0x0000000610c00000, 0x0000000610c00000, 0x0000000610e00000|  0%| F|  |TAMS 0x0000000610c00000, 0x0000000610c00000| Untracked 
| 128|0x0000000610e00000, 0x0000000610e00000, 0x0000000611000000|  0%| F|  |TAMS 0x0000000610e00000, 0x0000000610e00000| Untracked 
| 129|0x0000000611000000, 0x0000000611000000, 0x0000000611200000|  0%| F|  |TAMS 0x0000000611000000, 0x0000000611000000| Untracked 
| 130|0x0000000611200000, 0x0000000611200000, 0x0000000611400000|  0%| F|  |TAMS 0x0000000611200000, 0x0000000611200000| Untracked 
| 131|0x0000000611400000, 0x0000000611400000, 0x0000000611600000|  0%| F|  |TAMS 0x0000000611400000, 0x0000000611400000| Untracked 
| 132|0x0000000611600000, 0x0000000611600000, 0x0000000611800000|  0%| F|  |TAMS 0x0000000611600000, 0x0000000611600000| Untracked 
| 133|0x0000000611800000, 0x0000000611800000, 0x0000000611a00000|  0%| F|  |TAMS 0x0000000611800000, 0x0000000611800000| Untracked 
| 134|0x0000000611a00000, 0x0000000611a00000, 0x0000000611c00000|  0%| F|  |TAMS 0x0000000611a00000, 0x0000000611a00000| Untracked 
| 135|0x0000000611c00000, 0x0000000611c00000, 0x0000000611e00000|  0%| F|  |TAMS 0x0000000611c00000, 0x0000000611c00000| Untracked 
| 136|0x0000000611e00000, 0x0000000611e00000, 0x0000000612000000|  0%| F|  |TAMS 0x0000000611e00000, 0x0000000611e00000| Untracked 
| 137|0x0000000612000000, 0x0000000612000000, 0x0000000612200000|  0%| F|  |TAMS 0x0000000612000000, 0x0000000612000000| Untracked 
| 138|0x0000000612200000, 0x0000000612200000, 0x0000000612400000|  0%| F|  |TAMS 0x0000000612200000, 0x0000000612200000| Untracked 
| 139|0x0000000612400000, 0x0000000612400000, 0x0000000612600000|  0%| F|  |TAMS 0x0000000612400000, 0x0000000612400000| Untracked 
| 140|0x0000000612600000, 0x0000000612600000, 0x0000000612800000|  0%| F|  |TAMS 0x0000000612600000, 0x0000000612600000| Untracked 
| 141|0x0000000612800000, 0x0000000612800000, 0x0000000612a00000|  0%| F|  |TAMS 0x0000000612800000, 0x0000000612800000| Untracked 
| 142|0x0000000612a00000, 0x0000000612a00000, 0x0000000612c00000|  0%| F|  |TAMS 0x0000000612a00000, 0x0000000612a00000| Untracked 
| 143|0x0000000612c00000, 0x0000000612c00000, 0x0000000612e00000|  0%| F|  |TAMS 0x0000000612c00000, 0x0000000612c00000| Untracked 
| 144|0x0000000612e00000, 0x0000000612e00000, 0x0000000613000000|  0%| F|  |TAMS 0x0000000612e00000, 0x0000000612e00000| Untracked 
| 145|0x0000000613000000, 0x0000000613000000, 0x0000000613200000|  0%| F|  |TAMS 0x0000000613000000, 0x0000000613000000| Untracked 
| 146|0x0000000613200000, 0x0000000613200000, 0x0000000613400000|  0%| F|  |TAMS 0x0000000613200000, 0x0000000613200000| Untracked 
| 147|0x0000000613400000, 0x0000000613400000, 0x0000000613600000|  0%| F|  |TAMS 0x0000000613400000, 0x0000000613400000| Untracked 
| 148|0x0000000613600000, 0x0000000613600000, 0x0000000613800000|  0%| F|  |TAMS 0x0000000613600000, 0x0000000613600000| Untracked 
| 149|0x0000000613800000, 0x0000000613800000, 0x0000000613a00000|  0%| F|  |TAMS 0x0000000613800000, 0x0000000613800000| Untracked 
| 150|0x0000000613a00000, 0x0000000613a00000, 0x0000000613c00000|  0%| F|  |TAMS 0x0000000613a00000, 0x0000000613a00000| Untracked 
| 151|0x0000000613c00000, 0x0000000613c00000, 0x0000000613e00000|  0%| F|  |TAMS 0x0000000613c00000, 0x0000000613c00000| Untracked 
| 152|0x0000000613e00000, 0x0000000613e00000, 0x0000000614000000|  0%| F|  |TAMS 0x0000000613e00000, 0x0000000613e00000| Untracked 
| 153|0x0000000614000000, 0x0000000614000000, 0x0000000614200000|  0%| F|  |TAMS 0x0000000614000000, 0x0000000614000000| Untracked 
| 154|0x0000000614200000, 0x0000000614200000, 0x0000000614400000|  0%| F|  |TAMS 0x0000000614200000, 0x0000000614200000| Untracked 
| 155|0x0000000614400000, 0x0000000614400000, 0x0000000614600000|  0%| F|  |TAMS 0x0000000614400000, 0x0000000614400000| Untracked 
| 156|0x0000000614600000, 0x0000000614600000, 0x0000000614800000|  0%| F|  |TAMS 0x0000000614600000, 0x0000000614600000| Untracked 
| 157|0x0000000614800000, 0x0000000614800000, 0x0000000614a00000|  0%| F|  |TAMS 0x0000000614800000, 0x0000000614800000| Untracked 
| 158|0x0000000614a00000, 0x0000000614a00000, 0x0000000614c00000|  0%| F|  |TAMS 0x0000000614a00000, 0x0000000614a00000| Untracked 
| 159|0x0000000614c00000, 0x0000000614c00000, 0x0000000614e00000|  0%| F|  |TAMS 0x0000000614c00000, 0x0000000614c00000| Untracked 
| 160|0x0000000614e00000, 0x0000000614e00000, 0x0000000615000000|  0%| F|  |TAMS 0x0000000614e00000, 0x0000000614e00000| Untracked 
| 161|0x0000000615000000, 0x0000000615000000, 0x0000000615200000|  0%| F|  |TAMS 0x0000000615000000, 0x0000000615000000| Untracked 
| 162|0x0000000615200000, 0x0000000615200000, 0x0000000615400000|  0%| F|  |TAMS 0x0000000615200000, 0x0000000615200000| Untracked 
| 163|0x0000000615400000, 0x0000000615400000, 0x0000000615600000|  0%| F|  |TAMS 0x0000000615400000, 0x0000000615400000| Untracked 
| 164|0x0000000615600000, 0x0000000615600000, 0x0000000615800000|  0%| F|  |TAMS 0x0000000615600000, 0x0000000615600000| Untracked 
| 165|0x0000000615800000, 0x0000000615800000, 0x0000000615a00000|  0%| F|  |TAMS 0x0000000615800000, 0x0000000615800000| Untracked 
| 166|0x0000000615a00000, 0x0000000615a00000, 0x0000000615c00000|  0%| F|  |TAMS 0x0000000615a00000, 0x0000000615a00000| Untracked 
| 167|0x0000000615c00000, 0x0000000615c00000, 0x0000000615e00000|  0%| F|  |TAMS 0x0000000615c00000, 0x0000000615c00000| Untracked 
| 168|0x0000000615e00000, 0x0000000615e00000, 0x0000000616000000|  0%| F|  |TAMS 0x0000000615e00000, 0x0000000615e00000| Untracked 
| 169|0x0000000616000000, 0x0000000616000000, 0x0000000616200000|  0%| F|  |TAMS 0x0000000616000000, 0x0000000616000000| Untracked 
| 170|0x0000000616200000, 0x0000000616200000, 0x0000000616400000|  0%| F|  |TAMS 0x0000000616200000, 0x0000000616200000| Untracked 
| 171|0x0000000616400000, 0x0000000616400000, 0x0000000616600000|  0%| F|  |TAMS 0x0000000616400000, 0x0000000616400000| Untracked 
| 172|0x0000000616600000, 0x0000000616600000, 0x0000000616800000|  0%| F|  |TAMS 0x0000000616600000, 0x0000000616600000| Untracked 
| 173|0x0000000616800000, 0x0000000616800000, 0x0000000616a00000|  0%| F|  |TAMS 0x0000000616800000, 0x0000000616800000| Untracked 
| 174|0x0000000616a00000, 0x0000000616a00000, 0x0000000616c00000|  0%| F|  |TAMS 0x0000000616a00000, 0x0000000616a00000| Untracked 
| 175|0x0000000616c00000, 0x0000000616c00000, 0x0000000616e00000|  0%| F|  |TAMS 0x0000000616c00000, 0x0000000616c00000| Untracked 
| 176|0x0000000616e00000, 0x0000000616e00000, 0x0000000617000000|  0%| F|  |TAMS 0x0000000616e00000, 0x0000000616e00000| Untracked 
| 177|0x0000000617000000, 0x0000000617000000, 0x0000000617200000|  0%| F|  |TAMS 0x0000000617000000, 0x0000000617000000| Untracked 
| 178|0x0000000617200000, 0x0000000617200000, 0x0000000617400000|  0%| F|  |TAMS 0x0000000617200000, 0x0000000617200000| Untracked 
| 179|0x0000000617400000, 0x0000000617400000, 0x0000000617600000|  0%| F|  |TAMS 0x0000000617400000, 0x0000000617400000| Untracked 
| 180|0x0000000617600000, 0x0000000617600000, 0x0000000617800000|  0%| F|  |TAMS 0x0000000617600000, 0x0000000617600000| Untracked 
| 181|0x0000000617800000, 0x0000000617800000, 0x0000000617a00000|  0%| F|  |TAMS 0x0000000617800000, 0x0000000617800000| Untracked 
| 182|0x0000000617a00000, 0x0000000617a00000, 0x0000000617c00000|  0%| F|  |TAMS 0x0000000617a00000, 0x0000000617a00000| Untracked 
| 183|0x0000000617c00000, 0x0000000617c00000, 0x0000000617e00000|  0%| F|  |TAMS 0x0000000617c00000, 0x0000000617c00000| Untracked 
| 184|0x0000000617e00000, 0x0000000617e00000, 0x0000000618000000|  0%| F|  |TAMS 0x0000000617e00000, 0x0000000617e00000| Untracked 
| 185|0x0000000618000000, 0x0000000618000000, 0x0000000618200000|  0%| F|  |TAMS 0x0000000618000000, 0x0000000618000000| Untracked 
| 186|0x0000000618200000, 0x0000000618200000, 0x0000000618400000|  0%| F|  |TAMS 0x0000000618200000, 0x0000000618200000| Untracked 
| 187|0x0000000618400000, 0x0000000618400000, 0x0000000618600000|  0%| F|  |TAMS 0x0000000618400000, 0x0000000618400000| Untracked 
| 188|0x0000000618600000, 0x0000000618600000, 0x0000000618800000|  0%| F|  |TAMS 0x0000000618600000, 0x0000000618600000| Untracked 
| 189|0x0000000618800000, 0x0000000618800000, 0x0000000618a00000|  0%| F|  |TAMS 0x0000000618800000, 0x0000000618800000| Untracked 
| 190|0x0000000618a00000, 0x0000000618a00000, 0x0000000618c00000|  0%| F|  |TAMS 0x0000000618a00000, 0x0000000618a00000| Untracked 
| 191|0x0000000618c00000, 0x0000000618c00000, 0x0000000618e00000|  0%| F|  |TAMS 0x0000000618c00000, 0x0000000618c00000| Untracked 
| 192|0x0000000618e00000, 0x0000000618e00000, 0x0000000619000000|  0%| F|  |TAMS 0x0000000618e00000, 0x0000000618e00000| Untracked 
| 193|0x0000000619000000, 0x0000000619000000, 0x0000000619200000|  0%| F|  |TAMS 0x0000000619000000, 0x0000000619000000| Untracked 
| 194|0x0000000619200000, 0x0000000619200000, 0x0000000619400000|  0%| F|  |TAMS 0x0000000619200000, 0x0000000619200000| Untracked 
| 195|0x0000000619400000, 0x0000000619400000, 0x0000000619600000|  0%| F|  |TAMS 0x0000000619400000, 0x0000000619400000| Untracked 
| 196|0x0000000619600000, 0x0000000619600000, 0x0000000619800000|  0%| F|  |TAMS 0x0000000619600000, 0x0000000619600000| Untracked 
| 197|0x0000000619800000, 0x0000000619800000, 0x0000000619a00000|  0%| F|  |TAMS 0x0000000619800000, 0x0000000619800000| Untracked 
| 198|0x0000000619a00000, 0x0000000619a00000, 0x0000000619c00000|  0%| F|  |TAMS 0x0000000619a00000, 0x0000000619a00000| Untracked 
| 199|0x0000000619c00000, 0x0000000619c00000, 0x0000000619e00000|  0%| F|  |TAMS 0x0000000619c00000, 0x0000000619c00000| Untracked 
| 200|0x0000000619e00000, 0x0000000619e00000, 0x000000061a000000|  0%| F|  |TAMS 0x0000000619e00000, 0x0000000619e00000| Untracked 
| 201|0x000000061a000000, 0x000000061a000000, 0x000000061a200000|  0%| F|  |TAMS 0x000000061a000000, 0x000000061a000000| Untracked 
| 202|0x000000061a200000, 0x000000061a200000, 0x000000061a400000|  0%| F|  |TAMS 0x000000061a200000, 0x000000061a200000| Untracked 
| 203|0x000000061a400000, 0x000000061a400000, 0x000000061a600000|  0%| F|  |TAMS 0x000000061a400000, 0x000000061a400000| Untracked 
| 204|0x000000061a600000, 0x000000061a600000, 0x000000061a800000|  0%| F|  |TAMS 0x000000061a600000, 0x000000061a600000| Untracked 
| 205|0x000000061a800000, 0x000000061a800000, 0x000000061aa00000|  0%| F|  |TAMS 0x000000061a800000, 0x000000061a800000| Untracked 
| 206|0x000000061aa00000, 0x000000061aa00000, 0x000000061ac00000|  0%| F|  |TAMS 0x000000061aa00000, 0x000000061aa00000| Untracked 
| 207|0x000000061ac00000, 0x000000061ac00000, 0x000000061ae00000|  0%| F|  |TAMS 0x000000061ac00000, 0x000000061ac00000| Untracked 
| 208|0x000000061ae00000, 0x000000061ae00000, 0x000000061b000000|  0%| F|  |TAMS 0x000000061ae00000, 0x000000061ae00000| Untracked 
| 209|0x000000061b000000, 0x000000061b000000, 0x000000061b200000|  0%| F|  |TAMS 0x000000061b000000, 0x000000061b000000| Untracked 
| 210|0x000000061b200000, 0x000000061b200000, 0x000000061b400000|  0%| F|  |TAMS 0x000000061b200000, 0x000000061b200000| Untracked 
| 211|0x000000061b400000, 0x000000061b400000, 0x000000061b600000|  0%| F|  |TAMS 0x000000061b400000, 0x000000061b400000| Untracked 
| 212|0x000000061b600000, 0x000000061b600000, 0x000000061b800000|  0%| F|  |TAMS 0x000000061b600000, 0x000000061b600000| Untracked 
| 213|0x000000061b800000, 0x000000061b800000, 0x000000061ba00000|  0%| F|  |TAMS 0x000000061b800000, 0x000000061b800000| Untracked 
| 214|0x000000061ba00000, 0x000000061ba00000, 0x000000061bc00000|  0%| F|  |TAMS 0x000000061ba00000, 0x000000061ba00000| Untracked 
| 215|0x000000061bc00000, 0x000000061bc00000, 0x000000061be00000|  0%| F|  |TAMS 0x000000061bc00000, 0x000000061bc00000| Untracked 
| 216|0x000000061be00000, 0x000000061be00000, 0x000000061c000000|  0%| F|  |TAMS 0x000000061be00000, 0x000000061be00000| Untracked 
| 217|0x000000061c000000, 0x000000061c000000, 0x000000061c200000|  0%| F|  |TAMS 0x000000061c000000, 0x000000061c000000| Untracked 
| 218|0x000000061c200000, 0x000000061c200000, 0x000000061c400000|  0%| F|  |TAMS 0x000000061c200000, 0x000000061c200000| Untracked 
| 219|0x000000061c400000, 0x000000061c400000, 0x000000061c600000|  0%| F|  |TAMS 0x000000061c400000, 0x000000061c400000| Untracked 
| 220|0x000000061c600000, 0x000000061c600000, 0x000000061c800000|  0%| F|  |TAMS 0x000000061c600000, 0x000000061c600000| Untracked 
| 221|0x000000061c800000, 0x000000061c800000, 0x000000061ca00000|  0%| F|  |TAMS 0x000000061c800000, 0x000000061c800000| Untracked 
| 222|0x000000061ca00000, 0x000000061ca00000, 0x000000061cc00000|  0%| F|  |TAMS 0x000000061ca00000, 0x000000061ca00000| Untracked 
| 223|0x000000061cc00000, 0x000000061cc00000, 0x000000061ce00000|  0%| F|  |TAMS 0x000000061cc00000, 0x000000061cc00000| Untracked 
| 224|0x000000061ce00000, 0x000000061ce00000, 0x000000061d000000|  0%| F|  |TAMS 0x000000061ce00000, 0x000000061ce00000| Untracked 
| 225|0x000000061d000000, 0x000000061d000000, 0x000000061d200000|  0%| F|  |TAMS 0x000000061d000000, 0x000000061d000000| Untracked 
| 226|0x000000061d200000, 0x000000061d200000, 0x000000061d400000|  0%| F|  |TAMS 0x000000061d200000, 0x000000061d200000| Untracked 
| 227|0x000000061d400000, 0x000000061d400000, 0x000000061d600000|  0%| F|  |TAMS 0x000000061d400000, 0x000000061d400000| Untracked 
| 228|0x000000061d600000, 0x000000061d600000, 0x000000061d800000|  0%| F|  |TAMS 0x000000061d600000, 0x000000061d600000| Untracked 
| 229|0x000000061d800000, 0x000000061d800000, 0x000000061da00000|  0%| F|  |TAMS 0x000000061d800000, 0x000000061d800000| Untracked 
| 230|0x000000061da00000, 0x000000061da00000, 0x000000061dc00000|  0%| F|  |TAMS 0x000000061da00000, 0x000000061da00000| Untracked 
| 231|0x000000061dc00000, 0x000000061dc00000, 0x000000061de00000|  0%| F|  |TAMS 0x000000061dc00000, 0x000000061dc00000| Untracked 
| 232|0x000000061de00000, 0x000000061de00000, 0x000000061e000000|  0%| F|  |TAMS 0x000000061de00000, 0x000000061de00000| Untracked 
| 233|0x000000061e000000, 0x000000061e000000, 0x000000061e200000|  0%| F|  |TAMS 0x000000061e000000, 0x000000061e000000| Untracked 
| 234|0x000000061e200000, 0x000000061e200000, 0x000000061e400000|  0%| F|  |TAMS 0x000000061e200000, 0x000000061e200000| Untracked 
| 235|0x000000061e400000, 0x000000061e400000, 0x000000061e600000|  0%| F|  |TAMS 0x000000061e400000, 0x000000061e400000| Untracked 
| 236|0x000000061e600000, 0x000000061e600000, 0x000000061e800000|  0%| F|  |TAMS 0x000000061e600000, 0x000000061e600000| Untracked 
| 237|0x000000061e800000, 0x000000061e800000, 0x000000061ea00000|  0%| F|  |TAMS 0x000000061e800000, 0x000000061e800000| Untracked 
| 238|0x000000061ea00000, 0x000000061ea00000, 0x000000061ec00000|  0%| F|  |TAMS 0x000000061ea00000, 0x000000061ea00000| Untracked 
| 239|0x000000061ec00000, 0x000000061ec00000, 0x000000061ee00000|  0%| F|  |TAMS 0x000000061ec00000, 0x000000061ec00000| Untracked 
| 240|0x000000061ee00000, 0x000000061ee00000, 0x000000061f000000|  0%| F|  |TAMS 0x000000061ee00000, 0x000000061ee00000| Untracked 
| 241|0x000000061f000000, 0x000000061f000000, 0x000000061f200000|  0%| F|  |TAMS 0x000000061f000000, 0x000000061f000000| Untracked 
| 242|0x000000061f200000, 0x000000061f200000, 0x000000061f400000|  0%| F|  |TAMS 0x000000061f200000, 0x000000061f200000| Untracked 
| 243|0x000000061f400000, 0x000000061f400000, 0x000000061f600000|  0%| F|  |TAMS 0x000000061f400000, 0x000000061f400000| Untracked 
| 244|0x000000061f600000, 0x000000061f600000, 0x000000061f800000|  0%| F|  |TAMS 0x000000061f600000, 0x000000061f600000| Untracked 
| 245|0x000000061f800000, 0x000000061f800000, 0x000000061fa00000|  0%| F|  |TAMS 0x000000061f800000, 0x000000061f800000| Untracked 
| 246|0x000000061fa00000, 0x000000061fa00000, 0x000000061fc00000|  0%| F|  |TAMS 0x000000061fa00000, 0x000000061fa00000| Untracked 
| 247|0x000000061fc00000, 0x000000061fc00000, 0x000000061fe00000|  0%| F|  |TAMS 0x000000061fc00000, 0x000000061fc00000| Untracked 
| 248|0x000000061fe00000, 0x000000061ff716a8, 0x0000000620000000| 72%| E|  |TAMS 0x000000061fe00000, 0x000000061fe00000| Complete 
| 249|0x0000000620000000, 0x0000000620200000, 0x0000000620200000|100%| E|CS|TAMS 0x0000000620000000, 0x0000000620000000| Complete 
| 250|0x0000000620200000, 0x0000000620400000, 0x0000000620400000|100%| E|CS|TAMS 0x0000000620200000, 0x0000000620200000| Complete 
| 251|0x0000000620400000, 0x0000000620600000, 0x0000000620600000|100%| E|CS|TAMS 0x0000000620400000, 0x0000000620400000| Complete 
| 252|0x0000000620600000, 0x0000000620800000, 0x0000000620800000|100%| E|CS|TAMS 0x0000000620600000, 0x0000000620600000| Complete 
| 253|0x0000000620800000, 0x0000000620a00000, 0x0000000620a00000|100%| E|CS|TAMS 0x0000000620800000, 0x0000000620800000| Complete 
| 254|0x0000000620a00000, 0x0000000620c00000, 0x0000000620c00000|100%| E|CS|TAMS 0x0000000620a00000, 0x0000000620a00000| Complete 
| 255|0x0000000620c00000, 0x0000000620e00000, 0x0000000620e00000|100%| E|CS|TAMS 0x0000000620c00000, 0x0000000620c00000| Complete 

Card table byte_map: [0x000001bfd7d90000,0x000001bfd8d90000] _byte_map_base: 0x000001bfd4d89000

Marking Bits (Prev, Next): (CMBitMap*) 0x000001bfbf34fbd8, (CMBitMap*) 0x000001bfbf34fc10
 Prev Bits: [0x000001bfd9d90000, 0x000001bfe1d58000)
 Next Bits: [0x000001bfe1d60000, 0x000001bfe9d28000)

Polling page: 0x000001bfbd190000

Metaspace:

Usage:
  Non-class:     10.73 MB capacity,    10.41 MB ( 97%) used,   281.81 KB (  3%) free+waste,    46.00 KB ( <1%) overhead. 
      Class:      1.36 MB capacity,     1.20 MB ( 88%) used,   141.87 KB ( 10%) free+waste,    23.75 KB (  2%) overhead. 
       Both:     12.09 MB capacity,    11.61 MB ( 96%) used,   423.68 KB (  3%) free+waste,    69.75 KB ( <1%) overhead. 

Virtual space:
  Non-class space:       12.00 MB reserved,      10.75 MB ( 90%) committed 
      Class space:        1.00 GB reserved,       1.38 MB ( <1%) committed 
             Both:        1.01 GB reserved,      12.12 MB (  1%) committed 

Chunk freelists:
   Non-Class:  0 bytes
       Class:  0 bytes
        Both:  0 bytes

MaxMetaspaceSize: 17179869184.00 GB
CompressedClassSpaceSize: 1.00 GB
Initial GC threshold: 20.80 MB
Current GC threshold: 20.80 MB
CDS: off

CodeHeap 'non-profiled nmethods': size=120000Kb used=308Kb max_used=308Kb free=119691Kb
 bounds [0x000001bfcf530000, 0x000001bfcf7a0000, 0x000001bfd6a60000]
CodeHeap 'profiled nmethods': size=120000Kb used=1702Kb max_used=1702Kb free=118297Kb
 bounds [0x000001bfc8000000, 0x000001bfc8270000, 0x000001bfcf530000]
CodeHeap 'non-nmethods': size=5760Kb used=1119Kb max_used=1145Kb free=4640Kb
 bounds [0x000001bfc7a60000, 0x000001bfc7cd0000, 0x000001bfc8000000]
 total_blobs=1350 nmethods=982 adapters=281
 compilation: enabled
              stopped_count=0, restarted_count=0
 full_count=0

Compilation events (20 events):
Event: 0.425 Thread 0x000001bfed2bb000  974       1       java.util.Collections$EmptyMap::get (2 bytes)
Event: 0.425 Thread 0x000001bfed2bb000 nmethod 974 0x000001bfcf57c810 code [0x000001bfcf57c9c0, 0x000001bfcf57ca78]
Event: 0.425 Thread 0x000001bfed2bb000  969       3       java.util.Objects::hashCode (13 bytes)
Event: 0.425 Thread 0x000001bfed2bb000 nmethod 969 0x000001bfc81a5e90 code [0x000001bfc81a6060, 0x000001bfc81a6268]
Event: 0.425 Thread 0x000001bfed2bb000  975       3       java.util.stream.SortedOps$SizedRefSortingSink::accept (18 bytes)
Event: 0.425 Thread 0x000001bfed2bb000 nmethod 975 0x000001bfc81a6310 code [0x000001bfc81a64e0, 0x000001bfc81a67b8]
Event: 0.425 Thread 0x000001bfed2bb000  976       3       java.util.stream.Collectors$$Lambda$50/0x00000008000d6440::accept (11 bytes)
Event: 0.425 Thread 0x000001bfed284000  978       4       java.lang.CharacterDataLatin1::isWhitespace (23 bytes)
Event: 0.425 Thread 0x000001bfed2bb000 nmethod 976 0x000001bfc81a6890 code [0x000001bfc81a6a60, 0x000001bfc81a6d48]
Event: 0.425 Thread 0x000001bfed2bb000  977       1       java.util.ArrayList$ArrayListSpliterator::characteristics (4 bytes)
Event: 0.425 Thread 0x000001bfed2bb000 nmethod 977 0x000001bfcf57cb10 code [0x000001bfcf57ccc0, 0x000001bfcf57cd78]
Event: 0.425 Thread 0x000001bfed2bb000  979       3       jdk.internal.reflect.DelegatingConstructorAccessorImpl::newInstance (9 bytes)
Event: 0.425 Thread 0x000001bfed2bb000 nmethod 979 0x000001bfc81a6e10 code [0x000001bfc81a6fc0, 0x000001bfc81a7188]
Event: 0.426 Thread 0x000001bfed2bb000  980       3       java.util.AbstractCollection::toArray (144 bytes)
Event: 0.426 Thread 0x000001bfed284000 nmethod 978 0x000001bfcf57ce10 code [0x000001bfcf57cfa0, 0x000001bfcf57d038]
Event: 0.426 Thread 0x000001bfed2bb000 nmethod 980 0x000001bfc81a7290 code [0x000001bfc81a7560, 0x000001bfc81a8798]
Event: 0.426 Thread 0x000001bfed2bb000  981       3       java.lang.reflect.Method::getDeclaredAnnotations (5 bytes)
Event: 0.426 Thread 0x000001bfed2bb000 nmethod 981 0x000001bfc81a8b90 code [0x000001bfc81a8d80, 0x000001bfc81a9228]
Event: 0.426 Thread 0x000001bfed2bb000  982       3       java.lang.reflect.Executable::getDeclaredAnnotations (8 bytes)
Event: 0.427 Thread 0x000001bfed2bb000 nmethod 982 0x000001bfc81a9390 code [0x000001bfc81a9580, 0x000001bfc81a99c8]

GC Heap History (0 events):
No events

Deoptimization events (20 events):
Event: 0.270 Thread 0x000001bfbf2c4800 DEOPT PACKING pc=0x000001bfc80856ea sp=0x0000001269dfd540
Event: 0.270 Thread 0x000001bfbf2c4800 DEOPT UNPACKING pc=0x000001bfc7aaa95e sp=0x0000001269dfc9b8 mode 0
Event: 0.371 Thread 0x000001bfbf2c4800 DEOPT PACKING pc=0x000001bfc80913ff sp=0x0000001269dfb8a0
Event: 0.371 Thread 0x000001bfbf2c4800 DEOPT UNPACKING pc=0x000001bfc7aaa95e sp=0x0000001269dfacf0 mode 0
Event: 0.386 Thread 0x000001bfbf2c4800 Uncommon trap: trap_request=0xffffffc6 fr.pc=0x000001bfcf572914 relative=0x0000000000000594
Event: 0.386 Thread 0x000001bfbf2c4800 Uncommon trap: reason=bimorphic_or_optimized_type_check action=maybe_recompile pc=0x000001bfcf572914 method=java.util.concurrent.ConcurrentHashMap.get(Ljava/lang/Object;)Ljava/lang/Object; @ 149 c2
Event: 0.386 Thread 0x000001bfbf2c4800 DEOPT PACKING pc=0x000001bfcf572914 sp=0x0000001269dfc5e0
Event: 0.386 Thread 0x000001bfbf2c4800 DEOPT UNPACKING pc=0x000001bfc7aaa1af sp=0x0000001269dfc580 mode 2
Event: 0.403 Thread 0x000001bfbf2c4800 Uncommon trap: trap_request=0xffffffc6 fr.pc=0x000001bfcf572914 relative=0x0000000000000594
Event: 0.403 Thread 0x000001bfbf2c4800 Uncommon trap: reason=bimorphic_or_optimized_type_check action=maybe_recompile pc=0x000001bfcf572914 method=java.util.concurrent.ConcurrentHashMap.get(Ljava/lang/Object;)Ljava/lang/Object; @ 149 c2
Event: 0.403 Thread 0x000001bfbf2c4800 DEOPT PACKING pc=0x000001bfcf572914 sp=0x0000001269dfd8f0
Event: 0.403 Thread 0x000001bfbf2c4800 DEOPT UNPACKING pc=0x000001bfc7aaa1af sp=0x0000001269dfd880 mode 2
Event: 0.410 Thread 0x000001bfbf2c4800 Uncommon trap: trap_request=0xffffffc6 fr.pc=0x000001bfcf572914 relative=0x0000000000000594
Event: 0.410 Thread 0x000001bfbf2c4800 Uncommon trap: reason=bimorphic_or_optimized_type_check action=maybe_recompile pc=0x000001bfcf572914 method=java.util.concurrent.ConcurrentHashMap.get(Ljava/lang/Object;)Ljava/lang/Object; @ 149 c2
Event: 0.410 Thread 0x000001bfbf2c4800 DEOPT PACKING pc=0x000001bfcf572914 sp=0x0000001269dfc050
Event: 0.410 Thread 0x000001bfbf2c4800 DEOPT UNPACKING pc=0x000001bfc7aaa1af sp=0x0000001269dfbff0 mode 2
Event: 0.417 Thread 0x000001bfbf2c4800 Uncommon trap: trap_request=0xffffffc6 fr.pc=0x000001bfcf572914 relative=0x0000000000000594
Event: 0.417 Thread 0x000001bfbf2c4800 Uncommon trap: reason=bimorphic_or_optimized_type_check action=maybe_recompile pc=0x000001bfcf572914 method=java.util.concurrent.ConcurrentHashMap.get(Ljava/lang/Object;)Ljava/lang/Object; @ 149 c2
Event: 0.417 Thread 0x000001bfbf2c4800 DEOPT PACKING pc=0x000001bfcf572914 sp=0x0000001269dfd040
Event: 0.417 Thread 0x000001bfbf2c4800 DEOPT UNPACKING pc=0x000001bfc7aaa1af sp=0x0000001269dfcfd0 mode 2

Classes redefined (0 events):
No events

Internal exceptions (20 events):
Event: 0.265 Thread 0x000001bfbf2c4800 Exception <a 'java/lang/NoSuchMethodError'{0x0000000620754cc0}: 'int java.lang.invoke.DirectMethodHandle$Holder.invokeVirtual(java.lang.Object, java.lang.Object)'> (0x0000000620754cc0) thrown at [s\src\hotspot\share\interpreter\linkResolver.cpp, line 773]
Event: 0.275 Thread 0x000001bfbf2c4800 Exception <a 'java/lang/NoSuchMethodError'{0x00000006207f4fc0}: 'int java.lang.invoke.DirectMethodHandle$Holder.invokeSpecialIFC(java.lang.Object, java.lang.Object, java.lang.Object, java.lang.Object)'> (0x00000006207f4fc0) thrown at [s\src\hotspot\share\interpreter\linkResolver.cpp, line 773]
Event: 0.287 Thread 0x000001bfbf2c4800 Exception <a 'java/lang/NoSuchMethodError'{0x00000006204923c8}: 'void java.lang.invoke.DirectMethodHandle$Holder.invokeInterface(java.lang.Object, java.lang.Object)'> (0x00000006204923c8) thrown at [s\src\hotspot\share\interpreter\linkResolver.cpp, line 773]
Event: 0.288 Thread 0x000001bfbf2c4800 Exception <a 'java/lang/IncompatibleClassChangeError'{0x00000006204952d0}: Found class java.lang.Object, but interface was expected> (0x00000006204952d0) thrown at [s\src\hotspot\share\interpreter\linkResolver.cpp, line 839]
Event: 0.315 Thread 0x000001bfbf2c4800 Exception <a 'java/lang/NoSuchMethodError'{0x00000006205a4c50}: 'java.lang.Object java.lang.invoke.Invokers$Holder.linkToTargetMethod(java.lang.Object, java.lang.Object, java.lang.Object, java.lang.Object, java.lang.Object, java.lang.Object)'> (0x00000006205a4c50) thrown at [s\src\hotspot\share\interpreter\linkResolver.cpp, line 773]
Event: 0.334 Thread 0x000001bfbf2c4800 Exception <a 'java/lang/NoSuchMethodError'{0x00000006202b37c8}: 'java.lang.Object java.lang.invoke.DirectMethodHandle$Holder.invokeSpecialIFC(java.lang.Object, java.lang.Object, java.lang.Object, java.lang.Object)'> (0x00000006202b37c8) thrown at [s\src\hotspot\share\interpreter\linkResolver.cpp, line 773]
Event: 0.336 Thread 0x000001bfbf2c4800 Exception <a 'java/lang/NoSuchMethodError'{0x00000006202ccaf8}: 'java.lang.Object java.lang.invoke.DirectMethodHandle$Holder.invokeInterface(java.lang.Object, java.lang.Object, java.lang.Object)'> (0x00000006202ccaf8) thrown at [s\src\hotspot\share\interpreter\linkResolver.cpp, line 773]
Event: 0.343 Thread 0x000001bfbf2c4800 Exception <a 'java/lang/IncompatibleClassChangeError'{0x000000062032feb8}: Found class java.lang.Object, but interface was expected> (0x000000062032feb8) thrown at [s\src\hotspot\share\interpreter\linkResolver.cpp, line 839]
Event: 0.348 Thread 0x000001bfbf2c4800 Exception <a 'java/lang/IncompatibleClassChangeError'{0x0000000620370880}: Found class java.lang.Object, but interface was expected> (0x0000000620370880) thrown at [s\src\hotspot\share\interpreter\linkResolver.cpp, line 839]
Event: 0.356 Thread 0x000001bfbf2c4800 Exception <a 'java/lang/NoSuchMethodError'{0x00000006203e43b8}: 'void java.lang.invoke.DirectMethodHandle$Holder.invokeSpecial(java.lang.Object, java.lang.Object, java.lang.Object, java.lang.Object, java.lang.Object)'> (0x00000006203e43b8) thrown at [s\src\hotspot\share\interpreter\linkResolver.cpp, line 773]
Event: 0.363 Thread 0x000001bfbf2c4800 Exception <a 'java/lang/NoSuchMethodError'{0x0000000620040a88}: 'void java.lang.invoke.DirectMethodHandle$Holder.invokeInterface(java.lang.Object, java.lang.Object, java.lang.Object, java.lang.Object)'> (0x0000000620040a88) thrown at [s\src\hotspot\share\interpreter\linkResolver.cpp, line 773]
Event: 0.364 Thread 0x000001bfbf2c4800 Exception <a 'java/lang/IncompatibleClassChangeError'{0x0000000620043848}: Found class java.lang.Object, but interface was expected> (0x0000000620043848) thrown at [s\src\hotspot\share\interpreter\linkResolver.cpp, line 839]
Event: 0.366 Thread 0x000001bfbf2c4800 Exception <a 'java/lang/NoSuchMethodError'{0x000000062005e948}: 'void java.lang.invoke.DirectMethodHandle$Holder.invokeStatic(java.lang.Object, java.lang.Object, java.lang.Object, java.lang.Object)'> (0x000000062005e948) thrown at [s\src\hotspot\share\interpreter\linkResolver.cpp, line 773]
Event: 0.370 Thread 0x000001bfbf2c4800 Exception <a 'java/lang/NoSuchMethodError'{0x000000062008ddf0}: 'java.lang.Object java.lang.invoke.Invokers$Holder.linkToTargetMethod(java.lang.Object, int, java.lang.Object)'> (0x000000062008ddf0) thrown at [s\src\hotspot\share\interpreter\linkResolver.cpp, line 773]
Event: 0.382 Thread 0x000001bfbf2c4800 Exception <a 'java/lang/NoSuchMethodError'{0x0000000620114ec0}: 'int java.lang.invoke.DirectMethodHandle$Holder.invokeStatic(java.lang.Object, java.lang.Object, java.lang.Object, java.lang.Object, java.lang.Object)'> (0x0000000620114ec0) thrown at [s\src\hotspot\share\interpreter\linkResolver.cpp, line 773]
Event: 0.388 Thread 0x000001bfbf2c4800 Exception <a 'java/lang/NoSuchMethodError'{0x0000000620157b70}: 'void java.lang.invoke.DirectMethodHandle$Holder.invokeStaticInit(java.lang.Object)'> (0x0000000620157b70) thrown at [s\src\hotspot\share\interpreter\linkResolver.cpp, line 773]
Event: 0.391 Thread 0x000001bfbf2c4800 Exception <a 'java/lang/NoSuchMethodError'{0x000000062016e318}: 'void java.lang.invoke.DirectMethodHandle$Holder.invokeSpecial(java.lang.Object, java.lang.Object)'> (0x000000062016e318) thrown at [s\src\hotspot\share\interpreter\linkResolver.cpp, line 773]
Event: 0.402 Thread 0x000001bfbf2c4800 Exception <a 'java/lang/NoSuchMethodError'{0x000000061fe22ba8}: 'void java.lang.invoke.DirectMethodHandle$Holder.invokeStaticInit(java.lang.Object, java.lang.Object, java.lang.Object, java.lang.Object)'> (0x000000061fe22ba8) thrown at [s\src\hotspot\share\interpreter\linkResolver.cpp, line 773]
Event: 0.409 Thread 0x000001bfbf2c4800 Exception <a 'java/lang/NoSuchMethodError'{0x000000061fe8af28}: 'int java.lang.invoke.DirectMethodHandle$Holder.invokeStaticInit(java.lang.Object, java.lang.Object)'> (0x000000061fe8af28) thrown at [s\src\hotspot\share\interpreter\linkResolver.cpp, line 773]
Event: 0.414 Thread 0x000001bfbf2c4800 Exception <a 'java/lang/NoSuchMethodError'{0x000000061febf8e8}: 'int java.lang.invoke.DirectMethodHandle$Holder.invokeInterface(java.lang.Object, java.lang.Object)'> (0x000000061febf8e8) thrown at [s\src\hotspot\share\interpreter\linkResolver.cpp, line 773]

Events (20 events):
Event: 0.424 loading class org/junit/jupiter/engine/execution/BeforeEachMethodAdapter
Event: 0.424 loading class org/junit/jupiter/engine/execution/BeforeEachMethodAdapter done
Event: 0.424 loading class org/junit/jupiter/engine/descriptor/ClassBasedTestDescriptor
Event: 0.424 loading class org/junit/jupiter/engine/descriptor/ClassBasedTestDescriptor done
Event: 0.425 loading class org/junit/jupiter/engine/extension/ExtensionRegistrar
Event: 0.425 loading class org/junit/jupiter/engine/extension/ExtensionRegistrar done
Event: 0.425 loading class org/junit/jupiter/engine/extension/ExtensionRegistrar
Event: 0.425 loading class org/junit/jupiter/engine/extension/ExtensionRegistrar done
Event: 0.425 loading class org/junit/jupiter/api/AfterEach
Event: 0.425 loading class org/junit/jupiter/api/AfterEach done
Event: 0.426 loading class org/junit/jupiter/engine/execution/AfterEachMethodAdapter
Event: 0.426 loading class org/junit/jupiter/engine/execution/AfterEachMethodAdapter done
Event: 0.426 loading class org/junit/jupiter/engine/descriptor/ClassBasedTestDescriptor
Event: 0.426 loading class org/junit/jupiter/engine/descriptor/ClassBasedTestDescriptor done
Event: 0.426 loading class org/junit/jupiter/engine/extension/MutableExtensionRegistry
Event: 0.426 loading class org/junit/jupiter/engine/extension/MutableExtensionRegistry done
Event: 0.426 loading class org/junit/jupiter/engine/extension/MutableExtensionRegistry
Event: 0.426 loading class org/junit/jupiter/engine/extension/MutableExtensionRegistry done
Event: 0.426 loading class org/junit/jupiter/engine/descriptor/ClassExtensionContext
Event: 0.426 loading class org/junit/jupiter/engine/descriptor/ClassExtensionContext done


Dynamic libraries:
0x00007ff68e1c0000 - 0x00007ff68e1ce000 	C:\Users\PORTISHEAD\.jdks\corretto-11.0.25\bin\java.exe
0x00007fff51420000 - 0x00007fff51683000 	C:\WINDOWS\SYSTEM32\ntdll.dll
0x00007fff50150000 - 0x00007fff50218000 	C:\WINDOWS\System32\KERNEL32.DLL
0x00007fff4e810000 - 0x00007fff4ebc1000 	C:\WINDOWS\System32\KERNELBASE.dll
0x00007fff4f140000 - 0x00007fff4f28b000 	C:\WINDOWS\System32\ucrtbase.dll
0x00007fff498b0000 - 0x00007fff498c7000 	C:\Users\PORTISHEAD\.jdks\corretto-11.0.25\bin\jli.dll
0x00007fff49830000 - 0x00007fff4984b000 	C:\Users\PORTISHEAD\.jdks\corretto-11.0.25\bin\VCRUNTIME140.dll
0x00007fff4f9a0000 - 0x00007fff4fb68000 	C:\WINDOWS\System32\USER32.dll
0x00007fff4f110000 - 0x00007fff4f137000 	C:\WINDOWS\System32\win32u.dll
0x00007fff1de20000 - 0x00007fff1e0b0000 	C:\WINDOWS\WinSxS\amd64_microsoft.windows.common-controls_6595b64144ccf1df_6.0.26100.2161_none_3e0cadb0e33078e1\COMCTL32.dll
0x00007fff513a0000 - 0x00007fff513ca000 	C:\WINDOWS\System32\GDI32.dll
0x00007fff4fb70000 - 0x00007fff4fc19000 	C:\WINDOWS\System32\msvcrt.dll
0x00007fff4ecf0000 - 0x00007fff4ee15000 	C:\WINDOWS\System32\gdi32full.dll
0x00007fff4eee0000 - 0x00007fff4ef83000 	C:\WINDOWS\System32\msvcp_win.dll
0x00007fff4f400000 - 0x00007fff4f42f000 	C:\WINDOWS\System32\IMM32.DLL
0x00007fff49900000 - 0x00007fff4990c000 	C:\Users\PORTISHEAD\.jdks\corretto-11.0.25\bin\vcruntime140_1.dll
0x00007fff21440000 - 0x00007fff214cd000 	C:\Users\PORTISHEAD\.jdks\corretto-11.0.25\bin\msvcp140.dll
0x00007ffed4dd0000 - 0x00007ffed5995000 	C:\Users\PORTISHEAD\.jdks\corretto-11.0.25\bin\server\jvm.dll
0x00007fff4fd30000 - 0x00007fff4fde4000 	C:\WINDOWS\System32\ADVAPI32.dll
0x00007fff4f440000 - 0x00007fff4f4e6000 	C:\WINDOWS\System32\sechost.dll
0x00007fff4f880000 - 0x00007fff4f996000 	C:\WINDOWS\System32\RPCRT4.dll
0x00007fff4fcb0000 - 0x00007fff4fd24000 	C:\WINDOWS\System32\WS2_32.dll
0x00007fff4f870000 - 0x00007fff4f878000 	C:\WINDOWS\System32\PSAPI.DLL
0x00007fff47e20000 - 0x00007fff47e2b000 	C:\WINDOWS\SYSTEM32\VERSION.dll
0x00007fff41230000 - 0x00007fff41266000 	C:\WINDOWS\SYSTEM32\WINMM.dll
0x00007fff4d770000 - 0x00007fff4d78a000 	C:\WINDOWS\SYSTEM32\kernel.appcore.dll
0x00007fff49820000 - 0x00007fff49830000 	C:\Users\PORTISHEAD\.jdks\corretto-11.0.25\bin\verify.dll
0x00007fff343a0000 - 0x00007fff345e1000 	C:\WINDOWS\SYSTEM32\DBGHELP.DLL
0x00007fff4f4f0000 - 0x00007fff4f86d000 	C:\WINDOWS\System32\combase.dll
0x00007fff50220000 - 0x00007fff502f6000 	C:\WINDOWS\System32\OLEAUT32.dll
0x00007fff31b80000 - 0x00007fff31bb9000 	C:\WINDOWS\SYSTEM32\dbgcore.DLL
0x00007fff4ec50000 - 0x00007fff4ece9000 	C:\WINDOWS\System32\bcryptPrimitives.dll
0x00007fff47690000 - 0x00007fff476b8000 	C:\Users\PORTISHEAD\.jdks\corretto-11.0.25\bin\java.dll
0x00007fff47680000 - 0x00007fff4768a000 	C:\Users\PORTISHEAD\.jdks\corretto-11.0.25\bin\jimage.dll
0x00007fff47670000 - 0x00007fff4767e000 	C:\Users\PORTISHEAD\.jdks\corretto-11.0.25\bin\instrument.dll
0x00007fff21a00000 - 0x00007fff21a18000 	C:\Users\PORTISHEAD\.jdks\corretto-11.0.25\bin\zip.dll
0x00007fff50c90000 - 0x00007fff5138f000 	C:\WINDOWS\System32\SHELL32.dll
0x00007fff4c580000 - 0x00007fff4cdad000 	C:\WINDOWS\SYSTEM32\windows.storage.dll
0x00007fff505e0000 - 0x00007fff506b3000 	C:\WINDOWS\System32\SHCORE.dll
0x00007fff4fdf0000 - 0x00007fff4fe4d000 	C:\WINDOWS\System32\shlwapi.dll
0x00007fff4e720000 - 0x00007fff4e74e000 	C:\WINDOWS\SYSTEM32\profapi.dll
0x00007fff21620000 - 0x00007fff21639000 	C:\Users\PORTISHEAD\.jdks\corretto-11.0.25\bin\net.dll
0x00007fff47180000 - 0x00007fff472a6000 	C:\WINDOWS\SYSTEM32\WINHTTP.dll
0x00007fff4dc70000 - 0x00007fff4dcd8000 	C:\WINDOWS\system32\mswsock.dll
0x00007fff21600000 - 0x00007fff21612000 	C:\Users\PORTISHEAD\.jdks\corretto-11.0.25\bin\nio.dll
0x00007fff215e0000 - 0x00007fff215fa000 	C:\Program Files\JetBrains\IntelliJ IDEA 2024.1.2\bin\breakgen64.dll

dbghelp: loaded successfully - version: 4.0.5 - missing functions: none
symbol engine: initialized successfully - sym options: 0x614 - pdb path: .;C:\Users\PORTISHEAD\.jdks\corretto-11.0.25\bin;C:\WINDOWS\SYSTEM32;C:\WINDOWS\WinSxS\amd64_microsoft.windows.common-controls_6595b64144ccf1df_6.0.26100.2161_none_3e0cadb0e33078e1;C:\Users\PORTISHEAD\.jdks\corretto-11.0.25\bin\server;C:\Program Files\JetBrains\IntelliJ IDEA 2024.1.2\bin

VM Arguments:
jvm_args: -ea -Didea.test.cyclic.buffer.size=1048576 -javaagent:C:\Program Files\JetBrains\IntelliJ IDEA 2024.1.2\lib\idea_rt.jar=51181:C:\Program Files\JetBrains\IntelliJ IDEA 2024.1.2\bin -Dfile.encoding=UTF-8 
java_command: com.intellij.rt.junit.JUnitStarter -ideVersion5 -junit5 GuerrillaMailApi,createRandomAccount
java_class_path (initial): C:\Users\PORTISHEAD\.m2\repository\org\junit\platform\junit-platform-launcher\1.11.0-M2\junit-platform-launcher-1.11.0-M2.jar;C:\Users\PORTISHEAD\.m2\repository\org\junit\platform\junit-platform-engine\1.11.0-M2\junit-platform-engine-1.11.0-M2.jar;C:\Users\PORTISHEAD\.m2\repository\org\opentest4j\opentest4j\1.3.0\opentest4j-1.3.0.jar;C:\Users\PORTISHEAD\.m2\repository\org\junit\platform\junit-platform-commons\1.11.0-M2\junit-platform-commons-1.11.0-M2.jar;C:\Users\PORTISHEAD\.m2\repository\org\apiguardian\apiguardian-api\1.1.2\apiguardian-api-1.1.2.jar;C:\Program Files\JetBrains\IntelliJ IDEA 2024.1.2\lib\idea_rt.jar;C:\Program Files\JetBrains\IntelliJ IDEA 2024.1.2\plugins\junit\lib\junit5-rt.jar;C:\Program Files\JetBrains\IntelliJ IDEA 2024.1.2\plugins\junit\lib\junit-rt.jar;C:\Users\PORTISHEAD\Desktop\MAIL2\GuerrillaMailAPI\out\production\classes;C:\Tools\gradle-8.10.2\caches\modules-2\files-2.1\org.junit.jupiter\junit-jupiter-engine\5.11.0-M2\b25c169f7e8831dea5d5bf09eaadf137202b1a67\junit-jupiter-engine-5.11.0-M2.jar;C:\Tools\gradle-8.10.2\caches\modules-2\files-2.1\org.json\json\20240303\ebb88e8fb5122b7506d5cf1d69f1ccdb790d22a\json-20240303.jar;C:\Tools\gradle-8.10.2\caches\modules-2\files-2.1\org.junit.platform\junit-platform-engine\1.11.0-M2\cdbbfe82add4e4366bea08cb3bf43ff98c923fc0\junit-platform-engine-1.11.0-M2.jar;C:\Tools\gradle-8.10.2\caches\modules-2\files-2.1\org.junit.jupiter\junit-jupiter-api\5.11.0-M2\ad3a5748e1e7f3acb298deb8e88e9cd73d5d17a5\junit-jupiter-api-5.11.0-M2.jar;C:\Tools\gradle-8.10.2\caches\modules-2\files-2.1\org.apiguardian\apiguardian-api\1.1.2\a231e0d844d2721b0fa1b238006d15c6ded6842a\apiguardian-api-1.1.2.jar;C:\Tools\gradle-8.10.2\caches\modules-2\files-2.1\org.junit.platform\junit-platform-commons\1.11.0-M2\d694e33c6440a78c7248d539970dad9679338ac0\junit-platform-commons-1.11.0-M2.jar;C:\Tools\gradle-8.10.2\caches\modules-2\files-2.1\org.opentest4j\opentest4j\1.3.0\152ea56b3a72f655d4fd677fc0ef2596c3dd5e6
Launcher Type: SUN_STANDARD

[Global flags]
     intx CICompilerCount                          = 4                                         {product} {ergonomic}
     uint ConcGCThreads                            = 2                                         {product} {ergonomic}
     uint G1ConcRefinementThreads                  = 8                                         {product} {ergonomic}
   size_t G1HeapRegionSize                         = 2097152                                   {product} {ergonomic}
    uintx GCDrainStackTargetSize                   = 64                                        {product} {ergonomic}
   size_t InitialHeapSize                          = 536870912                                 {product} {ergonomic}
   size_t MarkStackSize                            = 4194304                                   {product} {ergonomic}
   size_t MaxHeapSize                              = 8575254528                                {product} {ergonomic}
   size_t MaxNewSize                               = 5144313856                                {product} {ergonomic}
   size_t MinHeapDeltaBytes                        = 2097152                                   {product} {ergonomic}
    uintx NonNMethodCodeHeapSize                   = 5836300                                {pd product} {ergonomic}
    uintx NonProfiledCodeHeapSize                  = 122910970                              {pd product} {ergonomic}
    uintx ProfiledCodeHeapSize                     = 122910970                              {pd product} {ergonomic}
    uintx ReservedCodeCacheSize                    = 251658240                              {pd product} {ergonomic}
     bool SegmentedCodeCache                       = true                                      {product} {ergonomic}
     bool UseCompressedClassPointers               = true                                 {lp64_product} {ergonomic}
     bool UseCompressedOops                        = true                                 {lp64_product} {ergonomic}
     bool UseG1GC                                  = true                                      {product} {ergonomic}
     bool UseLargePagesIndividualAllocation        = false                                  {pd product} {ergonomic}

Logging:
Log output configuration:
 #0: stdout all=warning uptime,level,tags
 #1: stderr all=off uptime,level,tags

Environment Variables:
JAVA_HOME=C:\Users\PORTISHEAD\.jdks\corretto-11.0.24
PATH=C:\Users\PORTISHEAD\.jdks\corretto-11.0.24\bin;C:\Tools;C:\Tools\gradle-8.10.2\bin;C:\Tools\apache-maven-3.9.9\bin;C:\Program Files (x86)\Intel\Intel(R) Management Engine Components\iCLS\;C:\Program Files\Intel\Intel(R) Management Engine Components\iCLS\;c:\Users\PORTISHEAD\AppData\Local\Programs\cursor\resources\app\bin;C:\Program Files\Eclipse Adoptium\jdk-21.0.3.9-hotspot\bin;C:\Program Files\Common Files\Oracle\Java\javapath;C:\Program Files (x86)\Common Files\Oracle\Java\java8path;C:\Program Files (x86)\Common Files\Oracle\Java\javapath;C:\Program Files\nodejs\;C:\Program Files\nodejs\node.exe;\bin;C:\Users\PORTISHEAD\AppData\Local\Android\Sdk\emulator;C:\Users\PORTISHEAD\AppData\Local\Android\Sdk\tools;C:\Users\PORTISHEAD\AppData\Local\Android\Sdk\tools\bin;C:\Users\PORTISHEAD\AppData\Local\Android\Sdk\platform-tools;C:\Windows\system32;C:\Windows;C:\Windows\System32\Wbem;C:\Windows\System32\WindowsPowerShell\v1.0\;C:\Windows\System32\OpenSSH\;C:\Program Files (x86)\NVIDIA Corporation\PhysX\Common;C:\Program Files (x86)\dotnet\;C:\Program Files\dotnet\;C:\Program Files\Git\cmd;C:\Program Files\bottom\bi;C:\Program Files (x86)\Intel\Intel(R) Management Engine Components\DAL;C:\Program Files\Intel\Intel(R) Management Engine Components\DAL;C:\Program Files (x86)\Intel\Intel(R) Management Engine Components\IPT;C:\Program Files\Intel\Intel(R) Management Engine Components\IPT;C:\WINDOWS\system32;C:\WINDOWS;C:\WINDOWS\System32\Wbem;C:\WINDOWS\System32\WindowsPowerShell\v1.0\;C:\WINDOWS\System32\OpenSSH\;C:\Program Files\PowerShell\7\;C:\Tools\apache-jmeter-5.6.3\bin;C:\Users\PORTISHEAD\AppData\Local\Android\Sdk\emulator;C:\Users\PORTISHEAD\AppData\Local\Android\Sdk\tools;C:\Users\PORTISHEAD\AppData\Local\Android\Sdk\tools\bin;C:\Users\PORTISHEAD\AppData\Local\Android\Sdk\platform-tools;C:\Program Files\MySQL\MySQL Server 9.1\bin;C:\Program Files\MySQL\MySQL Shell 8.0\bin\;C:\Users\PORTISHEAD\AppData\Local\Programs\Python\Launcher\;C:\Users\PORTISHEAD\AppData\Local\
USERNAME=PORTISHEAD
OS=Windows_NT
PROCESSOR_IDENTIFIER=Intel64 Family 6 Model 158 Stepping 9, GenuineIntel
TMP=C:\Users\PORTISHEAD\AppData\Local\Temp
TEMP=C:\Users\PORTISHEAD\AppData\Local\Temp



---------------  S Y S T E M  ---------------

OS: Windows 11 , 64 bit Build 26100 (10.0.26100.2161)
OS uptime: 0 days 0:22 hours

CPU:total 8 (initial active 8) (4 cores per cpu, 2 threads per core) family 6 model 158 stepping 9 microcode 0xde, cmov, cx8, fxsr, mmx, sse, sse2, sse3, ssse3, sse4.1, sse4.2, popcnt, avx, avx2, aes, clmul, erms, rtm, 3dnowpref, lzcnt, ht, tsc, tscinvbit, bmi1, bmi2, adx, fma

Memory: 4k page, system-wide physical 32707M (20754M free)
TotalPageFile size 42947M (AvailPageFile size 26648M)
current process WorkingSet (physical memory assigned to process): 80M, peak: 80M
current process commit charge ("private bytes"): 619M, peak: 619M

vm_info: OpenJDK 64-Bit Server VM (11.0.25+9-LTS) for windows-amd64 JRE (11.0.25+9-LTS), built on Oct 10 2024 00:01:59 by "Administrator" with MS VC++ 16.10 / 16.11 (VS2019)

END.
