#
# A fatal error has been detected by the Java Runtime Environment:
#
#  EXCEPTION_ACCESS_VIOLATION (0xc0000005) at pc=0x00007ffed4df8a66, pid=13104, tid=4220
#
# JRE version: OpenJDK Runtime Environment Corretto-11.0.24.8.1 (11.0.24+8) (build 11.0.24+8-LTS)
# Java VM: OpenJDK 64-Bit Server VM Corretto-11.0.24.8.1 (11.0.24+8-LTS, mixed mode, tiered, compressed oops, g1 gc, windows-amd64)
# Problematic frame:
# V  [jvm.dll+0x1a8a66]
#
# No core dump will be written. Minidumps are not enabled by default on client versions of Windows
#
# If you would like to submit a bug report, please visit:
#   https://github.com/corretto/corretto-11/issues/
#

---------------  S U M M A R Y ------------

Command Line: --add-opens=java.base/java.util=ALL-UNNAMED --add-opens=java.base/java.lang=ALL-UNNAMED --add-opens=java.base/java.lang.invoke=ALL-UNNAMED --add-opens=java.prefs/java.util.prefs=ALL-UNNAMED --add-exports=jdk.compiler/com.sun.tools.javac.api=ALL-UNNAMED --add-exports=jdk.compiler/com.sun.tools.javac.util=ALL-UNNAMED --add-opens=java.base/java.nio.charset=ALL-UNNAMED --add-opens=java.base/java.net=ALL-UNNAMED --add-opens=java.base/java.util.concurrent.atomic=ALL-UNNAMED -XX:MaxMetaspaceSize=384m -XX:+HeapDumpOnOutOfMemoryError -Xms256m -Xmx512m -Dfile.encoding=UTF-8 -Duser.country=RU -Duser.language=ru -Duser.variant -javaagent:C:\Tools\gradle-8.10.2\lib\agents\gradle-instrumentation-agent-8.10.2.jar org.gradle.launcher.daemon.bootstrap.GradleDaemon 8.10.2

Host: Intel(R) Core(TM) i7-7700K CPU @ 4.20GHz, 8 cores, 31G,  Windows 11 , 64 bit Build 26100 (10.0.26100.2161)
Time: Wed Nov 13 18:02:44 2024  Windows 11 , 64 bit Build 26100 (10.0.26100.2161) elapsed time: 4.752559 seconds (0d 0h 0m 4s)

---------------  T H R E A D  ---------------

Current thread (0x000001bf650f0800):  GCTaskThread "GC Thread#4" [stack: 0x00000078ff200000,0x00000078ff300000] [id=4220]

Stack: [0x00000078ff200000,0x00000078ff300000],  sp=0x00000078ff2ff228,  free space=1020k
Native frames: (J=compiled Java code, j=interpreted, Vv=VM code, C=native code)
V  [jvm.dll+0x1a8a66]


siginfo: EXCEPTION_ACCESS_VIOLATION (0xc0000005), reading address 0x000000073784f5e0


Register to memory mapping:

RIP=0x00007ffed4df8a66 jvm.dll
RAX=0x0000000000000001 is an unknown value
RBX=0x00000000e6cfaf78 is pointing into object: org.codehaus.groovy.reflection.CachedMethod 
{0x00000000e6cfaf50} - klass: 'org/codehaus/groovy/reflection/CachedMethod'
 - ---- fields (total size 8 words):
 - protected 'isVargsMethod' 'Z' @12  false
 - protected volatile 'parameterTypes' '[Lorg/codehaus/groovy/reflection/CachedClass;' @16  a 'org/codehaus/groovy/reflection/CachedClass'[1] {0x00000000e6cfaf90} (e6cfaf90)
 - protected volatile 'nativeParamTypes' '[Ljava/lang/Class;' @20  a 'java/lang/Class'[1] {0x00000000e6cfafa8} (e6cfafa8)
 - private 'signature' 'Ljava/lang/String;' @24  NULL (0)
 - private 'mopName' 'Ljava/lang/String;' @28  NULL (0)
 - private 'hashCode' 'I' @32  0
 - private 'skipCompiled' 'Z' @36  false
 - private 'makeAccessibleDone' 'Z' @37  false
 - public final 'cachedClass' 'Lorg/codehaus/groovy/reflection/CachedClass;' @40  
[error occurred during error reporting (printing register info), id 0xc0000005, EXCEPTION_ACCESS_VIOLATION (0xc0000005) at pc=0x00007ffed5282681]

Registers:
RAX=0x0000000000000001, RBX=0x00000000e6cfaf78, RCX=0x00000000e5da8570, RDX=0x00000000e5da8570
RSP=0x00000078ff2ff228, RBP=0x000001bf6b3023a0, RSI=0x000001bf6b3023a0, RDI=0x0000000000000001
R8 =0x00000000e5da8570, R9 =0x000000073784f5d8, R10=0x00000000e6cfafb8, R11=0x000001bf6b302510
R12=0x0000000000000000, R13=0x00007ffed5537db0, R14=0x00000000e5da8570, R15=0x00000000ccd5493e
RIP=0x00007ffed4df8a66, EFLAGS=0x0000000000010206

Top of Stack: (sp=0x00000078ff2ff228)
0x00000078ff2ff228:   00007ffed4f76d7f 00000000e6cfaf01
0x00000078ff2ff238:   00000000e6cfafa8 000001bf6b3023a0
0x00000078ff2ff248:   00000000000011c6 000001bf000011c6
0x00000078ff2ff258:   00007ffed5537db0 0000000000000009
0x00000078ff2ff268:   00007ffed4f4e87e 000001bf6b3023a0
0x00000078ff2ff278:   0000000000000040 000001bf4852abb0
0x00000078ff2ff288:   00007ffed5537db0 0000000000000000
0x00000078ff2ff298:   0000000000000000 0000000000000408
0x00000078ff2ff2a8:   00007ffed4f756a1 000001bf6b3023a0
0x00000078ff2ff2b8:   000001bf4852abb0 0000000000000011
0x00000078ff2ff2c8:   00000000e6cfaf78 0000000000000000
0x00000078ff2ff2d8:   00000078ff2ff4d8 00000078ff2ff4b0
0x00000078ff2ff2e8:   0000000000000008 000001bf484fc130
0x00000078ff2ff2f8:   0000000000000100 000001bf6b3023a0
0x00000078ff2ff308:   00007ffed4f835ae 00000000e1114a00
0x00000078ff2ff318:   0000000000000040 00000078ff2ff4d8 

Instructions: (pc=0x00007ffed4df8a66)
0x00007ffed4df8966:   eb 04 48 8b 43 08 81 78 08 00 00 00 c0 0f 83 81
0x00007ffed4df8976:   00 00 00 48 8b 4f 38 48 8b d3 48 8b 01 ff 50 20
0x00007ffed4df8986:   84 c0 75 70 38 05 c1 69 94 00 74 15 8b 53 08 8b
0x00007ffed4df8996:   0d cd ae 8f 00 48 d3 e2 48 03 15 bb ae 8f 00 eb
0x00007ffed4df89a6:   04 48 8b 53 08 48 8b cb 48 89 5c 24 20 e8 a8 00
0x00007ffed4df89b6:   00 00 80 7f 30 00 48 63 c8 48 89 4c 24 28 74 1c
0x00007ffed4df89c6:   0f 10 44 24 20 0f 11 86 a0 03 00 00 48 8b 5c 24
0x00007ffed4df89d6:   40 48 8b 74 24 48 48 83 c4 30 5f c3 48 8b 07 48
0x00007ffed4df89e6:   8d 54 24 20 48 89 4c 24 28 48 8b cf 48 89 5c 24
0x00007ffed4df89f6:   20 ff 50 38 48 8b 5c 24 40 48 8b 74 24 48 48 83
0x00007ffed4df8a06:   c4 30 5f c3 cc cc cc cc cc cc 48 8b 49 38 48 8b
0x00007ffed4df8a16:   01 48 ff 60 28 cc cc cc cc cc 80 3d 2a 69 94 00
0x00007ffed4df8a26:   00 48 8b c1 74 1b 8b 51 08 8b 0d 33 ae 8f 00 48
0x00007ffed4df8a36:   d3 e2 48 8b c8 48 03 15 1e ae 8f 00 e9 19 00 00
0x00007ffed4df8a46:   00 48 8b 51 08 48 8b c8 e9 0d 00 00 00 cc cc cc
0x00007ffed4df8a56:   cc cc cc cc cc cc cc cc cc cc 4c 8b ca 48 8b d1
0x00007ffed4df8a66:   45 8b 41 08 45 85 c0 7e 0e 41 f6 c0 01 75 56 41
0x00007ffed4df8a76:   c1 f8 03 41 8b c0 c3 79 4c 80 3d cb 68 94 00 00
0x00007ffed4df8a86:   b8 0c 00 00 00 b9 10 00 00 00 0f 45 c8 8b 05 db
0x00007ffed4df8a96:   dc 8d 00 ff c8 4c 63 c8 48 63 14 11 41 8b c8 83
0x00007ffed4df8aa6:   e1 3f 48 d3 e2 41 8b c8 48 c1 f9 10 0f b6 c1 49
0x00007ffed4df8ab6:   8d 0c 11 49 f7 d1 48 03 c1 49 c1 e9 03 48 c1 e8
0x00007ffed4df8ac6:   03 41 23 c1 c3 49 8b 01 49 8b c9 48 ff a0 10 01
0x00007ffed4df8ad6:   00 00 cc cc cc cc cc cc cc cc 48 8b c2 c3 cc cc
0x00007ffed4df8ae6:   cc cc cc cc cc cc cc cc cc cc 48 83 ec 38 48 8b
0x00007ffed4df8af6:   c1 48 8b 49 38 80 79 08 00 74 05 90 48 8b 48 38
0x00007ffed4df8b06:   0f 10 02 48 8d 54 24 20 0f 29 44 24 20 e8 28 f0
0x00007ffed4df8b16:   ff ff 48 83 c4 38 c3 cc cc cc 48 83 ec 38 0f 10
0x00007ffed4df8b26:   02 48 8b 01 48 8d 54 24 20 0f 29 44 24 20 ff 50
0x00007ffed4df8b36:   38 48 83 c4 38 c3 cc cc cc cc 48 89 5c 24 08 55
0x00007ffed4df8b46:   56 57 41 54 41 55 41 56 41 57 48 8d 6c 24 e0 48
0x00007ffed4df8b56:   81 ec 20 01 00 00 48 8b 05 f5 36 91 00 48 33 c4 


Stack slot to memory mapping:
stack at sp + 0 slots: 0x00007ffed4f76d7f jvm.dll
stack at sp + 1 slots: 0x00000000e6cfaf01 is pointing into object: java.lang.reflect.Method 
{0x00000000e6cfaef8} - klass: 'java/lang/reflect/Method'
 - ---- fields (total size 11 words):
 - 'override' 'Z' @12  false
 - volatile 'securityCheckCache' 'Ljava/lang/Object;' @16  NULL (0)
 - private volatile transient 'hasRealParameterData' 'Z' @20  false
 - private volatile transient 'parameters' '[Ljava/lang/reflect/Parameter;' @24  NULL (0)
 - private volatile transient strict 'declaredAnnotations' 'Ljava/util/Map;' @28  NULL (0)
 - private 'slot' 'I' @32  15 (f)
 - private 'modifiers' 'I' @36  1
 - private strict 'clazz' 'Ljava/lang/Class;' @40  a 'java/lang/Class'{0x00000000e6cf5068} = 'groovy/lang/ExpandoMetaClass' (e6cf5068)
 - private 'name' 'Ljava/lang/String;' @44  "setProperty"{0x00000000e1517bd8} (e1517bd8)
 - private strict 'returnType' 'Ljava/lang/Class;' @48  a 'java/lang/Class'{0x00000000e06faca8} = void (e06faca8)
 - private strict 'parameterTypes' '[Ljava/lang/Class;' @52  a 'java/lang/Class'[2] {0x00000000e6cf7b60} (e6cf7b60)
 - private strict 'exceptionTypes' '[Ljava/lang/Class;' @56  a 'java/lang/Class'[0] {0x00000000e06eefb8} (e06eefb8)
 - private transient 'signature' 'Ljava/lang/String;' @60  NULL (0)
 - private transient 'genericInfo' 'Lsun/reflect/generics/repository/MethodRepository;' @64  NULL (0)
 - private 'annotations' '[B' @68  NULL (0)
 - private 'parameterAnnotations' '[B' @72  NULL (0)
 - private 'annotationDefault' '[B' @76  NULL (0)
 - private volatile 'methodAccessor' 'Ljdk/internal/reflect/MethodAccessor;' @80  NULL (0)
 - private 'root' 'Ljava/lang/reflect/Method;' @84  a 'java/lang/reflect/Method'{0x00000000e6cf7b08} (e6cf7b08)
stack at sp + 2 slots: 0x00000000e6cfafa8 is an oop: [Ljava.lang.Class; 
{0x00000000e6cfafa8} - klass: 'java/lang/Class'[]
 - length: 1
stack at sp + 3 slots: 0x000001bf6b3023a0 points into unknown readable memory: 0x00007ffed5537308 | 08 73 53 d5 fe 7f 00 00
stack at sp + 4 slots: 0x00000000000011c6 is an unknown value
stack at sp + 5 slots: 0x000001bf000011c6 is an unknown value
stack at sp + 6 slots: 0x00007ffed5537db0 jvm.dll
stack at sp + 7 slots: 0x0000000000000009 is an unknown value


---------------  P R O C E S S  ---------------

Threads class SMR info:
_java_thread_list=0x000001bf6b564a00, length=42, elements={
0x000001bf4850d000, 0x000001bf63d4c000, 0x000001bf63d4e000, 0x000001bf645be800,
0x000001bf645c1800, 0x000001bf645c4800, 0x000001bf645c6000, 0x000001bf645ce000,
0x000001bf645e7800, 0x000001bf6476a800, 0x000001bf65ded800, 0x000001bf64d26800,
0x000001bf64794800, 0x000001bf67264800, 0x000001bf670bb000, 0x000001bf66d91000,
0x000001bf66d92000, 0x000001bf661d5800, 0x000001bf661d6000, 0x000001bf67330800,
0x000001bf67061000, 0x000001bf67060000, 0x000001bf6705f800, 0x000001bf67064800,
0x000001bf688b6000, 0x000001bf67062000, 0x000001bf67062800, 0x000001bf67063800,
0x000001bf67065000, 0x000001bf67066000, 0x000001bf67547000, 0x000001bf67548800,
0x000001bf67548000, 0x000001bf67546000, 0x000001bf6754a800, 0x000001bf6754e800,
0x000001bf6754c000, 0x000001bf6754d000, 0x000001bf6754f000, 0x000001bf67550000,
0x000001bf6754d800, 0x000001bf67551800
}

Java Threads: ( => current thread )
  0x000001bf4850d000 JavaThread "main" [_thread_blocked, id=1220, stack(0x00000078fdc00000,0x00000078fdd00000)]
  0x000001bf63d4c000 JavaThread "Reference Handler" daemon [_thread_blocked, id=2820, stack(0x00000078fe300000,0x00000078fe400000)]
  0x000001bf63d4e000 JavaThread "Finalizer" daemon [_thread_blocked, id=1320, stack(0x00000078fe400000,0x00000078fe500000)]
  0x000001bf645be800 JavaThread "Signal Dispatcher" daemon [_thread_blocked, id=10248, stack(0x00000078fe500000,0x00000078fe600000)]
  0x000001bf645c1800 JavaThread "Attach Listener" daemon [_thread_blocked, id=5240, stack(0x00000078fe600000,0x00000078fe700000)]
  0x000001bf645c4800 JavaThread "Service Thread" daemon [_thread_blocked, id=1700, stack(0x00000078fe700000,0x00000078fe800000)]
  0x000001bf645c6000 JavaThread "C2 CompilerThread0" daemon [_thread_blocked, id=9744, stack(0x00000078fe800000,0x00000078fe900000)]
  0x000001bf645ce000 JavaThread "C1 CompilerThread0" daemon [_thread_blocked, id=18440, stack(0x00000078fe900000,0x00000078fea00000)]
  0x000001bf645e7800 JavaThread "Sweeper thread" daemon [_thread_blocked, id=4984, stack(0x00000078fea00000,0x00000078feb00000)]
  0x000001bf6476a800 JavaThread "Common-Cleaner" daemon [_thread_blocked, id=9368, stack(0x00000078feb00000,0x00000078fec00000)]
  0x000001bf65ded800 JavaThread "Daemon health stats" [_thread_blocked, id=14012, stack(0x00000078ff400000,0x00000078ff500000)]
  0x000001bf64d26800 JavaThread "Incoming local TCP Connector on port 50958" [_thread_in_native, id=3600, stack(0x00000078fec00000,0x00000078fed00000)]
  0x000001bf64794800 JavaThread "Daemon periodic checks" [_thread_blocked, id=20264, stack(0x00000078fee00000,0x00000078fef00000)]
  0x000001bf67264800 JavaThread "Daemon" [_thread_blocked, id=11288, stack(0x00000078ff500000,0x00000078ff600000)]
  0x000001bf670bb000 JavaThread "Handler for socket connection from /127.0.0.1:50958 to /127.0.0.1:50959" [_thread_in_native, id=10176, stack(0x00000078ff600000,0x00000078ff700000)]
  0x000001bf66d91000 JavaThread "Cancel handler" [_thread_blocked, id=5436, stack(0x00000078ff700000,0x00000078ff800000)]
  0x000001bf66d92000 JavaThread "Daemon worker" [_thread_blocked, id=14400, stack(0x00000078ff800000,0x00000078ff900000)]
  0x000001bf661d5800 JavaThread "C2 CompilerThread1" daemon [_thread_blocked, id=16184, stack(0x00000078ff900000,0x00000078ffa00000)]
  0x000001bf661d6000 JavaThread "Asynchronous log dispatcher for DefaultDaemonConnection: socket connection from /127.0.0.1:50958 to /127.0.0.1:50959" [_thread_blocked, id=7760, stack(0x00000078ffa00000,0x00000078ffb00000)]
  0x000001bf67330800 JavaThread "Stdin handler" [_thread_blocked, id=5300, stack(0x00000078ffb00000,0x00000078ffc00000)]
  0x000001bf67061000 JavaThread "Daemon client event forwarder" [_thread_blocked, id=14092, stack(0x00000078ffc00000,0x00000078ffd00000)]
  0x000001bf67060000 JavaThread "Cache worker for journal cache (C:\Tools\gradle-8.10.2\caches\journal-1)" [_thread_blocked, id=15612, stack(0x0000007880000000,0x0000007880100000)]
  0x000001bf6705f800 JavaThread "File lock request listener" [_thread_in_native, id=5748, stack(0x0000007880100000,0x0000007880200000)]
  0x000001bf67064800 JavaThread "Cache worker for file hash cache (C:\Tools\gradle-8.10.2\caches\8.10.2\fileHashes)" [_thread_blocked, id=10372, stack(0x0000007880200000,0x0000007880300000)]
  0x000001bf688b6000 JavaThread "C2 CompilerThread2" daemon [_thread_in_native, id=5660, stack(0x0000007880300000,0x0000007880400000)]
  0x000001bf67062000 JavaThread "Cache worker for file hash cache (C:\Users\PORTISHEAD\Desktop\MAIL2\GuerrillaMailAPI\.gradle\8.10.2\fileHashes)" [_thread_blocked, id=14100, stack(0x0000007880400000,0x0000007880500000)]
  0x000001bf67062800 JavaThread "Cache worker for Build Output Cleanup Cache (C:\Users\PORTISHEAD\Desktop\MAIL2\GuerrillaMailAPI\.gradle\buildOutputCleanup)" [_thread_blocked, id=13292, stack(0x0000007880500000,0x0000007880600000)]
  0x000001bf67063800 JavaThread "File watcher server" daemon [_thread_in_native, id=13688, stack(0x0000007880600000,0x0000007880700000)]
  0x000001bf67065000 JavaThread "File watcher consumer" daemon [_thread_blocked, id=10420, stack(0x0000007880700000,0x0000007880800000)]
  0x000001bf67066000 JavaThread "Cache worker for checksums cache (C:\Users\PORTISHEAD\Desktop\MAIL2\GuerrillaMailAPI\.gradle\8.10.2\checksums)" [_thread_blocked, id=13936, stack(0x0000007880800000,0x0000007880900000)]
  0x000001bf67547000 JavaThread "Cache worker for file content cache (C:\Tools\gradle-8.10.2\caches\8.10.2\fileContent)" [_thread_blocked, id=5644, stack(0x0000007880900000,0x0000007880a00000)]
  0x000001bf67548800 JavaThread "Cache worker for cache directory md-rule (C:\Tools\gradle-8.10.2\caches\8.10.2\md-rule)" [_thread_blocked, id=11176, stack(0x0000007880a00000,0x0000007880b00000)]
  0x000001bf67548000 JavaThread "Cache worker for cache directory md-supplier (C:\Tools\gradle-8.10.2\caches\8.10.2\md-supplier)" [_thread_blocked, id=3700, stack(0x0000007880b00000,0x0000007880c00000)]
  0x000001bf67546000 JavaThread "jar transforms" [_thread_blocked, id=4968, stack(0x0000007880c00000,0x0000007880d00000)]
  0x000001bf6754a800 JavaThread "jar transforms Thread 2" [_thread_blocked, id=21400, stack(0x0000007880d00000,0x0000007880e00000)]
  0x000001bf6754e800 JavaThread "jar transforms Thread 3" [_thread_blocked, id=10992, stack(0x0000007880e00000,0x0000007880f00000)]
  0x000001bf6754c000 JavaThread "jar transforms Thread 4" [_thread_blocked, id=11240, stack(0x0000007880f00000,0x0000007881000000)]
  0x000001bf6754d000 JavaThread "jar transforms Thread 5" [_thread_blocked, id=11496, stack(0x0000007881000000,0x0000007881100000)]
  0x000001bf6754f000 JavaThread "jar transforms Thread 6" [_thread_blocked, id=13436, stack(0x0000007881100000,0x0000007881200000)]
  0x000001bf67550000 JavaThread "jar transforms Thread 7" [_thread_blocked, id=18460, stack(0x0000007881200000,0x0000007881300000)]
  0x000001bf6754d800 JavaThread "jar transforms Thread 8" [_thread_blocked, id=20964, stack(0x0000007881300000,0x0000007881400000)]
  0x000001bf67551800 JavaThread "Memory manager" [_thread_blocked, id=9204, stack(0x0000007881400000,0x0000007881500000)]

Other Threads:
  0x000001bf63d35800 VMThread "VM Thread" [stack: 0x00000078fe200000,0x00000078fe300000] [id=20504]
  0x000001bf64b14800 WatcherThread [stack: 0x00000078fed00000,0x00000078fee00000] [id=19400]
  0x000001bf48527000 GCTaskThread "GC Thread#0" [stack: 0x00000078fdd00000,0x00000078fde00000] [id=14192]
  0x000001bf64f15000 GCTaskThread "GC Thread#1" [stack: 0x00000078fef00000,0x00000078ff000000] [id=13272]
  0x000001bf64c68000 GCTaskThread "GC Thread#2" [stack: 0x00000078ff000000,0x00000078ff100000] [id=20708]
  0x000001bf650a5000 GCTaskThread "GC Thread#3" [stack: 0x00000078ff100000,0x00000078ff200000] [id=1744]
=>0x000001bf650f0800 GCTaskThread "GC Thread#4" [stack: 0x00000078ff200000,0x00000078ff300000] [id=4220]
  0x000001bf650f1000 GCTaskThread "GC Thread#5" [stack: 0x00000078ff300000,0x00000078ff400000] [id=3856]
  0x000001bf67522800 GCTaskThread "GC Thread#6" [stack: 0x00000078ffd00000,0x00000078ffe00000] [id=5520]
  0x000001bf67556000 GCTaskThread "GC Thread#7" [stack: 0x00000078ffe00000,0x00000078fff00000] [id=21500]
  0x000001bf4853b000 ConcurrentGCThread "G1 Main Marker" [stack: 0x00000078fde00000,0x00000078fdf00000] [id=14132]
  0x000001bf4853c000 ConcurrentGCThread "G1 Conc#0" [stack: 0x00000078fdf00000,0x00000078fe000000] [id=1400]
  0x000001bf669e0800 ConcurrentGCThread "G1 Conc#1" [stack: 0x00000078fff00000,0x0000007900000000] [id=5492]
  0x000001bf4853e800 ConcurrentGCThread "G1 Refine#0" [stack: 0x00000078fe000000,0x00000078fe100000] [id=11172]
  0x000001bf485ce800 ConcurrentGCThread "G1 Young RemSet Sampling" [stack: 0x00000078fe100000,0x00000078fe200000] [id=18924]

Threads with active compile tasks:
C2 CompilerThread0     4780 4900       4       java.util.regex.Pattern::compile (498 bytes)
C1 CompilerThread0     4780 5052       3       org.gradle.internal.reflect.PropertyAccessorType::of (101 bytes)
C2 CompilerThread1     4780 4867       4       org.objectweb.asm.Frame::execute (2303 bytes)
C2 CompilerThread2     4780 4863 %     4       org.gradle.internal.instantiation.generator.AbstractClassGenerator::inspectType @ 207 (560 bytes)

VM state:at safepoint (normal execution)

VM Mutex/Monitor currently owned by a thread:  ([mutex/lock_event])
[0x000001bf4850b110] Threads_lock - owner thread: 0x000001bf63d35800
[0x000001bf4850bbc0] Heap_lock - owner thread: 0x000001bf66d92000

Heap address: 0x00000000e0000000, size: 512 MB, Compressed Oops mode: 32-bit
Narrow klass base: 0x0000000000000000, Narrow klass shift: 3
Compressed class space size: 394264576 Address: 0x0000000100000000

Heap:
 garbage-first heap   total 262144K, used 177508K [0x00000000e0000000, 0x0000000100000000)
  region size 1024K, 153 young (156672K), 15 survivors (15360K)
 Metaspace       used 56605K, capacity 58386K, committed 58540K, reserved 436224K
  class space    used 7476K, capacity 8171K, committed 8192K, reserved 385024K
Heap Regions: E=young(eden), S=young(survivor), O=old, HS=humongous(starts), HC=humongous(continues), CS=collection set, F=free, A=archive, TAMS=top-at-mark-start (previous, next)
|   0|0x00000000e0000000, 0x00000000e0100000, 0x00000000e0100000|100%|HS|  |TAMS 0x00000000e0100000, 0x00000000e0000000| Complete 
|   1|0x00000000e0100000, 0x00000000e0200000, 0x00000000e0200000|100%|HC|  |TAMS 0x00000000e0200000, 0x00000000e0100000| Complete 
|   2|0x00000000e0200000, 0x00000000e0300000, 0x00000000e0300000|100%|HC|  |TAMS 0x00000000e0300000, 0x00000000e0200000| Complete 
|   3|0x00000000e0300000, 0x00000000e0400000, 0x00000000e0400000|100%|HC|  |TAMS 0x00000000e0400000, 0x00000000e0300000| Complete 
|   4|0x00000000e0400000, 0x00000000e0500000, 0x00000000e0500000|100%| O|  |TAMS 0x00000000e0500000, 0x00000000e0400000| Untracked 
|   5|0x00000000e0500000, 0x00000000e0600000, 0x00000000e0600000|100%| O|  |TAMS 0x00000000e0600000, 0x00000000e0500000| Untracked 
|   6|0x00000000e0600000, 0x00000000e0700000, 0x00000000e0700000|100%| O|  |TAMS 0x00000000e0700000, 0x00000000e0600000| Untracked 
|   7|0x00000000e0700000, 0x00000000e0800000, 0x00000000e0800000|100%|HS|  |TAMS 0x00000000e0800000, 0x00000000e0700000| Complete 
|   8|0x00000000e0800000, 0x00000000e0900000, 0x00000000e0900000|100%| O|  |TAMS 0x00000000e0900000, 0x00000000e0800000| Untracked 
|   9|0x00000000e0900000, 0x00000000e0a00000, 0x00000000e0a00000|100%| O|  |TAMS 0x00000000e0a00000, 0x00000000e0900000| Untracked 
|  10|0x00000000e0a00000, 0x00000000e0b00000, 0x00000000e0b00000|100%| O|  |TAMS 0x00000000e0b00000, 0x00000000e0a00000| Untracked 
|  11|0x00000000e0b00000, 0x00000000e0c00000, 0x00000000e0c00000|100%| O|  |TAMS 0x00000000e0c00000, 0x00000000e0b00000| Untracked 
|  12|0x00000000e0c00000, 0x00000000e0d00000, 0x00000000e0d00000|100%| O|  |TAMS 0x00000000e0d00000, 0x00000000e0c00000| Untracked 
|  13|0x00000000e0d00000, 0x00000000e0e00000, 0x00000000e0e00000|100%| O|  |TAMS 0x00000000e0e00000, 0x00000000e0d00000| Untracked 
|  14|0x00000000e0e00000, 0x00000000e0f00000, 0x00000000e0f00000|100%| O|  |TAMS 0x00000000e0f00000, 0x00000000e0e00000| Untracked 
|  15|0x00000000e0f00000, 0x00000000e1000000, 0x00000000e1000000|100%| O|  |TAMS 0x00000000e1000000, 0x00000000e0f00000| Untracked 
|  16|0x00000000e1000000, 0x00000000e1100000, 0x00000000e1100000|100%| O|  |TAMS 0x00000000e1100000, 0x00000000e1000000| Untracked 
|  17|0x00000000e1100000, 0x00000000e1200000, 0x00000000e1200000|100%| O|  |TAMS 0x00000000e1200000, 0x00000000e1100000| Untracked 
|  18|0x00000000e1200000, 0x00000000e1300000, 0x00000000e1300000|100%| O|  |TAMS 0x00000000e12e3000, 0x00000000e1200000| Untracked 
|  19|0x00000000e1300000, 0x00000000e1400000, 0x00000000e1400000|100%|HS|  |TAMS 0x00000000e1300000, 0x00000000e1300000| Complete 
|  20|0x00000000e1400000, 0x00000000e1500000, 0x00000000e1500000|100%|HS|  |TAMS 0x00000000e1400000, 0x00000000e1400000| Complete 
|  21|0x00000000e1500000, 0x00000000e1600000, 0x00000000e1600000|100%| O|  |TAMS 0x00000000e1500000, 0x00000000e1500000| Untracked 
|  22|0x00000000e1600000, 0x00000000e1700000, 0x00000000e1700000|100%| O|  |TAMS 0x00000000e1600000, 0x00000000e1600000| Untracked 
|  23|0x00000000e1700000, 0x00000000e1800000, 0x00000000e1800000|100%| O|  |TAMS 0x00000000e1700000, 0x00000000e1700000| Untracked 
|  24|0x00000000e1800000, 0x00000000e1900000, 0x00000000e1900000|100%| O|  |TAMS 0x00000000e1800000, 0x00000000e1800000| Untracked 
|  25|0x00000000e1900000, 0x00000000e19c90e8, 0x00000000e1a00000| 78%| O|  |TAMS 0x00000000e1900000, 0x00000000e1900000| Untracked 
|  26|0x00000000e1a00000, 0x00000000e1a00000, 0x00000000e1b00000|  0%| F|  |TAMS 0x00000000e1a00000, 0x00000000e1a00000| Untracked 
|  27|0x00000000e1b00000, 0x00000000e1b00000, 0x00000000e1c00000|  0%| F|  |TAMS 0x00000000e1b00000, 0x00000000e1b00000| Untracked 
|  28|0x00000000e1c00000, 0x00000000e1c00000, 0x00000000e1d00000|  0%| F|  |TAMS 0x00000000e1c00000, 0x00000000e1c00000| Untracked 
|  29|0x00000000e1d00000, 0x00000000e1d00000, 0x00000000e1e00000|  0%| F|  |TAMS 0x00000000e1d00000, 0x00000000e1d00000| Untracked 
|  30|0x00000000e1e00000, 0x00000000e1e00000, 0x00000000e1f00000|  0%| F|  |TAMS 0x00000000e1e00000, 0x00000000e1e00000| Untracked 
|  31|0x00000000e1f00000, 0x00000000e1f00000, 0x00000000e2000000|  0%| F|  |TAMS 0x00000000e1f00000, 0x00000000e1f00000| Untracked 
|  32|0x00000000e2000000, 0x00000000e2000000, 0x00000000e2100000|  0%| F|  |TAMS 0x00000000e2000000, 0x00000000e2000000| Untracked 
|  33|0x00000000e2100000, 0x00000000e2100000, 0x00000000e2200000|  0%| F|  |TAMS 0x00000000e2100000, 0x00000000e2100000| Untracked 
|  34|0x00000000e2200000, 0x00000000e2200000, 0x00000000e2300000|  0%| F|  |TAMS 0x00000000e2200000, 0x00000000e2200000| Untracked 
|  35|0x00000000e2300000, 0x00000000e2300000, 0x00000000e2400000|  0%| F|  |TAMS 0x00000000e2300000, 0x00000000e2300000| Untracked 
|  36|0x00000000e2400000, 0x00000000e2400000, 0x00000000e2500000|  0%| F|  |TAMS 0x00000000e2400000, 0x00000000e2400000| Untracked 
|  37|0x00000000e2500000, 0x00000000e2500000, 0x00000000e2600000|  0%| F|  |TAMS 0x00000000e2500000, 0x00000000e2500000| Untracked 
|  38|0x00000000e2600000, 0x00000000e2600000, 0x00000000e2700000|  0%| F|  |TAMS 0x00000000e2600000, 0x00000000e2600000| Untracked 
|  39|0x00000000e2700000, 0x00000000e2700000, 0x00000000e2800000|  0%| F|  |TAMS 0x00000000e2700000, 0x00000000e2700000| Untracked 
|  40|0x00000000e2800000, 0x00000000e2800000, 0x00000000e2900000|  0%| F|  |TAMS 0x00000000e2800000, 0x00000000e2800000| Untracked 
|  41|0x00000000e2900000, 0x00000000e2900000, 0x00000000e2a00000|  0%| F|  |TAMS 0x00000000e2900000, 0x00000000e2900000| Untracked 
|  42|0x00000000e2a00000, 0x00000000e2a00000, 0x00000000e2b00000|  0%| F|  |TAMS 0x00000000e2a00000, 0x00000000e2a00000| Untracked 
|  43|0x00000000e2b00000, 0x00000000e2b00000, 0x00000000e2c00000|  0%| F|  |TAMS 0x00000000e2b00000, 0x00000000e2b00000| Untracked 
|  44|0x00000000e2c00000, 0x00000000e2c00000, 0x00000000e2d00000|  0%| F|  |TAMS 0x00000000e2c00000, 0x00000000e2c00000| Untracked 
|  45|0x00000000e2d00000, 0x00000000e2d00000, 0x00000000e2e00000|  0%| F|  |TAMS 0x00000000e2d00000, 0x00000000e2d00000| Untracked 
|  46|0x00000000e2e00000, 0x00000000e2e00000, 0x00000000e2f00000|  0%| F|  |TAMS 0x00000000e2e00000, 0x00000000e2e00000| Untracked 
|  47|0x00000000e2f00000, 0x00000000e2f00000, 0x00000000e3000000|  0%| F|  |TAMS 0x00000000e2f00000, 0x00000000e2f00000| Untracked 
|  48|0x00000000e3000000, 0x00000000e3000000, 0x00000000e3100000|  0%| F|  |TAMS 0x00000000e3000000, 0x00000000e3000000| Untracked 
|  49|0x00000000e3100000, 0x00000000e3100000, 0x00000000e3200000|  0%| F|  |TAMS 0x00000000e3100000, 0x00000000e3100000| Untracked 
|  50|0x00000000e3200000, 0x00000000e3200000, 0x00000000e3300000|  0%| F|  |TAMS 0x00000000e3200000, 0x00000000e3200000| Untracked 
|  51|0x00000000e3300000, 0x00000000e3300000, 0x00000000e3400000|  0%| F|  |TAMS 0x00000000e3300000, 0x00000000e3300000| Untracked 
|  52|0x00000000e3400000, 0x00000000e3400000, 0x00000000e3500000|  0%| F|  |TAMS 0x00000000e3400000, 0x00000000e3400000| Untracked 
|  53|0x00000000e3500000, 0x00000000e3500000, 0x00000000e3600000|  0%| F|  |TAMS 0x00000000e3500000, 0x00000000e3500000| Untracked 
|  54|0x00000000e3600000, 0x00000000e3600000, 0x00000000e3700000|  0%| F|  |TAMS 0x00000000e3600000, 0x00000000e3600000| Untracked 
|  55|0x00000000e3700000, 0x00000000e3700000, 0x00000000e3800000|  0%| F|  |TAMS 0x00000000e3700000, 0x00000000e3700000| Untracked 
|  56|0x00000000e3800000, 0x00000000e3800000, 0x00000000e3900000|  0%| F|  |TAMS 0x00000000e3800000, 0x00000000e3800000| Untracked 
|  57|0x00000000e3900000, 0x00000000e3900000, 0x00000000e3a00000|  0%| F|  |TAMS 0x00000000e3900000, 0x00000000e3900000| Untracked 
|  58|0x00000000e3a00000, 0x00000000e3a00000, 0x00000000e3b00000|  0%| F|  |TAMS 0x00000000e3a00000, 0x00000000e3a00000| Untracked 
|  59|0x00000000e3b00000, 0x00000000e3b00000, 0x00000000e3c00000|  0%| F|  |TAMS 0x00000000e3b00000, 0x00000000e3b00000| Untracked 
|  60|0x00000000e3c00000, 0x00000000e3c00000, 0x00000000e3d00000|  0%| F|  |TAMS 0x00000000e3c00000, 0x00000000e3c00000| Untracked 
|  61|0x00000000e3d00000, 0x00000000e3d00000, 0x00000000e3e00000|  0%| F|  |TAMS 0x00000000e3d00000, 0x00000000e3d00000| Untracked 
|  62|0x00000000e3e00000, 0x00000000e3e00000, 0x00000000e3f00000|  0%| F|  |TAMS 0x00000000e3e00000, 0x00000000e3e00000| Untracked 
|  63|0x00000000e3f00000, 0x00000000e3f00000, 0x00000000e4000000|  0%| F|  |TAMS 0x00000000e3f00000, 0x00000000e3f00000| Untracked 
|  64|0x00000000e4000000, 0x00000000e4000000, 0x00000000e4100000|  0%| F|  |TAMS 0x00000000e4000000, 0x00000000e4000000| Untracked 
|  65|0x00000000e4100000, 0x00000000e4100000, 0x00000000e4200000|  0%| F|  |TAMS 0x00000000e4100000, 0x00000000e4100000| Untracked 
|  66|0x00000000e4200000, 0x00000000e4200000, 0x00000000e4300000|  0%| F|  |TAMS 0x00000000e4200000, 0x00000000e4200000| Untracked 
|  67|0x00000000e4300000, 0x00000000e4300000, 0x00000000e4400000|  0%| F|  |TAMS 0x00000000e4300000, 0x00000000e4300000| Untracked 
|  68|0x00000000e4400000, 0x00000000e4400000, 0x00000000e4500000|  0%| F|  |TAMS 0x00000000e4400000, 0x00000000e4400000| Untracked 
|  69|0x00000000e4500000, 0x00000000e4500000, 0x00000000e4600000|  0%| F|  |TAMS 0x00000000e4500000, 0x00000000e4500000| Untracked 
|  70|0x00000000e4600000, 0x00000000e4600000, 0x00000000e4700000|  0%| F|  |TAMS 0x00000000e4600000, 0x00000000e4600000| Untracked 
|  71|0x00000000e4700000, 0x00000000e4700000, 0x00000000e4800000|  0%| F|  |TAMS 0x00000000e4700000, 0x00000000e4700000| Untracked 
|  72|0x00000000e4800000, 0x00000000e4800000, 0x00000000e4900000|  0%| F|  |TAMS 0x00000000e4800000, 0x00000000e4800000| Untracked 
|  73|0x00000000e4900000, 0x00000000e4900000, 0x00000000e4a00000|  0%| F|  |TAMS 0x00000000e4900000, 0x00000000e4900000| Untracked 
|  74|0x00000000e4a00000, 0x00000000e4a00000, 0x00000000e4b00000|  0%| F|  |TAMS 0x00000000e4a00000, 0x00000000e4a00000| Untracked 
|  75|0x00000000e4b00000, 0x00000000e4b00000, 0x00000000e4c00000|  0%| F|  |TAMS 0x00000000e4b00000, 0x00000000e4b00000| Untracked 
|  76|0x00000000e4c00000, 0x00000000e4c00000, 0x00000000e4d00000|  0%| F|  |TAMS 0x00000000e4c00000, 0x00000000e4c00000| Untracked 
|  77|0x00000000e4d00000, 0x00000000e4d00000, 0x00000000e4e00000|  0%| F|  |TAMS 0x00000000e4d00000, 0x00000000e4d00000| Untracked 
|  78|0x00000000e4e00000, 0x00000000e4e00000, 0x00000000e4f00000|  0%| F|  |TAMS 0x00000000e4e00000, 0x00000000e4e00000| Untracked 
|  79|0x00000000e4f00000, 0x00000000e4f00000, 0x00000000e5000000|  0%| F|  |TAMS 0x00000000e4f00000, 0x00000000e4f00000| Untracked 
|  80|0x00000000e5000000, 0x00000000e5000000, 0x00000000e5100000|  0%| F|  |TAMS 0x00000000e5000000, 0x00000000e5000000| Untracked 
|  81|0x00000000e5100000, 0x00000000e5100000, 0x00000000e5200000|  0%| F|  |TAMS 0x00000000e5100000, 0x00000000e5100000| Untracked 
|  82|0x00000000e5200000, 0x00000000e5200000, 0x00000000e5300000|  0%| F|  |TAMS 0x00000000e5200000, 0x00000000e5200000| Untracked 
|  83|0x00000000e5300000, 0x00000000e5300000, 0x00000000e5400000|  0%| F|  |TAMS 0x00000000e5300000, 0x00000000e5300000| Untracked 
|  84|0x00000000e5400000, 0x00000000e5400000, 0x00000000e5500000|  0%| F|  |TAMS 0x00000000e5400000, 0x00000000e5400000| Untracked 
|  85|0x00000000e5500000, 0x00000000e5500000, 0x00000000e5600000|  0%| F|  |TAMS 0x00000000e5500000, 0x00000000e5500000| Untracked 
|  86|0x00000000e5600000, 0x00000000e5600000, 0x00000000e5700000|  0%| F|  |TAMS 0x00000000e5600000, 0x00000000e5600000| Untracked 
|  87|0x00000000e5700000, 0x00000000e5700000, 0x00000000e5800000|  0%| F|  |TAMS 0x00000000e5700000, 0x00000000e5700000| Untracked 
|  88|0x00000000e5800000, 0x00000000e5876190, 0x00000000e5900000| 46%| E|CS|TAMS 0x00000000e5800000, 0x00000000e5800000| Complete 
|  89|0x00000000e5900000, 0x00000000e5a00000, 0x00000000e5a00000|100%| E|CS|TAMS 0x00000000e5900000, 0x00000000e5900000| Complete 
|  90|0x00000000e5a00000, 0x00000000e5b00000, 0x00000000e5b00000|100%| E|CS|TAMS 0x00000000e5a00000, 0x00000000e5a00000| Complete 
|  91|0x00000000e5b00000, 0x00000000e5c00000, 0x00000000e5c00000|100%| E|CS|TAMS 0x00000000e5b00000, 0x00000000e5b00000| Complete 
|  92|0x00000000e5c00000, 0x00000000e5d00000, 0x00000000e5d00000|100%| E|CS|TAMS 0x00000000e5c00000, 0x00000000e5c00000| Complete 
|  93|0x00000000e5d00000, 0x00000000e5e00000, 0x00000000e5e00000|100%| E|CS|TAMS 0x00000000e5d00000, 0x00000000e5d00000| Complete 
|  94|0x00000000e5e00000, 0x00000000e5f00000, 0x00000000e5f00000|100%| E|CS|TAMS 0x00000000e5e00000, 0x00000000e5e00000| Complete 
|  95|0x00000000e5f00000, 0x00000000e6000000, 0x00000000e6000000|100%| E|CS|TAMS 0x00000000e5f00000, 0x00000000e5f00000| Complete 
|  96|0x00000000e6000000, 0x00000000e6100000, 0x00000000e6100000|100%| E|CS|TAMS 0x00000000e6000000, 0x00000000e6000000| Complete 
|  97|0x00000000e6100000, 0x00000000e6200000, 0x00000000e6200000|100%| E|CS|TAMS 0x00000000e6100000, 0x00000000e6100000| Complete 
|  98|0x00000000e6200000, 0x00000000e6300000, 0x00000000e6300000|100%| E|CS|TAMS 0x00000000e6200000, 0x00000000e6200000| Complete 
|  99|0x00000000e6300000, 0x00000000e6400000, 0x00000000e6400000|100%| E|CS|TAMS 0x00000000e6300000, 0x00000000e6300000| Complete 
| 100|0x00000000e6400000, 0x00000000e6500000, 0x00000000e6500000|100%| E|CS|TAMS 0x00000000e6400000, 0x00000000e6400000| Complete 
| 101|0x00000000e6500000, 0x00000000e6600000, 0x00000000e6600000|100%| E|CS|TAMS 0x00000000e6500000, 0x00000000e6500000| Complete 
| 102|0x00000000e6600000, 0x00000000e6700000, 0x00000000e6700000|100%| E|CS|TAMS 0x00000000e6600000, 0x00000000e6600000| Complete 
| 103|0x00000000e6700000, 0x00000000e67858e0, 0x00000000e6800000| 52%| S|  |TAMS 0x00000000e6700000, 0x00000000e6700000| Complete 
| 104|0x00000000e6800000, 0x00000000e6900000, 0x00000000e6900000|100%| S|  |TAMS 0x00000000e6800000, 0x00000000e6800000| Complete 
| 105|0x00000000e6900000, 0x00000000e6a00000, 0x00000000e6a00000|100%| S|  |TAMS 0x00000000e6900000, 0x00000000e6900000| Complete 
| 106|0x00000000e6a00000, 0x00000000e6b00000, 0x00000000e6b00000|100%| S|  |TAMS 0x00000000e6a00000, 0x00000000e6a00000| Complete 
| 107|0x00000000e6b00000, 0x00000000e6c00000, 0x00000000e6c00000|100%| S|  |TAMS 0x00000000e6b00000, 0x00000000e6b00000| Complete 
| 108|0x00000000e6c00000, 0x00000000e6d00000, 0x00000000e6d00000|100%| S|  |TAMS 0x00000000e6c00000, 0x00000000e6c00000| Complete 
| 109|0x00000000e6d00000, 0x00000000e6e00000, 0x00000000e6e00000|100%| S|  |TAMS 0x00000000e6d00000, 0x00000000e6d00000| Complete 
| 110|0x00000000e6e00000, 0x00000000e6f00000, 0x00000000e6f00000|100%| S|  |TAMS 0x00000000e6e00000, 0x00000000e6e00000| Complete 
| 111|0x00000000e6f00000, 0x00000000e7000000, 0x00000000e7000000|100%| S|  |TAMS 0x00000000e6f00000, 0x00000000e6f00000| Complete 
| 112|0x00000000e7000000, 0x00000000e7100000, 0x00000000e7100000|100%| S|  |TAMS 0x00000000e7000000, 0x00000000e7000000| Complete 
| 113|0x00000000e7100000, 0x00000000e7200000, 0x00000000e7200000|100%| S|  |TAMS 0x00000000e7100000, 0x00000000e7100000| Complete 
| 114|0x00000000e7200000, 0x00000000e7300000, 0x00000000e7300000|100%| S|  |TAMS 0x00000000e7200000, 0x00000000e7200000| Complete 
| 115|0x00000000e7300000, 0x00000000e7400000, 0x00000000e7400000|100%| S|  |TAMS 0x00000000e7300000, 0x00000000e7300000| Complete 
| 116|0x00000000e7400000, 0x00000000e7500000, 0x00000000e7500000|100%| S|  |TAMS 0x00000000e7400000, 0x00000000e7400000| Complete 
| 117|0x00000000e7500000, 0x00000000e7600000, 0x00000000e7600000|100%| S|  |TAMS 0x00000000e7500000, 0x00000000e7500000| Complete 
| 118|0x00000000e7600000, 0x00000000e7700000, 0x00000000e7700000|100%| E|CS|TAMS 0x00000000e7600000, 0x00000000e7600000| Complete 
| 119|0x00000000e7700000, 0x00000000e7800000, 0x00000000e7800000|100%| E|CS|TAMS 0x00000000e7700000, 0x00000000e7700000| Complete 
| 120|0x00000000e7800000, 0x00000000e7900000, 0x00000000e7900000|100%| E|CS|TAMS 0x00000000e7800000, 0x00000000e7800000| Complete 
| 121|0x00000000e7900000, 0x00000000e7a00000, 0x00000000e7a00000|100%| E|CS|TAMS 0x00000000e7900000, 0x00000000e7900000| Complete 
| 122|0x00000000e7a00000, 0x00000000e7b00000, 0x00000000e7b00000|100%| E|CS|TAMS 0x00000000e7a00000, 0x00000000e7a00000| Complete 
| 123|0x00000000e7b00000, 0x00000000e7c00000, 0x00000000e7c00000|100%| E|CS|TAMS 0x00000000e7b00000, 0x00000000e7b00000| Complete 
| 124|0x00000000e7c00000, 0x00000000e7d00000, 0x00000000e7d00000|100%| E|CS|TAMS 0x00000000e7c00000, 0x00000000e7c00000| Complete 
| 125|0x00000000e7d00000, 0x00000000e7e00000, 0x00000000e7e00000|100%| E|CS|TAMS 0x00000000e7d00000, 0x00000000e7d00000| Complete 
| 126|0x00000000e7e00000, 0x00000000e7f00000, 0x00000000e7f00000|100%| E|CS|TAMS 0x00000000e7e00000, 0x00000000e7e00000| Complete 
| 127|0x00000000e7f00000, 0x00000000e8000000, 0x00000000e8000000|100%| E|CS|TAMS 0x00000000e7f00000, 0x00000000e7f00000| Complete 
| 128|0x00000000e8000000, 0x00000000e8100000, 0x00000000e8100000|100%| E|CS|TAMS 0x00000000e8000000, 0x00000000e8000000| Complete 
| 129|0x00000000e8100000, 0x00000000e8200000, 0x00000000e8200000|100%| E|CS|TAMS 0x00000000e8100000, 0x00000000e8100000| Complete 
| 130|0x00000000e8200000, 0x00000000e8300000, 0x00000000e8300000|100%| E|CS|TAMS 0x00000000e8200000, 0x00000000e8200000| Complete 
| 131|0x00000000e8300000, 0x00000000e8400000, 0x00000000e8400000|100%| E|CS|TAMS 0x00000000e8300000, 0x00000000e8300000| Complete 
| 132|0x00000000e8400000, 0x00000000e8500000, 0x00000000e8500000|100%| E|CS|TAMS 0x00000000e8400000, 0x00000000e8400000| Complete 
| 133|0x00000000e8500000, 0x00000000e8600000, 0x00000000e8600000|100%| E|CS|TAMS 0x00000000e8500000, 0x00000000e8500000| Complete 
| 134|0x00000000e8600000, 0x00000000e8700000, 0x00000000e8700000|100%| E|CS|TAMS 0x00000000e8600000, 0x00000000e8600000| Complete 
| 135|0x00000000e8700000, 0x00000000e8800000, 0x00000000e8800000|100%| E|CS|TAMS 0x00000000e8700000, 0x00000000e8700000| Complete 
| 136|0x00000000e8800000, 0x00000000e8900000, 0x00000000e8900000|100%| E|CS|TAMS 0x00000000e8800000, 0x00000000e8800000| Complete 
| 137|0x00000000e8900000, 0x00000000e8a00000, 0x00000000e8a00000|100%| E|CS|TAMS 0x00000000e8900000, 0x00000000e8900000| Complete 
| 138|0x00000000e8a00000, 0x00000000e8b00000, 0x00000000e8b00000|100%| E|CS|TAMS 0x00000000e8a00000, 0x00000000e8a00000| Complete 
| 139|0x00000000e8b00000, 0x00000000e8c00000, 0x00000000e8c00000|100%| E|CS|TAMS 0x00000000e8b00000, 0x00000000e8b00000| Complete 
| 140|0x00000000e8c00000, 0x00000000e8d00000, 0x00000000e8d00000|100%| E|CS|TAMS 0x00000000e8c00000, 0x00000000e8c00000| Complete 
| 141|0x00000000e8d00000, 0x00000000e8e00000, 0x00000000e8e00000|100%| E|CS|TAMS 0x00000000e8d00000, 0x00000000e8d00000| Complete 
| 142|0x00000000e8e00000, 0x00000000e8f00000, 0x00000000e8f00000|100%| E|CS|TAMS 0x00000000e8e00000, 0x00000000e8e00000| Complete 
| 143|0x00000000e8f00000, 0x00000000e9000000, 0x00000000e9000000|100%| E|CS|TAMS 0x00000000e8f00000, 0x00000000e8f00000| Complete 
| 144|0x00000000e9000000, 0x00000000e9100000, 0x00000000e9100000|100%| E|CS|TAMS 0x00000000e9000000, 0x00000000e9000000| Complete 
| 145|0x00000000e9100000, 0x00000000e9200000, 0x00000000e9200000|100%| E|CS|TAMS 0x00000000e9100000, 0x00000000e9100000| Complete 
| 146|0x00000000e9200000, 0x00000000e9300000, 0x00000000e9300000|100%| E|CS|TAMS 0x00000000e9200000, 0x00000000e9200000| Complete 
| 147|0x00000000e9300000, 0x00000000e9400000, 0x00000000e9400000|100%| E|CS|TAMS 0x00000000e9300000, 0x00000000e9300000| Complete 
| 148|0x00000000e9400000, 0x00000000e9500000, 0x00000000e9500000|100%| E|CS|TAMS 0x00000000e9400000, 0x00000000e9400000| Complete 
| 149|0x00000000e9500000, 0x00000000e9600000, 0x00000000e9600000|100%| E|CS|TAMS 0x00000000e9500000, 0x00000000e9500000| Complete 
| 150|0x00000000e9600000, 0x00000000e9700000, 0x00000000e9700000|100%| E|CS|TAMS 0x00000000e9600000, 0x00000000e9600000| Complete 
| 151|0x00000000e9700000, 0x00000000e9800000, 0x00000000e9800000|100%| E|CS|TAMS 0x00000000e9700000, 0x00000000e9700000| Complete 
| 152|0x00000000e9800000, 0x00000000e9900000, 0x00000000e9900000|100%| E|CS|TAMS 0x00000000e9800000, 0x00000000e9800000| Complete 
| 153|0x00000000e9900000, 0x00000000e9a00000, 0x00000000e9a00000|100%| E|CS|TAMS 0x00000000e9900000, 0x00000000e9900000| Complete 
| 154|0x00000000e9a00000, 0x00000000e9b00000, 0x00000000e9b00000|100%| E|CS|TAMS 0x00000000e9a00000, 0x00000000e9a00000| Complete 
| 155|0x00000000e9b00000, 0x00000000e9c00000, 0x00000000e9c00000|100%| E|CS|TAMS 0x00000000e9b00000, 0x00000000e9b00000| Complete 
| 156|0x00000000e9c00000, 0x00000000e9d00000, 0x00000000e9d00000|100%| E|CS|TAMS 0x00000000e9c00000, 0x00000000e9c00000| Complete 
| 157|0x00000000e9d00000, 0x00000000e9e00000, 0x00000000e9e00000|100%| E|CS|TAMS 0x00000000e9d00000, 0x00000000e9d00000| Complete 
| 158|0x00000000e9e00000, 0x00000000e9f00000, 0x00000000e9f00000|100%| E|CS|TAMS 0x00000000e9e00000, 0x00000000e9e00000| Complete 
| 159|0x00000000e9f00000, 0x00000000ea000000, 0x00000000ea000000|100%| E|CS|TAMS 0x00000000e9f00000, 0x00000000e9f00000| Complete 
| 160|0x00000000ea000000, 0x00000000ea100000, 0x00000000ea100000|100%| E|CS|TAMS 0x00000000ea000000, 0x00000000ea000000| Complete 
| 161|0x00000000ea100000, 0x00000000ea200000, 0x00000000ea200000|100%| E|CS|TAMS 0x00000000ea100000, 0x00000000ea100000| Complete 
| 162|0x00000000ea200000, 0x00000000ea300000, 0x00000000ea300000|100%| E|CS|TAMS 0x00000000ea200000, 0x00000000ea200000| Complete 
| 163|0x00000000ea300000, 0x00000000ea400000, 0x00000000ea400000|100%| E|CS|TAMS 0x00000000ea300000, 0x00000000ea300000| Complete 
| 164|0x00000000ea400000, 0x00000000ea500000, 0x00000000ea500000|100%| E|CS|TAMS 0x00000000ea400000, 0x00000000ea400000| Complete 
| 165|0x00000000ea500000, 0x00000000ea600000, 0x00000000ea600000|100%| E|CS|TAMS 0x00000000ea500000, 0x00000000ea500000| Complete 
| 166|0x00000000ea600000, 0x00000000ea700000, 0x00000000ea700000|100%| E|CS|TAMS 0x00000000ea600000, 0x00000000ea600000| Complete 
| 167|0x00000000ea700000, 0x00000000ea800000, 0x00000000ea800000|100%| E|CS|TAMS 0x00000000ea700000, 0x00000000ea700000| Complete 
| 168|0x00000000ea800000, 0x00000000ea900000, 0x00000000ea900000|100%| E|CS|TAMS 0x00000000ea800000, 0x00000000ea800000| Complete 
| 169|0x00000000ea900000, 0x00000000eaa00000, 0x00000000eaa00000|100%| E|CS|TAMS 0x00000000ea900000, 0x00000000ea900000| Complete 
| 170|0x00000000eaa00000, 0x00000000eab00000, 0x00000000eab00000|100%| E|CS|TAMS 0x00000000eaa00000, 0x00000000eaa00000| Complete 
| 171|0x00000000eab00000, 0x00000000eac00000, 0x00000000eac00000|100%| E|CS|TAMS 0x00000000eab00000, 0x00000000eab00000| Complete 
| 172|0x00000000eac00000, 0x00000000ead00000, 0x00000000ead00000|100%| E|CS|TAMS 0x00000000eac00000, 0x00000000eac00000| Complete 
| 173|0x00000000ead00000, 0x00000000eae00000, 0x00000000eae00000|100%| E|CS|TAMS 0x00000000ead00000, 0x00000000ead00000| Complete 
| 174|0x00000000eae00000, 0x00000000eaf00000, 0x00000000eaf00000|100%| E|CS|TAMS 0x00000000eae00000, 0x00000000eae00000| Complete 
| 175|0x00000000eaf00000, 0x00000000eb000000, 0x00000000eb000000|100%| E|CS|TAMS 0x00000000eaf00000, 0x00000000eaf00000| Complete 
| 176|0x00000000eb000000, 0x00000000eb100000, 0x00000000eb100000|100%| E|CS|TAMS 0x00000000eb000000, 0x00000000eb000000| Complete 
| 177|0x00000000eb100000, 0x00000000eb200000, 0x00000000eb200000|100%| E|CS|TAMS 0x00000000eb100000, 0x00000000eb100000| Complete 
| 178|0x00000000eb200000, 0x00000000eb300000, 0x00000000eb300000|100%| E|CS|TAMS 0x00000000eb200000, 0x00000000eb200000| Complete 
| 179|0x00000000eb300000, 0x00000000eb400000, 0x00000000eb400000|100%| E|CS|TAMS 0x00000000eb300000, 0x00000000eb300000| Complete 
| 180|0x00000000eb400000, 0x00000000eb500000, 0x00000000eb500000|100%| E|CS|TAMS 0x00000000eb400000, 0x00000000eb400000| Complete 
| 181|0x00000000eb500000, 0x00000000eb600000, 0x00000000eb600000|100%| E|CS|TAMS 0x00000000eb500000, 0x00000000eb500000| Complete 
| 182|0x00000000eb600000, 0x00000000eb700000, 0x00000000eb700000|100%| E|CS|TAMS 0x00000000eb600000, 0x00000000eb600000| Complete 
| 183|0x00000000eb700000, 0x00000000eb800000, 0x00000000eb800000|100%| E|CS|TAMS 0x00000000eb700000, 0x00000000eb700000| Complete 
| 184|0x00000000eb800000, 0x00000000eb900000, 0x00000000eb900000|100%| E|CS|TAMS 0x00000000eb800000, 0x00000000eb800000| Complete 
| 185|0x00000000eb900000, 0x00000000eba00000, 0x00000000eba00000|100%| E|CS|TAMS 0x00000000eb900000, 0x00000000eb900000| Complete 
| 186|0x00000000eba00000, 0x00000000ebb00000, 0x00000000ebb00000|100%| E|CS|TAMS 0x00000000eba00000, 0x00000000eba00000| Complete 
| 187|0x00000000ebb00000, 0x00000000ebc00000, 0x00000000ebc00000|100%| E|CS|TAMS 0x00000000ebb00000, 0x00000000ebb00000| Complete 
| 188|0x00000000ebc00000, 0x00000000ebd00000, 0x00000000ebd00000|100%| E|CS|TAMS 0x00000000ebc00000, 0x00000000ebc00000| Complete 
| 189|0x00000000ebd00000, 0x00000000ebe00000, 0x00000000ebe00000|100%| E|CS|TAMS 0x00000000ebd00000, 0x00000000ebd00000| Complete 
| 190|0x00000000ebe00000, 0x00000000ebf00000, 0x00000000ebf00000|100%| E|CS|TAMS 0x00000000ebe00000, 0x00000000ebe00000| Complete 
| 191|0x00000000ebf00000, 0x00000000ec000000, 0x00000000ec000000|100%| E|CS|TAMS 0x00000000ebf00000, 0x00000000ebf00000| Complete 
| 192|0x00000000ec000000, 0x00000000ec100000, 0x00000000ec100000|100%| E|CS|TAMS 0x00000000ec000000, 0x00000000ec000000| Complete 
| 193|0x00000000ec100000, 0x00000000ec200000, 0x00000000ec200000|100%| E|CS|TAMS 0x00000000ec100000, 0x00000000ec100000| Complete 
| 194|0x00000000ec200000, 0x00000000ec300000, 0x00000000ec300000|100%| E|CS|TAMS 0x00000000ec200000, 0x00000000ec200000| Complete 
| 195|0x00000000ec300000, 0x00000000ec400000, 0x00000000ec400000|100%| E|CS|TAMS 0x00000000ec300000, 0x00000000ec300000| Complete 
| 196|0x00000000ec400000, 0x00000000ec500000, 0x00000000ec500000|100%| E|CS|TAMS 0x00000000ec400000, 0x00000000ec400000| Complete 
| 197|0x00000000ec500000, 0x00000000ec600000, 0x00000000ec600000|100%| E|CS|TAMS 0x00000000ec500000, 0x00000000ec500000| Complete 
| 198|0x00000000ec600000, 0x00000000ec700000, 0x00000000ec700000|100%| E|CS|TAMS 0x00000000ec600000, 0x00000000ec600000| Complete 
| 199|0x00000000ec700000, 0x00000000ec800000, 0x00000000ec800000|100%| E|CS|TAMS 0x00000000ec700000, 0x00000000ec700000| Complete 
| 200|0x00000000ec800000, 0x00000000ec900000, 0x00000000ec900000|100%| E|CS|TAMS 0x00000000ec800000, 0x00000000ec800000| Complete 
| 201|0x00000000ec900000, 0x00000000eca00000, 0x00000000eca00000|100%| E|CS|TAMS 0x00000000ec900000, 0x00000000ec900000| Complete 
| 202|0x00000000eca00000, 0x00000000ecb00000, 0x00000000ecb00000|100%| E|CS|TAMS 0x00000000eca00000, 0x00000000eca00000| Complete 
| 203|0x00000000ecb00000, 0x00000000ecc00000, 0x00000000ecc00000|100%| E|CS|TAMS 0x00000000ecb00000, 0x00000000ecb00000| Complete 
| 204|0x00000000ecc00000, 0x00000000ecd00000, 0x00000000ecd00000|100%| E|CS|TAMS 0x00000000ecc00000, 0x00000000ecc00000| Complete 
| 205|0x00000000ecd00000, 0x00000000ece00000, 0x00000000ece00000|100%| E|CS|TAMS 0x00000000ecd00000, 0x00000000ecd00000| Complete 
| 206|0x00000000ece00000, 0x00000000ecf00000, 0x00000000ecf00000|100%| E|CS|TAMS 0x00000000ece00000, 0x00000000ece00000| Complete 
| 207|0x00000000ecf00000, 0x00000000ed000000, 0x00000000ed000000|100%| E|CS|TAMS 0x00000000ecf00000, 0x00000000ecf00000| Complete 
| 208|0x00000000ed000000, 0x00000000ed100000, 0x00000000ed100000|100%| E|CS|TAMS 0x00000000ed000000, 0x00000000ed000000| Complete 
| 209|0x00000000ed100000, 0x00000000ed200000, 0x00000000ed200000|100%| E|CS|TAMS 0x00000000ed100000, 0x00000000ed100000| Complete 
| 210|0x00000000ed200000, 0x00000000ed300000, 0x00000000ed300000|100%| E|CS|TAMS 0x00000000ed200000, 0x00000000ed200000| Complete 
| 211|0x00000000ed300000, 0x00000000ed400000, 0x00000000ed400000|100%| E|CS|TAMS 0x00000000ed300000, 0x00000000ed300000| Complete 
| 212|0x00000000ed400000, 0x00000000ed500000, 0x00000000ed500000|100%| E|CS|TAMS 0x00000000ed400000, 0x00000000ed400000| Complete 
| 213|0x00000000ed500000, 0x00000000ed600000, 0x00000000ed600000|100%| E|CS|TAMS 0x00000000ed500000, 0x00000000ed500000| Complete 
| 214|0x00000000ed600000, 0x00000000ed700000, 0x00000000ed700000|100%| E|CS|TAMS 0x00000000ed600000, 0x00000000ed600000| Complete 
| 215|0x00000000ed700000, 0x00000000ed800000, 0x00000000ed800000|100%| E|CS|TAMS 0x00000000ed700000, 0x00000000ed700000| Complete 
| 216|0x00000000ed800000, 0x00000000ed900000, 0x00000000ed900000|100%| E|CS|TAMS 0x00000000ed800000, 0x00000000ed800000| Complete 
| 217|0x00000000ed900000, 0x00000000eda00000, 0x00000000eda00000|100%| E|CS|TAMS 0x00000000ed900000, 0x00000000ed900000| Complete 
| 218|0x00000000eda00000, 0x00000000edb00000, 0x00000000edb00000|100%| E|CS|TAMS 0x00000000eda00000, 0x00000000eda00000| Complete 
| 219|0x00000000edb00000, 0x00000000edc00000, 0x00000000edc00000|100%| E|CS|TAMS 0x00000000edb00000, 0x00000000edb00000| Complete 
| 220|0x00000000edc00000, 0x00000000edd00000, 0x00000000edd00000|100%| E|CS|TAMS 0x00000000edc00000, 0x00000000edc00000| Complete 
| 221|0x00000000edd00000, 0x00000000ede00000, 0x00000000ede00000|100%| E|CS|TAMS 0x00000000edd00000, 0x00000000edd00000| Complete 
| 222|0x00000000ede00000, 0x00000000edf00000, 0x00000000edf00000|100%| E|CS|TAMS 0x00000000ede00000, 0x00000000ede00000| Complete 
| 223|0x00000000edf00000, 0x00000000ee000000, 0x00000000ee000000|100%| E|CS|TAMS 0x00000000edf00000, 0x00000000edf00000| Complete 
| 224|0x00000000ee000000, 0x00000000ee100000, 0x00000000ee100000|100%| E|CS|TAMS 0x00000000ee000000, 0x00000000ee000000| Complete 
| 225|0x00000000ee100000, 0x00000000ee200000, 0x00000000ee200000|100%| E|CS|TAMS 0x00000000ee100000, 0x00000000ee100000| Complete 
| 226|0x00000000ee200000, 0x00000000ee300000, 0x00000000ee300000|100%| E|CS|TAMS 0x00000000ee200000, 0x00000000ee200000| Complete 
| 227|0x00000000ee300000, 0x00000000ee400000, 0x00000000ee400000|100%| E|CS|TAMS 0x00000000ee300000, 0x00000000ee300000| Complete 
| 228|0x00000000ee400000, 0x00000000ee500000, 0x00000000ee500000|100%| E|CS|TAMS 0x00000000ee400000, 0x00000000ee400000| Complete 
| 229|0x00000000ee500000, 0x00000000ee600000, 0x00000000ee600000|100%| E|CS|TAMS 0x00000000ee500000, 0x00000000ee500000| Complete 
| 230|0x00000000ee600000, 0x00000000ee700000, 0x00000000ee700000|100%| E|CS|TAMS 0x00000000ee600000, 0x00000000ee600000| Complete 
| 231|0x00000000ee700000, 0x00000000ee800000, 0x00000000ee800000|100%| E|CS|TAMS 0x00000000ee700000, 0x00000000ee700000| Complete 
| 232|0x00000000ee800000, 0x00000000ee900000, 0x00000000ee900000|100%| E|CS|TAMS 0x00000000ee800000, 0x00000000ee800000| Complete 
| 233|0x00000000ee900000, 0x00000000eea00000, 0x00000000eea00000|100%| E|CS|TAMS 0x00000000ee900000, 0x00000000ee900000| Complete 
| 234|0x00000000eea00000, 0x00000000eeb00000, 0x00000000eeb00000|100%| E|CS|TAMS 0x00000000eea00000, 0x00000000eea00000| Complete 
| 235|0x00000000eeb00000, 0x00000000eec00000, 0x00000000eec00000|100%| E|CS|TAMS 0x00000000eeb00000, 0x00000000eeb00000| Complete 
| 236|0x00000000eec00000, 0x00000000eed00000, 0x00000000eed00000|100%| E|CS|TAMS 0x00000000eec00000, 0x00000000eec00000| Complete 
| 237|0x00000000eed00000, 0x00000000eee00000, 0x00000000eee00000|100%| E|CS|TAMS 0x00000000eed00000, 0x00000000eed00000| Complete 
| 238|0x00000000eee00000, 0x00000000eef00000, 0x00000000eef00000|100%| E|CS|TAMS 0x00000000eee00000, 0x00000000eee00000| Complete 
| 239|0x00000000eef00000, 0x00000000ef000000, 0x00000000ef000000|100%| E|CS|TAMS 0x00000000eef00000, 0x00000000eef00000| Complete 
| 240|0x00000000ef000000, 0x00000000ef100000, 0x00000000ef100000|100%| E|CS|TAMS 0x00000000ef000000, 0x00000000ef000000| Complete 
| 241|0x00000000ef100000, 0x00000000ef200000, 0x00000000ef200000|100%| E|CS|TAMS 0x00000000ef100000, 0x00000000ef100000| Complete 
| 242|0x00000000ef200000, 0x00000000ef300000, 0x00000000ef300000|100%| E|CS|TAMS 0x00000000ef200000, 0x00000000ef200000| Complete 
| 243|0x00000000ef300000, 0x00000000ef400000, 0x00000000ef400000|100%| E|CS|TAMS 0x00000000ef300000, 0x00000000ef300000| Complete 
| 244|0x00000000ef400000, 0x00000000ef500000, 0x00000000ef500000|100%| E|CS|TAMS 0x00000000ef400000, 0x00000000ef400000| Complete 
| 245|0x00000000ef500000, 0x00000000ef600000, 0x00000000ef600000|100%| E|CS|TAMS 0x00000000ef500000, 0x00000000ef500000| Complete 
| 246|0x00000000ef600000, 0x00000000ef700000, 0x00000000ef700000|100%| E|CS|TAMS 0x00000000ef600000, 0x00000000ef600000| Complete 
| 247|0x00000000ef700000, 0x00000000ef800000, 0x00000000ef800000|100%| E|CS|TAMS 0x00000000ef700000, 0x00000000ef700000| Complete 
| 248|0x00000000ef800000, 0x00000000ef900000, 0x00000000ef900000|100%| E|CS|TAMS 0x00000000ef800000, 0x00000000ef800000| Complete 
| 249|0x00000000ef900000, 0x00000000efa00000, 0x00000000efa00000|100%| E|CS|TAMS 0x00000000ef900000, 0x00000000ef900000| Complete 
| 250|0x00000000efa00000, 0x00000000efb00000, 0x00000000efb00000|100%| E|CS|TAMS 0x00000000efa00000, 0x00000000efa00000| Complete 
| 251|0x00000000efb00000, 0x00000000efc00000, 0x00000000efc00000|100%| E|CS|TAMS 0x00000000efb00000, 0x00000000efb00000| Complete 
| 252|0x00000000efc00000, 0x00000000efd00000, 0x00000000efd00000|100%| E|CS|TAMS 0x00000000efc00000, 0x00000000efc00000| Complete 
| 253|0x00000000efd00000, 0x00000000efe00000, 0x00000000efe00000|100%| E|CS|TAMS 0x00000000efd00000, 0x00000000efd00000| Complete 
| 254|0x00000000efe00000, 0x00000000eff00000, 0x00000000eff00000|100%| E|CS|TAMS 0x00000000efe00000, 0x00000000efe00000| Complete 
| 255|0x00000000eff00000, 0x00000000f0000000, 0x00000000f0000000|100%| E|CS|TAMS 0x00000000eff00000, 0x00000000eff00000| Complete 

Card table byte_map: [0x000001bf600d0000,0x000001bf601d0000] _byte_map_base: 0x000001bf5f9d0000

Marking Bits (Prev, Next): (CMBitMap*) 0x000001bf485385d8, (CMBitMap*) 0x000001bf48538610
 Prev Bits: [0x000001bf602d0000, 0x000001bf60ad0000)
 Next Bits: [0x000001bf60ad0000, 0x000001bf612d0000)

Polling page: 0x000001bf47c10000

Metaspace:

Usage:
  Non-class:     49.04 MB capacity,    47.98 MB ( 98%) used,   889.50 KB (  2%) free+waste,   196.94 KB ( <1%) overhead. 
      Class:      7.98 MB capacity,     7.30 MB ( 92%) used,   597.54 KB (  7%) free+waste,    96.81 KB (  1%) overhead. 
       Both:     57.02 MB capacity,    55.28 MB ( 97%) used,     1.45 MB (  3%) free+waste,   293.75 KB ( <1%) overhead. 

Virtual space:
  Non-class space:       50.00 MB reserved,      49.17 MB ( 98%) committed 
      Class space:      376.00 MB reserved,       8.00 MB (  2%) committed 
             Both:      426.00 MB reserved,      57.17 MB ( 13%) committed 

Chunk freelists:
   Non-Class:  5.00 KB
       Class:  0 bytes
        Both:  5.00 KB

MaxMetaspaceSize: 384.00 MB
CompressedClassSpaceSize: 376.00 MB
Initial GC threshold: 20.80 MB
Current GC threshold: 58.41 MB
CDS: off

CodeHeap 'non-profiled nmethods': size=120000Kb used=3314Kb max_used=3314Kb free=116686Kb
 bounds [0x000001bf58770000, 0x000001bf58ab0000, 0x000001bf5fca0000]
CodeHeap 'profiled nmethods': size=120000Kb used=10981Kb max_used=10981Kb free=109018Kb
 bounds [0x000001bf51240000, 0x000001bf51d00000, 0x000001bf58770000]
CodeHeap 'non-nmethods': size=5760Kb used=2305Kb max_used=2350Kb free=3454Kb
 bounds [0x000001bf50ca0000, 0x000001bf50f10000, 0x000001bf51240000]
 total_blobs=5832 nmethods=5025 adapters=719
 compilation: enabled
              stopped_count=0, restarted_count=0
 full_count=0

Compilation events (20 events):
Event: 4.731 Thread 0x000001bf645ce000 nmethod 5026 0x000001bf51cef190 code [0x000001bf51cef360, 0x000001bf51cef638]
Event: 4.731 Thread 0x000001bf645ce000 5030       1       org.gradle.internal.execution.model.annotations.ModifierAnnotationCategory::getDisplayName (5 bytes)
Event: 4.731 Thread 0x000001bf645ce000 nmethod 5030 0x000001bf58aab610 code [0x000001bf58aab7c0, 0x000001bf58aab878]
Event: 4.731 Thread 0x000001bf645ce000 5029       3       com.google.common.collect.ImmutableMap::keySet (23 bytes)
Event: 4.731 Thread 0x000001bf645ce000 nmethod 5029 0x000001bf51cef790 code [0x000001bf51cef960, 0x000001bf51cefbc8]
Event: 4.731 Thread 0x000001bf645ce000 5027       1       org.gradle.internal.reflect.annotations.impl.DefaultTypeAnnotationMetadataStore$PropertyAnnotationMetadataBuilder::overrideMethod (6 bytes)
Event: 4.731 Thread 0x000001bf645ce000 nmethod 5027 0x000001bf58aab910 code [0x000001bf58aabac0, 0x000001bf58aabbb8]
Event: 4.731 Thread 0x000001bf645ce000 5031       3       com.google.common.collect.ImmutableSet$Builder::<init> (31 bytes)
Event: 4.731 Thread 0x000001bf645ce000 nmethod 5031 0x000001bf51cefc90 code [0x000001bf51cefe80, 0x000001bf51cf0438]
Event: 4.731 Thread 0x000001bf645ce000 5032       3       com.google.common.collect.ImmutableSet$Builder::build (32 bytes)
Event: 4.732 Thread 0x000001bf645ce000 nmethod 5032 0x000001bf51cf0610 code [0x000001bf51cf0800, 0x000001bf51cf0c28]
Event: 4.732 Thread 0x000001bf645ce000 5033       3       java.lang.invoke.MethodHandles::constant (87 bytes)
Event: 4.732 Thread 0x000001bf645ce000 nmethod 5033 0x000001bf51cf0d90 code [0x000001bf51cf10a0, 0x000001bf51cf1f78]
Event: 4.734 Thread 0x000001bf645ce000 5034       3       com.google.common.collect.RegularImmutableMap$KeySet::size (8 bytes)
Event: 4.734 Thread 0x000001bf645ce000 nmethod 5034 0x000001bf51cf2490 code [0x000001bf51cf2640, 0x000001bf51cf27b8]
Event: 4.734 Thread 0x000001bf645ce000 5035       3       com.google.common.reflect.TypeToken$SimpleTypeToken::<init> (7 bytes)
Event: 4.734 Thread 0x000001bf645ce000 nmethod 5035 0x000001bf51cf2890 code [0x000001bf51cf2a80, 0x000001bf51cf2fa8]
Event: 4.734 Thread 0x000001bf645ce000 5040       3       org.gradle.internal.reflect.annotations.impl.DefaultTypeAnnotationMetadataStore::processMethodAnnotations (239 bytes)
Event: 4.737 Thread 0x000001bf645ce000 nmethod 5040 0x000001bf51cf3190 code [0x000001bf51cf38a0, 0x000001bf51cf7f78]
Event: 4.738 Thread 0x000001bf645ce000 5052       3       org.gradle.internal.reflect.PropertyAccessorType::of (101 bytes)

GC Heap History (11 events):
Event: 0.346 GC heap before
{Heap before GC invocations=0 (full 0):
 garbage-first heap   total 262144K, used 27648K [0x00000000e0000000, 0x0000000100000000)
  region size 1024K, 24 young (24576K), 0 survivors (0K)
 Metaspace       used 7728K, capacity 7897K, committed 7936K, reserved 393216K
  class space    used 677K, capacity 758K, committed 768K, reserved 385024K
}
Event: 0.349 GC heap after
{Heap after GC invocations=1 (full 0):
 garbage-first heap   total 262144K, used 10036K [0x00000000e0000000, 0x0000000100000000)
  region size 1024K, 3 young (3072K), 3 survivors (3072K)
 Metaspace       used 7728K, capacity 7897K, committed 7936K, reserved 393216K
  class space    used 677K, capacity 758K, committed 768K, reserved 385024K
}
Event: 1.782 GC heap before
{Heap before GC invocations=1 (full 0):
 garbage-first heap   total 262144K, used 152372K [0x00000000e0000000, 0x0000000100000000)
  region size 1024K, 141 young (144384K), 3 survivors (3072K)
 Metaspace       used 20732K, capacity 21187K, committed 21248K, reserved 405504K
  class space    used 2370K, capacity 2529K, committed 2560K, reserved 385024K
}
Event: 1.792 GC heap after
{Heap after GC invocations=2 (full 0):
 garbage-first heap   total 262144K, used 19779K [0x00000000e0000000, 0x0000000100000000)
  region size 1024K, 12 young (12288K), 12 survivors (12288K)
 Metaspace       used 20732K, capacity 21187K, committed 21248K, reserved 405504K
  class space    used 2370K, capacity 2529K, committed 2560K, reserved 385024K
}
Event: 2.194 GC heap before
{Heap before GC invocations=3 (full 0):
 garbage-first heap   total 262144K, used 98627K [0x00000000e0000000, 0x0000000100000000)
  region size 1024K, 89 young (91136K), 12 survivors (12288K)
 Metaspace       used 26022K, capacity 26719K, committed 26752K, reserved 409600K
  class space    used 3225K, capacity 3448K, committed 3456K, reserved 385024K
}
Event: 2.200 GC heap after
{Heap after GC invocations=4 (full 0):
 garbage-first heap   total 262144K, used 21654K [0x00000000e0000000, 0x0000000100000000)
  region size 1024K, 3 young (3072K), 3 survivors (3072K)
 Metaspace       used 26022K, capacity 26719K, committed 26752K, reserved 409600K
  class space    used 3225K, capacity 3448K, committed 3456K, reserved 385024K
}
Event: 2.939 GC heap before
{Heap before GC invocations=4 (full 0):
 garbage-first heap   total 262144K, used 162966K [0x00000000e0000000, 0x0000000100000000)
  region size 1024K, 142 young (145408K), 3 survivors (3072K)
 Metaspace       used 34630K, capacity 35484K, committed 35628K, reserved 415744K
  class space    used 4580K, capacity 4931K, committed 4992K, reserved 385024K
}
Event: 2.944 GC heap after
{Heap after GC invocations=5 (full 0):
 garbage-first heap   total 262144K, used 24876K [0x00000000e0000000, 0x0000000100000000)
  region size 1024K, 6 young (6144K), 6 survivors (6144K)
 Metaspace       used 34630K, capacity 35484K, committed 35628K, reserved 415744K
  class space    used 4580K, capacity 4931K, committed 4992K, reserved 385024K
}
Event: 3.959 GC heap before
{Heap before GC invocations=6 (full 0):
 garbage-first heap   total 262144K, used 179500K [0x00000000e0000000, 0x0000000100000000)
  region size 1024K, 153 young (156672K), 6 survivors (6144K)
 Metaspace       used 47898K, capacity 49198K, committed 49452K, reserved 428032K
  class space    used 6204K, capacity 6687K, committed 6784K, reserved 385024K
}
Event: 3.966 GC heap after
{Heap after GC invocations=7 (full 0):
 garbage-first heap   total 262144K, used 34148K [0x00000000e0000000, 0x0000000100000000)
  region size 1024K, 15 young (15360K), 15 survivors (15360K)
 Metaspace       used 47898K, capacity 49198K, committed 49452K, reserved 428032K
  class space    used 6204K, capacity 6687K, committed 6784K, reserved 385024K
}
Event: 4.739 GC heap before
{Heap before GC invocations=7 (full 0):
 garbage-first heap   total 262144K, used 176484K [0x00000000e0000000, 0x0000000100000000)
  region size 1024K, 153 young (156672K), 15 survivors (15360K)
 Metaspace       used 56605K, capacity 58386K, committed 58540K, reserved 436224K
  class space    used 7476K, capacity 8171K, committed 8192K, reserved 385024K
}

Deoptimization events (20 events):
Event: 4.563 Thread 0x000001bf66d92000 Uncommon trap: trap_request=0xffffff4d fr.pc=0x000001bf58a7d128 relative=0x0000000000002fa8
Event: 4.563 Thread 0x000001bf66d92000 Uncommon trap: reason=unstable_if action=reinterpret pc=0x000001bf58a7d128 method=org.objectweb.asm.Type.getTypeInternal(Ljava/lang/String;II)Lorg/objectweb/asm/Type; @ 5 c2
Event: 4.563 Thread 0x000001bf66d92000 DEOPT PACKING pc=0x000001bf58a7d128 sp=0x00000078ff8f8200
Event: 4.563 Thread 0x000001bf66d92000 DEOPT UNPACKING pc=0x000001bf50cea1af sp=0x00000078ff8f8040 mode 2
Event: 4.563 Thread 0x000001bf66d92000 Uncommon trap: trap_request=0xffffff4d fr.pc=0x000001bf58a7146c relative=0x00000000000008ec
Event: 4.563 Thread 0x000001bf66d92000 Uncommon trap: reason=unstable_if action=reinterpret pc=0x000001bf58a7146c method=org.objectweb.asm.Frame.accept(Lorg/objectweb/asm/MethodWriter;)V @ 32 c2
Event: 4.563 Thread 0x000001bf66d92000 DEOPT PACKING pc=0x000001bf58a7146c sp=0x00000078ff8f8190
Event: 4.563 Thread 0x000001bf66d92000 DEOPT UNPACKING pc=0x000001bf50cea1af sp=0x00000078ff8f8140 mode 2
Event: 4.638 Thread 0x000001bf66d92000 Uncommon trap: trap_request=0xffffffde fr.pc=0x000001bf588de650 relative=0x0000000000000310
Event: 4.638 Thread 0x000001bf66d92000 Uncommon trap: reason=class_check action=maybe_recompile pc=0x000001bf588de650 method=java.util.Collections$SetFromMap.remove(Ljava/lang/Object;)Z @ 5 c2
Event: 4.638 Thread 0x000001bf66d92000 DEOPT PACKING pc=0x000001bf588de650 sp=0x00000078ff8fad50
Event: 4.638 Thread 0x000001bf66d92000 DEOPT UNPACKING pc=0x000001bf50cea1af sp=0x00000078ff8fad38 mode 2
Event: 4.730 Thread 0x000001bf66d92000 Uncommon trap: trap_request=0xffffffde fr.pc=0x000001bf58a5f708 relative=0x0000000000001ce8
Event: 4.730 Thread 0x000001bf66d92000 Uncommon trap: reason=class_check action=maybe_recompile pc=0x000001bf58a5f708 method=com.google.common.reflect.TypeVisitor.visit([Ljava/lang/reflect/Type;)V @ 99 c2
Event: 4.730 Thread 0x000001bf66d92000 DEOPT PACKING pc=0x000001bf58a5f708 sp=0x00000078ff8fa0d0
Event: 4.730 Thread 0x000001bf66d92000 DEOPT UNPACKING pc=0x000001bf50cea1af sp=0x00000078ff8fa0d8 mode 2
Event: 4.734 Thread 0x000001bf66d92000 Uncommon trap: trap_request=0xffffff4d fr.pc=0x000001bf58a316e8 relative=0x0000000000000308
Event: 4.734 Thread 0x000001bf66d92000 Uncommon trap: reason=unstable_if action=reinterpret pc=0x000001bf58a316e8 method=org.gradle.internal.reflect.PropertyAccessorType.isSetterName(Ljava/lang/String;)Z @ 14 c2
Event: 4.734 Thread 0x000001bf66d92000 DEOPT PACKING pc=0x000001bf58a316e8 sp=0x00000078ff8f9520
Event: 4.734 Thread 0x000001bf66d92000 DEOPT UNPACKING pc=0x000001bf50cea1af sp=0x00000078ff8f9480 mode 2

Classes redefined (0 events):
No events

Internal exceptions (20 events):
Event: 4.547 Thread 0x000001bf66d92000 Exception <a 'java/lang/ClassNotFoundException'{0x00000000e98291e8}: org/gradle/api/internal/plugins/NaggingBasePluginConventionCustomizer> (0x00000000e98291e8) thrown at [s\src\hotspot\share\classfile\systemDictionary.cpp, line 230]
Event: 4.548 Thread 0x000001bf66d92000 Exception <a 'java/lang/ClassNotFoundException'{0x00000000e98a7970}: org/gradle/api/plugins/internal/NaggingJavaPluginConventionBeanInfo> (0x00000000e98a7970) thrown at [s\src\hotspot\share\classfile\systemDictionary.cpp, line 230]
Event: 4.549 Thread 0x000001bf66d92000 Exception <a 'java/lang/ClassNotFoundException'{0x00000000e98e1ca8}: org/gradle/api/plugins/JavaPluginConventionBeanInfo> (0x00000000e98e1ca8) thrown at [s\src\hotspot\share\classfile\systemDictionary.cpp, line 230]
Event: 4.549 Thread 0x000001bf66d92000 Exception <a 'java/lang/ClassNotFoundException'{0x00000000e971c800}: org/gradle/api/plugins/JavaPluginConventionCustomizer> (0x00000000e971c800) thrown at [s\src\hotspot\share\classfile\systemDictionary.cpp, line 230]
Event: 4.550 Thread 0x000001bf66d92000 Exception <a 'java/lang/ClassNotFoundException'{0x00000000e9771fd8}: org/gradle/api/plugins/internal/NaggingJavaPluginConventionCustomizer> (0x00000000e9771fd8) thrown at [s\src\hotspot\share\classfile\systemDictionary.cpp, line 230]
Event: 4.619 Thread 0x000001bf66d92000 Exception <a 'java/lang/ClassNotFoundException'{0x00000000e89b8100}: org/gradle/api/tasks/testing/Test_DecoratedBeanInfo> (0x00000000e89b8100) thrown at [s\src\hotspot\share\classfile\systemDictionary.cpp, line 230]
Event: 4.620 Thread 0x000001bf66d92000 Exception <a 'java/lang/ClassNotFoundException'{0x00000000e89ee148}: org/gradle/api/tasks/testing/TestBeanInfo> (0x00000000e89ee148) thrown at [s\src\hotspot\share\classfile\systemDictionary.cpp, line 230]
Event: 4.620 Thread 0x000001bf66d92000 Exception <a 'java/lang/ClassNotFoundException'{0x00000000e882ae28}: org/gradle/api/tasks/testing/AbstractTestTaskBeanInfo> (0x00000000e882ae28) thrown at [s\src\hotspot\share\classfile\systemDictionary.cpp, line 230]
Event: 4.620 Thread 0x000001bf66d92000 Exception <a 'java/lang/ClassNotFoundException'{0x00000000e8858418}: org/gradle/api/internal/ConventionTaskBeanInfo> (0x00000000e8858418) thrown at [s\src\hotspot\share\classfile\systemDictionary.cpp, line 230]
Event: 4.621 Thread 0x000001bf66d92000 Exception <a 'java/lang/ClassNotFoundException'{0x00000000e8881858}: org/gradle/api/DefaultTaskBeanInfo> (0x00000000e8881858) thrown at [s\src\hotspot\share\classfile\systemDictionary.cpp, line 230]
Event: 4.621 Thread 0x000001bf66d92000 Exception <a 'java/lang/ClassNotFoundException'{0x00000000e88ae670}: org/gradle/api/internal/AbstractTaskBeanInfo> (0x00000000e88ae670) thrown at [s\src\hotspot\share\classfile\systemDictionary.cpp, line 230]
Event: 4.621 Thread 0x000001bf66d92000 Exception <a 'java/lang/ClassNotFoundException'{0x00000000e88dbc38}: org/gradle/api/internal/AbstractTaskCustomizer> (0x00000000e88dbc38) thrown at [s\src\hotspot\share\classfile\systemDictionary.cpp, line 230]
Event: 4.623 Thread 0x000001bf66d92000 Exception <a 'java/lang/ClassNotFoundException'{0x00000000e8756458}: org/gradle/api/DefaultTaskCustomizer> (0x00000000e8756458) thrown at [s\src\hotspot\share\classfile\systemDictionary.cpp, line 230]
Event: 4.625 Thread 0x000001bf66d92000 Exception <a 'java/lang/ClassNotFoundException'{0x00000000e87dc868}: org/gradle/api/internal/ConventionTaskCustomizer> (0x00000000e87dc868) thrown at [s\src\hotspot\share\classfile\systemDictionary.cpp, line 230]
Event: 4.626 Thread 0x000001bf66d92000 Exception <a 'java/lang/ClassNotFoundException'{0x00000000e8629588}: org/gradle/api/tasks/testing/AbstractTestTaskCustomizer> (0x00000000e8629588) thrown at [s\src\hotspot\share\classfile\systemDictionary.cpp, line 230]
Event: 4.627 Thread 0x000001bf66d92000 Exception <a 'java/lang/ClassNotFoundException'{0x00000000e867e518}: org/gradle/api/tasks/testing/TestCustomizer> (0x00000000e867e518) thrown at [s\src\hotspot\share\classfile\systemDictionary.cpp, line 230]
Event: 4.630 Thread 0x000001bf66d92000 Exception <a 'java/lang/ClassNotFoundException'{0x00000000e855f5a8}: org/gradle/api/tasks/testing/Test_DecoratedCustomizer> (0x00000000e855f5a8) thrown at [s\src\hotspot\share\classfile\systemDictionary.cpp, line 230]
Event: 4.672 Thread 0x000001bf66d92000 Exception <a 'java/lang/NoSuchMethodError'{0x00000000e7f91a08}: 'int java.lang.invoke.DirectMethodHandle$Holder.invokeInterface(java.lang.Object, java.lang.Object, java.lang.Object, java.lang.Object)'> (0x00000000e7f91a08) thrown at [s\src\hotspot\share\interpreter\linkResolver.cpp, line 773]
Event: 4.737 Thread 0x000001bf66d92000 Exception <a 'java/lang/NoSuchMethodError'{0x00000000e76c28c0}: 'java.lang.Object java.lang.invoke.DirectMethodHandle$Holder.invokeStatic(java.lang.Object, java.lang.Object, java.lang.Object, java.lang.Object, java.lang.Object, java.lang.Object, int)'> (0x00000000e76c28c0) thrown at [s\src\hotspot\share\interpreter\linkResolver.cpp, line 773]
Event: 4.737 Thread 0x000001bf66d92000 Exception <a 'java/lang/NoSuchMethodError'{0x00000000e76c7550}: 'java.lang.Object java.lang.invoke.DirectMethodHandle$Holder.invokeSpecial(java.lang.Object, java.lang.Object, java.lang.Object, java.lang.Object, java.lang.Object, java.lang.Object, java.lang.Object, int)'> (0x00000000e76c7550) thrown at [s\src\hotspot\share\interpreter\linkResolver.cpp, line 773]

Events (20 events):
Event: 4.736 loading class org/gradle/api/Action done
Event: 4.736 loading class org/gradle/internal/reflect/validation/TypeAwareProblemBuilder
Event: 4.736 loading class org/gradle/internal/reflect/validation/TypeAwareProblemBuilder done
Event: 4.736 loading class org/gradle/api/Action
Event: 4.736 loading class org/gradle/api/Action done
Event: 4.736 loading class org/gradle/internal/reflect/annotations/PropertyAnnotationMetadata
Event: 4.736 loading class org/gradle/internal/reflect/annotations/PropertyAnnotationMetadata done
Event: 4.736 loading class org/gradle/internal/reflect/validation/TypeAwareProblemBuilder
Event: 4.736 loading class org/gradle/internal/reflect/validation/TypeAwareProblemBuilder done
Event: 4.736 loading class org/gradle/internal/reflect/annotations/PropertyAnnotationMetadata
Event: 4.736 loading class org/gradle/internal/reflect/annotations/PropertyAnnotationMetadata done
Event: 4.736 loading class org/gradle/internal/properties/annotations/PropertyMetadata
Event: 4.736 loading class org/gradle/internal/properties/annotations/PropertyMetadata done
Event: 4.736 loading class org/gradle/internal/properties/annotations/AbstractTypeMetadataWalker
Event: 4.736 loading class org/gradle/internal/properties/annotations/AbstractTypeMetadataWalker done
Event: 4.737 loading class org/gradle/api/internal/tasks/compile/JavaCompileExecutableUtils
Event: 4.737 loading class org/gradle/api/internal/tasks/compile/JavaCompileExecutableUtils done
Event: 4.738 loading class org/gradle/jvm/toolchain/internal/JavaToolchainQueryService$ToolchainLookupKey
Event: 4.738 loading class org/gradle/jvm/toolchain/internal/JavaToolchainQueryService$ToolchainLookupKey done
Event: 4.739 Executing VM operation: G1CollectForAllocation


Dynamic libraries:
0x00007ff640370000 - 0x00007ff64037e000 	C:\Users\PORTISHEAD\.jdks\corretto-11.0.24\bin\java.exe
0x00007fff51420000 - 0x00007fff51683000 	C:\WINDOWS\SYSTEM32\ntdll.dll
0x00007fff50150000 - 0x00007fff50218000 	C:\WINDOWS\System32\KERNEL32.DLL
0x00007fff4e810000 - 0x00007fff4ebc1000 	C:\WINDOWS\System32\KERNELBASE.dll
0x00007fff4f140000 - 0x00007fff4f28b000 	C:\WINDOWS\System32\ucrtbase.dll
0x00007fff21450000 - 0x00007fff21467000 	C:\Users\PORTISHEAD\.jdks\corretto-11.0.24\bin\jli.dll
0x00007fff21430000 - 0x00007fff2144b000 	C:\Users\PORTISHEAD\.jdks\corretto-11.0.24\bin\VCRUNTIME140.dll
0x00007fff4f9a0000 - 0x00007fff4fb68000 	C:\WINDOWS\System32\USER32.dll
0x00007fff4f110000 - 0x00007fff4f137000 	C:\WINDOWS\System32\win32u.dll
0x00007fff1de20000 - 0x00007fff1e0b0000 	C:\WINDOWS\WinSxS\amd64_microsoft.windows.common-controls_6595b64144ccf1df_6.0.26100.2161_none_3e0cadb0e33078e1\COMCTL32.dll
0x00007fff513a0000 - 0x00007fff513ca000 	C:\WINDOWS\System32\GDI32.dll
0x00007fff4fb70000 - 0x00007fff4fc19000 	C:\WINDOWS\System32\msvcrt.dll
0x00007fff4ecf0000 - 0x00007fff4ee15000 	C:\WINDOWS\System32\gdi32full.dll
0x00007fff4eee0000 - 0x00007fff4ef83000 	C:\WINDOWS\System32\msvcp_win.dll
0x00007fff4f400000 - 0x00007fff4f42f000 	C:\WINDOWS\System32\IMM32.DLL
0x00007fff21630000 - 0x00007fff2163c000 	C:\Users\PORTISHEAD\.jdks\corretto-11.0.24\bin\vcruntime140_1.dll
0x00007ffed5820000 - 0x00007ffed58ad000 	C:\Users\PORTISHEAD\.jdks\corretto-11.0.24\bin\msvcp140.dll
0x00007ffed4c50000 - 0x00007ffed5815000 	C:\Users\PORTISHEAD\.jdks\corretto-11.0.24\bin\server\jvm.dll
0x00007fff4fd30000 - 0x00007fff4fde4000 	C:\WINDOWS\System32\ADVAPI32.dll
0x00007fff4f440000 - 0x00007fff4f4e6000 	C:\WINDOWS\System32\sechost.dll
0x00007fff4f880000 - 0x00007fff4f996000 	C:\WINDOWS\System32\RPCRT4.dll
0x00007fff4f870000 - 0x00007fff4f878000 	C:\WINDOWS\System32\PSAPI.DLL
0x00007fff41230000 - 0x00007fff41266000 	C:\WINDOWS\SYSTEM32\WINMM.dll
0x00007fff47e20000 - 0x00007fff47e2b000 	C:\WINDOWS\SYSTEM32\VERSION.dll
0x00007fff144b0000 - 0x00007fff144ba000 	C:\WINDOWS\SYSTEM32\WSOCK32.dll
0x00007fff4fcb0000 - 0x00007fff4fd24000 	C:\WINDOWS\System32\WS2_32.dll
0x00007fff4d770000 - 0x00007fff4d78a000 	C:\WINDOWS\SYSTEM32\kernel.appcore.dll
0x00007fff214e0000 - 0x00007fff214f0000 	C:\Users\PORTISHEAD\.jdks\corretto-11.0.24\bin\verify.dll
0x00007fff343a0000 - 0x00007fff345e1000 	C:\WINDOWS\SYSTEM32\DBGHELP.DLL
0x00007fff4f4f0000 - 0x00007fff4f86d000 	C:\WINDOWS\System32\combase.dll
0x00007fff50220000 - 0x00007fff502f6000 	C:\WINDOWS\System32\OLEAUT32.dll
0x00007fff31b80000 - 0x00007fff31bb9000 	C:\WINDOWS\SYSTEM32\dbgcore.DLL
0x00007fff4ec50000 - 0x00007fff4ece9000 	C:\WINDOWS\System32\bcryptPrimitives.dll
0x00007fff19cb0000 - 0x00007fff19cd8000 	C:\Users\PORTISHEAD\.jdks\corretto-11.0.24\bin\java.dll
0x00007fff214c0000 - 0x00007fff214ca000 	C:\Users\PORTISHEAD\.jdks\corretto-11.0.24\bin\jimage.dll
0x00007fff1dab0000 - 0x00007fff1dabe000 	C:\Users\PORTISHEAD\.jdks\corretto-11.0.24\bin\instrument.dll
0x00007fff1a520000 - 0x00007fff1a538000 	C:\Users\PORTISHEAD\.jdks\corretto-11.0.24\bin\zip.dll
0x00007fff50c90000 - 0x00007fff5138f000 	C:\WINDOWS\System32\SHELL32.dll
0x00007fff4c580000 - 0x00007fff4cdad000 	C:\WINDOWS\SYSTEM32\windows.storage.dll
0x00007fff505e0000 - 0x00007fff506b3000 	C:\WINDOWS\System32\SHCORE.dll
0x00007fff4fdf0000 - 0x00007fff4fe4d000 	C:\WINDOWS\System32\shlwapi.dll
0x00007fff4e720000 - 0x00007fff4e74e000 	C:\WINDOWS\SYSTEM32\profapi.dll
0x00007fff18040000 - 0x00007fff18059000 	C:\Users\PORTISHEAD\.jdks\corretto-11.0.24\bin\net.dll
0x00007fff47180000 - 0x00007fff472a6000 	C:\WINDOWS\SYSTEM32\WINHTTP.dll
0x00007fff4dc70000 - 0x00007fff4dcd8000 	C:\WINDOWS\system32\mswsock.dll
0x00007fff0c700000 - 0x00007fff0c712000 	C:\Users\PORTISHEAD\.jdks\corretto-11.0.24\bin\nio.dll
0x00007fff214f0000 - 0x00007fff21517000 	C:\Tools\gradle-8.10.2\native\c067742578af261105cb4f569cf0c3c89f3d7b1fecec35dd04571415982c5e48\windows-amd64\native-platform.dll
0x00007ffed4910000 - 0x00007ffed4a54000 	C:\Tools\gradle-8.10.2\native\100fb08df4bc3b14c8652ba06237920a3bd2aa13389f12d3474272988ae205f9\windows-amd64\native-platform-file-events.dll
0x00007fff19c40000 - 0x00007fff19c49000 	C:\Users\PORTISHEAD\.jdks\corretto-11.0.24\bin\management.dll
0x00007fff0d010000 - 0x00007fff0d01b000 	C:\Users\PORTISHEAD\.jdks\corretto-11.0.24\bin\management_ext.dll
0x00007fff4df10000 - 0x00007fff4df2c000 	C:\WINDOWS\SYSTEM32\CRYPTSP.dll
0x00007fff4d6d0000 - 0x00007fff4d708000 	C:\WINDOWS\system32\rsaenh.dll
0x00007fff4dd10000 - 0x00007fff4dd3b000 	C:\WINDOWS\SYSTEM32\USERENV.dll
0x00007fff4e150000 - 0x00007fff4e176000 	C:\WINDOWS\SYSTEM32\bcrypt.dll
0x00007fff4df30000 - 0x00007fff4df3c000 	C:\WINDOWS\SYSTEM32\CRYPTBASE.dll
0x00007fff4d180000 - 0x00007fff4d1b1000 	C:\WINDOWS\SYSTEM32\IPHLPAPI.DLL
0x00007fff50c80000 - 0x00007fff50c8a000 	C:\WINDOWS\System32\NSI.dll
0x00007fff476d0000 - 0x00007fff476ee000 	C:\WINDOWS\SYSTEM32\dhcpcsvc6.DLL
0x00007fff470c0000 - 0x00007fff470e5000 	C:\WINDOWS\SYSTEM32\dhcpcsvc.DLL
0x00007fff4d220000 - 0x00007fff4d345000 	C:\WINDOWS\SYSTEM32\DNSAPI.dll

dbghelp: loaded successfully - version: 4.0.5 - missing functions: none
symbol engine: initialized successfully - sym options: 0x614 - pdb path: .;C:\Users\PORTISHEAD\.jdks\corretto-11.0.24\bin;C:\WINDOWS\SYSTEM32;C:\WINDOWS\WinSxS\amd64_microsoft.windows.common-controls_6595b64144ccf1df_6.0.26100.2161_none_3e0cadb0e33078e1;C:\Users\PORTISHEAD\.jdks\corretto-11.0.24\bin\server;C:\Tools\gradle-8.10.2\native\c067742578af261105cb4f569cf0c3c89f3d7b1fecec35dd04571415982c5e48\windows-amd64;C:\Tools\gradle-8.10.2\native\100fb08df4bc3b14c8652ba06237920a3bd2aa13389f12d3474272988ae205f9\windows-amd64

VM Arguments:
jvm_args: --add-opens=java.base/java.util=ALL-UNNAMED --add-opens=java.base/java.lang=ALL-UNNAMED --add-opens=java.base/java.lang.invoke=ALL-UNNAMED --add-opens=java.prefs/java.util.prefs=ALL-UNNAMED --add-exports=jdk.compiler/com.sun.tools.javac.api=ALL-UNNAMED --add-exports=jdk.compiler/com.sun.tools.javac.util=ALL-UNNAMED --add-opens=java.base/java.nio.charset=ALL-UNNAMED --add-opens=java.base/java.net=ALL-UNNAMED --add-opens=java.base/java.util.concurrent.atomic=ALL-UNNAMED -XX:MaxMetaspaceSize=384m -XX:+HeapDumpOnOutOfMemoryError -Xms256m -Xmx512m -Dfile.encoding=UTF-8 -Duser.country=RU -Duser.language=ru -Duser.variant -javaagent:C:\Tools\gradle-8.10.2\lib\agents\gradle-instrumentation-agent-8.10.2.jar 
java_command: org.gradle.launcher.daemon.bootstrap.GradleDaemon 8.10.2
java_class_path (initial): C:\Tools\gradle-8.10.2\lib\gradle-daemon-main-8.10.2.jar
Launcher Type: SUN_STANDARD

[Global flags]
     intx CICompilerCount                          = 4                                         {product} {ergonomic}
   size_t CompressedClassSpaceSize                 = 394264576                                 {product} {ergonomic}
     uint ConcGCThreads                            = 2                                         {product} {ergonomic}
     uint G1ConcRefinementThreads                  = 8                                         {product} {ergonomic}
   size_t G1HeapRegionSize                         = 1048576                                   {product} {ergonomic}
    uintx GCDrainStackTargetSize                   = 64                                        {product} {ergonomic}
     bool HeapDumpOnOutOfMemoryError               = true                                   {manageable} {command line}
   size_t InitialHeapSize                          = 268435456                                 {product} {command line}
   size_t MarkStackSize                            = 4194304                                   {product} {ergonomic}
   size_t MaxHeapSize                              = 536870912                                 {product} {command line}
   size_t MaxMetaspaceSize                         = 402653184                                 {product} {command line}
   size_t MaxNewSize                               = 321912832                                 {product} {ergonomic}
   size_t MinHeapDeltaBytes                        = 1048576                                   {product} {ergonomic}
    uintx NonNMethodCodeHeapSize                   = 5836300                                {pd product} {ergonomic}
    uintx NonProfiledCodeHeapSize                  = 122910970                              {pd product} {ergonomic}
    uintx ProfiledCodeHeapSize                     = 122910970                              {pd product} {ergonomic}
    uintx ReservedCodeCacheSize                    = 251658240                              {pd product} {ergonomic}
     bool SegmentedCodeCache                       = true                                      {product} {ergonomic}
     bool UseCompressedClassPointers               = true                                 {lp64_product} {ergonomic}
     bool UseCompressedOops                        = true                                 {lp64_product} {ergonomic}
     bool UseG1GC                                  = true                                      {product} {ergonomic}
     bool UseLargePagesIndividualAllocation        = false                                  {pd product} {ergonomic}

Logging:
Log output configuration:
 #0: stdout all=warning uptime,level,tags
 #1: stderr all=off uptime,level,tags

Environment Variables:
JAVA_HOME=C:\Users\PORTISHEAD\.jdks\corretto-11.0.24
PATH=C:\Users\PORTISHEAD\.jdks\corretto-11.0.24\bin;C:\Tools;C:\Tools\gradle-8.10.2\bin;C:\Tools\apache-maven-3.9.9\bin;C:\Program Files (x86)\Intel\Intel(R) Management Engine Components\iCLS\;C:\Program Files\Intel\Intel(R) Management Engine Components\iCLS\;c:\Users\PORTISHEAD\AppData\Local\Programs\cursor\resources\app\bin;C:\Program Files\Eclipse Adoptium\jdk-21.0.3.9-hotspot\bin;C:\Program Files\Common Files\Oracle\Java\javapath;C:\Program Files (x86)\Common Files\Oracle\Java\java8path;C:\Program Files (x86)\Common Files\Oracle\Java\javapath;C:\Program Files\nodejs\;C:\Program Files\nodejs\node.exe;\bin;C:\Users\PORTISHEAD\AppData\Local\Android\Sdk\emulator;C:\Users\PORTISHEAD\AppData\Local\Android\Sdk\tools;C:\Users\PORTISHEAD\AppData\Local\Android\Sdk\tools\bin;C:\Users\PORTISHEAD\AppData\Local\Android\Sdk\platform-tools;C:\Windows\system32;C:\Windows;C:\Windows\System32\Wbem;C:\Windows\System32\WindowsPowerShell\v1.0\;C:\Windows\System32\OpenSSH\;C:\Program Files (x86)\NVIDIA Corporation\PhysX\Common;C:\Program Files (x86)\dotnet\;C:\Program Files\dotnet\;C:\Program Files\Git\cmd;C:\Program Files\bottom\bi;C:\Program Files (x86)\Intel\Intel(R) Management Engine Components\DAL;C:\Program Files\Intel\Intel(R) Management Engine Components\DAL;C:\Program Files (x86)\Intel\Intel(R) Management Engine Components\IPT;C:\Program Files\Intel\Intel(R) Management Engine Components\IPT;C:\WINDOWS\system32;C:\WINDOWS;C:\WINDOWS\System32\Wbem;C:\WINDOWS\System32\WindowsPowerShell\v1.0\;C:\WINDOWS\System32\OpenSSH\;C:\Program Files\PowerShell\7\;C:\Tools\apache-jmeter-5.6.3\bin;C:\Users\PORTISHEAD\AppData\Local\Android\Sdk\emulator;C:\Users\PORTISHEAD\AppData\Local\Android\Sdk\tools;C:\Users\PORTISHEAD\AppData\Local\Android\Sdk\tools\bin;C:\Users\PORTISHEAD\AppData\Local\Android\Sdk\platform-tools;C:\Program Files\MySQL\MySQL Server 9.1\bin;C:\Program Files\MySQL\MySQL Shell 8.0\bin\;C:\Users\PORTISHEAD\AppData\Local\Programs\Python\Launcher\;C:\Users\PORTISHEAD\AppData\Local\
USERNAME=PORTISHEAD
OS=Windows_NT
PROCESSOR_IDENTIFIER=Intel64 Family 6 Model 158 Stepping 9, GenuineIntel
TMP=C:\Users\PORTISHEAD\AppData\Local\Temp
TEMP=C:\Users\PORTISHEAD\AppData\Local\Temp



---------------  S Y S T E M  ---------------

OS: Windows 11 , 64 bit Build 26100 (10.0.26100.2161)
OS uptime: 0 days 0:19 hours

CPU:total 8 (initial active 8) (4 cores per cpu, 2 threads per core) family 6 model 158 stepping 9 microcode 0xde, cmov, cx8, fxsr, mmx, sse, sse2, sse3, ssse3, sse4.1, sse4.2, popcnt, avx, avx2, aes, clmul, erms, rtm, 3dnowpref, lzcnt, ht, tsc, tscinvbit, bmi1, bmi2, adx, fma

Memory: 4k page, system-wide physical 32707M (20762M free)
TotalPageFile size 42947M (AvailPageFile size 27620M)
current process WorkingSet (physical memory assigned to process): 394M, peak: 397M
current process commit charge ("private bytes"): 496M, peak: 498M

vm_info: OpenJDK 64-Bit Server VM (11.0.24+8-LTS) for windows-amd64 JRE (11.0.24+8-LTS), built on Jul  9 2024 22:03:43 by "Administrator" with MS VC++ 16.10 / 16.11 (VS2019)

END.
